{"/home/ob/Development/Tools/mcp-hub/eslint.config.js": {"path":"/home/ob/Development/Tools/mcp-hub/eslint.config.js","all":true,"statementMap":{"0":{"start":{"line":1,"column":0},"end":{"line":1,"column":28}},"1":{"start":{"line":2,"column":0},"end":{"line":2,"column":30}},"2":{"start":{"line":3,"column":0},"end":{"line":3,"column":45}},"5":{"start":{"line":6,"column":0},"end":{"line":6,"column":29}},"6":{"start":{"line":7,"column":0},"end":{"line":7,"column":81}},"7":{"start":{"line":8,"column":0},"end":{"line":8,"column":79}},"8":{"start":{"line":9,"column":0},"end":{"line":9,"column":3}}},"s":{"0":0,"1":0,"2":0,"5":0,"6":0,"7":0,"8":0},"branchMap":{"0":{"type":"branch","line":1,"loc":{"start":{"line":1,"column":303},"end":{"line":9,"column":3}},"locations":[{"start":{"line":1,"column":303},"end":{"line":9,"column":3}}]}},"b":{"0":[0]},"fnMap":{"0":{"name":"(empty-report)","decl":{"start":{"line":1,"column":303},"end":{"line":9,"column":3}},"loc":{"start":{"line":1,"column":303},"end":{"line":9,"column":3}},"line":1}},"f":{"0":0}}
,"/home/ob/Development/Tools/mcp-hub/vitest.config.js": {"path":"/home/ob/Development/Tools/mcp-hub/vitest.config.js","all":true,"statementMap":{"0":{"start":{"line":1,"column":0},"end":{"line":1,"column":45}},"1":{"start":{"line":2,"column":0},"end":{"line":2,"column":24}},"3":{"start":{"line":4,"column":0},"end":{"line":4,"column":29}},"4":{"start":{"line":5,"column":0},"end":{"line":5,"column":9}},"5":{"start":{"line":6,"column":0},"end":{"line":6,"column":18}},"6":{"start":{"line":7,"column":0},"end":{"line":7,"column":24}},"7":{"start":{"line":8,"column":0},"end":{"line":8,"column":36}},"8":{"start":{"line":9,"column":0},"end":{"line":9,"column":37}},"9":{"start":{"line":10,"column":0},"end":{"line":10,"column":80}},"10":{"start":{"line":11,"column":0},"end":{"line":11,"column":78}},"11":{"start":{"line":12,"column":0},"end":{"line":12,"column":77}},"12":{"start":{"line":13,"column":0},"end":{"line":13,"column":62}},"13":{"start":{"line":14,"column":0},"end":{"line":14,"column":64}},"14":{"start":{"line":15,"column":0},"end":{"line":15,"column":18}},"15":{"start":{"line":16,"column":0},"end":{"line":16,"column":16}},"16":{"start":{"line":17,"column":0},"end":{"line":17,"column":75}},"17":{"start":{"line":18,"column":0},"end":{"line":18,"column":8}},"18":{"start":{"line":19,"column":0},"end":{"line":19,"column":6}},"19":{"start":{"line":20,"column":0},"end":{"line":20,"column":78}},"20":{"start":{"line":21,"column":0},"end":{"line":21,"column":17}},"21":{"start":{"line":22,"column":0},"end":{"line":22,"column":23}},"22":{"start":{"line":23,"column":0},"end":{"line":23,"column":43}},"23":{"start":{"line":24,"column":0},"end":{"line":24,"column":47}},"24":{"start":{"line":25,"column":0},"end":{"line":25,"column":21}},"25":{"start":{"line":26,"column":0},"end":{"line":26,"column":60}},"26":{"start":{"line":27,"column":0},"end":{"line":27,"column":87}},"27":{"start":{"line":28,"column":0},"end":{"line":28,"column":53}},"28":{"start":{"line":29,"column":0},"end":{"line":29,"column":19}},"29":{"start":{"line":30,"column":0},"end":{"line":30,"column":25}},"30":{"start":{"line":31,"column":0},"end":{"line":31,"column":26}},"31":{"start":{"line":32,"column":0},"end":{"line":32,"column":22}},"32":{"start":{"line":33,"column":0},"end":{"line":33,"column":27}},"33":{"start":{"line":34,"column":0},"end":{"line":34,"column":12}},"34":{"start":{"line":35,"column":0},"end":{"line":35,"column":67}},"35":{"start":{"line":36,"column":0},"end":{"line":36,"column":35}},"36":{"start":{"line":37,"column":0},"end":{"line":37,"column":25}},"37":{"start":{"line":38,"column":0},"end":{"line":38,"column":26}},"38":{"start":{"line":39,"column":0},"end":{"line":39,"column":22}},"39":{"start":{"line":40,"column":0},"end":{"line":40,"column":27}},"40":{"start":{"line":41,"column":0},"end":{"line":41,"column":12}},"41":{"start":{"line":42,"column":0},"end":{"line":42,"column":28}},"42":{"start":{"line":43,"column":0},"end":{"line":43,"column":25}},"43":{"start":{"line":44,"column":0},"end":{"line":44,"column":26}},"44":{"start":{"line":45,"column":0},"end":{"line":45,"column":22}},"45":{"start":{"line":46,"column":0},"end":{"line":46,"column":27}},"46":{"start":{"line":47,"column":0},"end":{"line":47,"column":12}},"47":{"start":{"line":48,"column":0},"end":{"line":48,"column":10}},"48":{"start":{"line":49,"column":0},"end":{"line":49,"column":8}},"49":{"start":{"line":50,"column":0},"end":{"line":50,"column":4}},"50":{"start":{"line":51,"column":0},"end":{"line":51,"column":12}},"51":{"start":{"line":52,"column":0},"end":{"line":52,"column":12}},"52":{"start":{"line":53,"column":0},"end":{"line":53,"column":61}},"53":{"start":{"line":54,"column":0},"end":{"line":54,"column":47}},"54":{"start":{"line":55,"column":0},"end":{"line":55,"column":6}},"55":{"start":{"line":56,"column":0},"end":{"line":56,"column":4}},"56":{"start":{"line":57,"column":0},"end":{"line":57,"column":3}}},"s":{"0":0,"1":0,"3":0,"4":0,"5":0,"6":0,"7":0,"8":0,"9":0,"10":0,"11":0,"12":0,"13":0,"14":0,"15":0,"16":0,"17":0,"18":0,"19":0,"20":0,"21":0,"22":0,"23":0,"24":0,"25":0,"26":0,"27":0,"28":0,"29":0,"30":0,"31":0,"32":0,"33":0,"34":0,"35":0,"36":0,"37":0,"38":0,"39":0,"40":0,"41":0,"42":0,"43":0,"44":0,"45":0,"46":0,"47":0,"48":0,"49":0,"50":0,"51":0,"52":0,"53":0,"54":0,"55":0,"56":0},"branchMap":{"0":{"type":"branch","line":1,"loc":{"start":{"line":1,"column":1843},"end":{"line":57,"column":3}},"locations":[{"start":{"line":1,"column":1843},"end":{"line":57,"column":3}}]}},"b":{"0":[0]},"fnMap":{"0":{"name":"(empty-report)","decl":{"start":{"line":1,"column":1843},"end":{"line":57,"column":3}},"loc":{"start":{"line":1,"column":1843},"end":{"line":57,"column":3}},"line":1}},"f":{"0":0}}
,"/home/ob/Development/Tools/mcp-hub/examples/node-client.js": {"path":"/home/ob/Development/Tools/mcp-hub/examples/node-client.js","all":true,"statementMap":{"0":{"start":{"line":1,"column":0},"end":{"line":1,"column":37}},"1":{"start":{"line":2,"column":0},"end":{"line":2,"column":43}},"2":{"start":{"line":3,"column":0},"end":{"line":3,"column":43}},"4":{"start":{"line":5,"column":0},"end":{"line":5,"column":20}},"5":{"start":{"line":6,"column":0},"end":{"line":6,"column":70}},"6":{"start":{"line":7,"column":0},"end":{"line":7,"column":21}},"7":{"start":{"line":8,"column":0},"end":{"line":8,"column":25}},"8":{"start":{"line":9,"column":0},"end":{"line":9,"column":50}},"9":{"start":{"line":10,"column":0},"end":{"line":10,"column":80}},"10":{"start":{"line":11,"column":0},"end":{"line":11,"column":28}},"11":{"start":{"line":12,"column":0},"end":{"line":12,"column":23}},"12":{"start":{"line":13,"column":0},"end":{"line":13,"column":30}},"13":{"start":{"line":14,"column":0},"end":{"line":14,"column":25}},"14":{"start":{"line":15,"column":0},"end":{"line":15,"column":3}},"16":{"start":{"line":17,"column":0},"end":{"line":17,"column":24}},"17":{"start":{"line":18,"column":0},"end":{"line":18,"column":23}},"18":{"start":{"line":19,"column":0},"end":{"line":19,"column":9}},"19":{"start":{"line":20,"column":0},"end":{"line":20,"column":61}},"20":{"start":{"line":21,"column":0},"end":{"line":21,"column":41}},"21":{"start":{"line":22,"column":0},"end":{"line":22,"column":34}},"22":{"start":{"line":23,"column":0},"end":{"line":23,"column":21}},"23":{"start":{"line":24,"column":0},"end":{"line":24,"column":19}},"24":{"start":{"line":25,"column":0},"end":{"line":25,"column":5}},"25":{"start":{"line":26,"column":0},"end":{"line":26,"column":3}},"27":{"start":{"line":28,"column":0},"end":{"line":28,"column":40}},"28":{"start":{"line":29,"column":0},"end":{"line":29,"column":17}},"29":{"start":{"line":30,"column":0},"end":{"line":30,"column":9}},"30":{"start":{"line":31,"column":0},"end":{"line":31,"column":43}},"31":{"start":{"line":32,"column":0},"end":{"line":32,"column":37}},"32":{"start":{"line":33,"column":0},"end":{"line":33,"column":54}},"33":{"start":{"line":34,"column":0},"end":{"line":34,"column":31}},"34":{"start":{"line":35,"column":0},"end":{"line":35,"column":7}},"36":{"start":{"line":37,"column":0},"end":{"line":37,"column":25}},"37":{"start":{"line":38,"column":0},"end":{"line":38,"column":48}},"38":{"start":{"line":39,"column":0},"end":{"line":39,"column":26}},"39":{"start":{"line":40,"column":0},"end":{"line":40,"column":47}},"40":{"start":{"line":41,"column":0},"end":{"line":41,"column":47}},"41":{"start":{"line":42,"column":0},"end":{"line":42,"column":19}},"42":{"start":{"line":43,"column":0},"end":{"line":43,"column":31}},"43":{"start":{"line":44,"column":0},"end":{"line":44,"column":21}},"44":{"start":{"line":45,"column":0},"end":{"line":45,"column":22}},"45":{"start":{"line":46,"column":0},"end":{"line":46,"column":11}},"47":{"start":{"line":48,"column":0},"end":{"line":48,"column":31}},"48":{"start":{"line":49,"column":0},"end":{"line":49,"column":56}},"49":{"start":{"line":50,"column":0},"end":{"line":50,"column":38}},"50":{"start":{"line":51,"column":0},"end":{"line":51,"column":49}},"51":{"start":{"line":52,"column":0},"end":{"line":52,"column":47}},"52":{"start":{"line":53,"column":0},"end":{"line":53,"column":27}},"53":{"start":{"line":54,"column":0},"end":{"line":54,"column":40}},"54":{"start":{"line":55,"column":0},"end":{"line":55,"column":29}},"55":{"start":{"line":56,"column":0},"end":{"line":56,"column":11}},"56":{"start":{"line":57,"column":0},"end":{"line":57,"column":11}},"58":{"start":{"line":59,"column":0},"end":{"line":59,"column":31}},"59":{"start":{"line":60,"column":0},"end":{"line":60,"column":56}},"60":{"start":{"line":61,"column":0},"end":{"line":61,"column":58}},"61":{"start":{"line":62,"column":0},"end":{"line":62,"column":11}},"63":{"start":{"line":64,"column":0},"end":{"line":64,"column":49}},"64":{"start":{"line":65,"column":0},"end":{"line":65,"column":56}},"65":{"start":{"line":66,"column":0},"end":{"line":66,"column":22}},"66":{"start":{"line":67,"column":0},"end":{"line":67,"column":11}},"67":{"start":{"line":68,"column":0},"end":{"line":68,"column":9}},"68":{"start":{"line":69,"column":0},"end":{"line":69,"column":21}},"69":{"start":{"line":70,"column":0},"end":{"line":70,"column":43}},"70":{"start":{"line":71,"column":0},"end":{"line":71,"column":19}},"71":{"start":{"line":72,"column":0},"end":{"line":72,"column":5}},"72":{"start":{"line":73,"column":0},"end":{"line":73,"column":3}},"74":{"start":{"line":75,"column":0},"end":{"line":75,"column":30}},"75":{"start":{"line":76,"column":0},"end":{"line":76,"column":22}},"76":{"start":{"line":77,"column":0},"end":{"line":77,"column":65}},"78":{"start":{"line":79,"column":0},"end":{"line":79,"column":30}},"79":{"start":{"line":80,"column":0},"end":{"line":80,"column":65}},"80":{"start":{"line":81,"column":0},"end":{"line":81,"column":42}},"81":{"start":{"line":82,"column":0},"end":{"line":82,"column":48}},"82":{"start":{"line":83,"column":0},"end":{"line":83,"column":24}},"83":{"start":{"line":84,"column":0},"end":{"line":84,"column":7}},"85":{"start":{"line":86,"column":0},"end":{"line":86,"column":25}},"86":{"start":{"line":87,"column":0},"end":{"line":87,"column":66}},"87":{"start":{"line":88,"column":0},"end":{"line":88,"column":42}},"88":{"start":{"line":89,"column":0},"end":{"line":89,"column":41}},"89":{"start":{"line":90,"column":0},"end":{"line":90,"column":7}},"91":{"start":{"line":92,"column":0},"end":{"line":92,"column":28}},"92":{"start":{"line":93,"column":0},"end":{"line":93,"column":69}},"93":{"start":{"line":94,"column":0},"end":{"line":94,"column":42}},"94":{"start":{"line":95,"column":0},"end":{"line":95,"column":49}},"95":{"start":{"line":96,"column":0},"end":{"line":96,"column":25}},"96":{"start":{"line":97,"column":0},"end":{"line":97,"column":30}},"97":{"start":{"line":98,"column":0},"end":{"line":98,"column":7}},"99":{"start":{"line":100,"column":0},"end":{"line":100,"column":20}},"100":{"start":{"line":101,"column":0},"end":{"line":101,"column":71}},"101":{"start":{"line":102,"column":0},"end":{"line":102,"column":42}},"102":{"start":{"line":103,"column":0},"end":{"line":103,"column":46}},"103":{"start":{"line":104,"column":0},"end":{"line":104,"column":7}},"105":{"start":{"line":106,"column":0},"end":{"line":106,"column":73}},"106":{"start":{"line":107,"column":0},"end":{"line":107,"column":42}},"107":{"start":{"line":108,"column":0},"end":{"line":108,"column":48}},"108":{"start":{"line":109,"column":0},"end":{"line":109,"column":7}},"110":{"start":{"line":111,"column":0},"end":{"line":111,"column":21}},"111":{"start":{"line":112,"column":0},"end":{"line":112,"column":43}},"112":{"start":{"line":113,"column":0},"end":{"line":113,"column":41}},"113":{"start":{"line":114,"column":0},"end":{"line":114,"column":25}},"114":{"start":{"line":115,"column":0},"end":{"line":115,"column":6}},"115":{"start":{"line":116,"column":0},"end":{"line":116,"column":3}},"117":{"start":{"line":118,"column":0},"end":{"line":118,"column":25}},"118":{"start":{"line":119,"column":0},"end":{"line":119,"column":20}},"119":{"start":{"line":120,"column":0},"end":{"line":120,"column":69}},"120":{"start":{"line":121,"column":0},"end":{"line":121,"column":21}},"121":{"start":{"line":122,"column":0},"end":{"line":122,"column":54}},"122":{"start":{"line":123,"column":0},"end":{"line":123,"column":56}},"123":{"start":{"line":124,"column":0},"end":{"line":124,"column":7}},"125":{"start":{"line":126,"column":0},"end":{"line":126,"column":23}},"126":{"start":{"line":127,"column":0},"end":{"line":127,"column":51}},"127":{"start":{"line":128,"column":0},"end":{"line":128,"column":5}},"129":{"start":{"line":130,"column":0},"end":{"line":130,"column":44}},"130":{"start":{"line":131,"column":0},"end":{"line":131,"column":28}},"131":{"start":{"line":132,"column":0},"end":{"line":132,"column":16}},"132":{"start":{"line":133,"column":0},"end":{"line":133,"column":3}},"134":{"start":{"line":135,"column":0},"end":{"line":135,"column":32}},"135":{"start":{"line":136,"column":0},"end":{"line":136,"column":16}},"136":{"start":{"line":137,"column":0},"end":{"line":137,"column":21}},"137":{"start":{"line":138,"column":0},"end":{"line":138,"column":11}},"138":{"start":{"line":139,"column":0},"end":{"line":139,"column":58}},"139":{"start":{"line":140,"column":0},"end":{"line":140,"column":25}},"140":{"start":{"line":141,"column":0},"end":{"line":141,"column":58}},"141":{"start":{"line":142,"column":0},"end":{"line":142,"column":60}},"142":{"start":{"line":143,"column":0},"end":{"line":143,"column":11}},"143":{"start":{"line":144,"column":0},"end":{"line":144,"column":23}},"144":{"start":{"line":145,"column":0},"end":{"line":145,"column":53}},"145":{"start":{"line":146,"column":0},"end":{"line":146,"column":7}},"146":{"start":{"line":147,"column":0},"end":{"line":147,"column":5}},"148":{"start":{"line":149,"column":0},"end":{"line":149,"column":28}},"149":{"start":{"line":150,"column":0},"end":{"line":150,"column":27}},"150":{"start":{"line":151,"column":0},"end":{"line":151,"column":31}},"151":{"start":{"line":152,"column":0},"end":{"line":152,"column":30}},"152":{"start":{"line":153,"column":0},"end":{"line":153,"column":5}},"154":{"start":{"line":155,"column":0},"end":{"line":155,"column":23}},"155":{"start":{"line":156,"column":0},"end":{"line":156,"column":25}},"156":{"start":{"line":157,"column":0},"end":{"line":157,"column":3}},"158":{"start":{"line":159,"column":0},"end":{"line":159,"column":22}},"159":{"start":{"line":160,"column":0},"end":{"line":160,"column":21}},"160":{"start":{"line":161,"column":0},"end":{"line":161,"column":60}},"161":{"start":{"line":162,"column":0},"end":{"line":162,"column":33}},"162":{"start":{"line":163,"column":0},"end":{"line":163,"column":3}},"164":{"start":{"line":165,"column":0},"end":{"line":165,"column":28}},"165":{"start":{"line":166,"column":0},"end":{"line":166,"column":51}},"166":{"start":{"line":167,"column":0},"end":{"line":167,"column":22}},"167":{"start":{"line":168,"column":0},"end":{"line":168,"column":49}},"168":{"start":{"line":169,"column":0},"end":{"line":169,"column":5}},"170":{"start":{"line":171,"column":0},"end":{"line":171,"column":33}},"171":{"start":{"line":172,"column":0},"end":{"line":172,"column":52}},"172":{"start":{"line":173,"column":0},"end":{"line":173,"column":7}},"173":{"start":{"line":174,"column":0},"end":{"line":174,"column":23}},"174":{"start":{"line":175,"column":0},"end":{"line":175,"column":56}},"175":{"start":{"line":176,"column":0},"end":{"line":176,"column":30}},"176":{"start":{"line":177,"column":0},"end":{"line":177,"column":25}},"177":{"start":{"line":178,"column":0},"end":{"line":178,"column":26}},"178":{"start":{"line":179,"column":0},"end":{"line":179,"column":11}},"179":{"start":{"line":180,"column":0},"end":{"line":180,"column":7}},"180":{"start":{"line":181,"column":0},"end":{"line":181,"column":6}},"182":{"start":{"line":183,"column":0},"end":{"line":183,"column":33}},"183":{"start":{"line":184,"column":0},"end":{"line":184,"column":3}},"185":{"start":{"line":186,"column":0},"end":{"line":186,"column":22}},"186":{"start":{"line":187,"column":0},"end":{"line":187,"column":41}},"187":{"start":{"line":188,"column":0},"end":{"line":188,"column":22}},"188":{"start":{"line":189,"column":0},"end":{"line":189,"column":49}},"189":{"start":{"line":190,"column":0},"end":{"line":190,"column":5}},"191":{"start":{"line":192,"column":0},"end":{"line":192,"column":33}},"192":{"start":{"line":193,"column":0},"end":{"line":193,"column":56}},"193":{"start":{"line":194,"column":0},"end":{"line":194,"column":7}},"194":{"start":{"line":195,"column":0},"end":{"line":195,"column":23}},"195":{"start":{"line":196,"column":0},"end":{"line":196,"column":56}},"196":{"start":{"line":197,"column":0},"end":{"line":197,"column":38}},"197":{"start":{"line":198,"column":0},"end":{"line":198,"column":7}},"198":{"start":{"line":199,"column":0},"end":{"line":199,"column":6}},"200":{"start":{"line":201,"column":0},"end":{"line":201,"column":33}},"201":{"start":{"line":202,"column":0},"end":{"line":202,"column":3}},"202":{"start":{"line":203,"column":0},"end":{"line":203,"column":1}},"204":{"start":{"line":205,"column":0},"end":{"line":205,"column":16}},"205":{"start":{"line":206,"column":0},"end":{"line":206,"column":23}},"206":{"start":{"line":207,"column":0},"end":{"line":207,"column":40}},"208":{"start":{"line":209,"column":0},"end":{"line":209,"column":7}},"209":{"start":{"line":210,"column":0},"end":{"line":210,"column":42}},"210":{"start":{"line":211,"column":0},"end":{"line":211,"column":39}},"211":{"start":{"line":212,"column":0},"end":{"line":212,"column":25}},"213":{"start":{"line":214,"column":0},"end":{"line":214,"column":24}},"214":{"start":{"line":215,"column":0},"end":{"line":215,"column":44}},"215":{"start":{"line":216,"column":0},"end":{"line":216,"column":42}},"217":{"start":{"line":218,"column":0},"end":{"line":218,"column":24}},"218":{"start":{"line":219,"column":0},"end":{"line":219,"column":76}},"219":{"start":{"line":220,"column":0},"end":{"line":220,"column":21}},"220":{"start":{"line":221,"column":0},"end":{"line":221,"column":7}},"221":{"start":{"line":222,"column":0},"end":{"line":222,"column":40}},"223":{"start":{"line":224,"column":0},"end":{"line":224,"column":17}},"224":{"start":{"line":225,"column":0},"end":{"line":225,"column":24}},"225":{"start":{"line":226,"column":0},"end":{"line":226,"column":19}},"226":{"start":{"line":227,"column":0},"end":{"line":227,"column":35}},"227":{"start":{"line":228,"column":0},"end":{"line":228,"column":24}},"228":{"start":{"line":229,"column":0},"end":{"line":229,"column":3}},"229":{"start":{"line":230,"column":0},"end":{"line":230,"column":1}},"231":{"start":{"line":232,"column":0},"end":{"line":232,"column":30}},"232":{"start":{"line":233,"column":0},"end":{"line":233,"column":30}},"233":{"start":{"line":234,"column":0},"end":{"line":234,"column":1}},"235":{"start":{"line":236,"column":0},"end":{"line":236,"column":30}}},"s":{"0":0,"1":0,"2":0,"4":0,"5":0,"6":0,"7":0,"8":0,"9":0,"10":0,"11":0,"12":0,"13":0,"14":0,"16":0,"17":0,"18":0,"19":0,"20":0,"21":0,"22":0,"23":0,"24":0,"25":0,"27":0,"28":0,"29":0,"30":0,"31":0,"32":0,"33":0,"34":0,"36":0,"37":0,"38":0,"39":0,"40":0,"41":0,"42":0,"43":0,"44":0,"45":0,"47":0,"48":0,"49":0,"50":0,"51":0,"52":0,"53":0,"54":0,"55":0,"56":0,"58":0,"59":0,"60":0,"61":0,"63":0,"64":0,"65":0,"66":0,"67":0,"68":0,"69":0,"70":0,"71":0,"72":0,"74":0,"75":0,"76":0,"78":0,"79":0,"80":0,"81":0,"82":0,"83":0,"85":0,"86":0,"87":0,"88":0,"89":0,"91":0,"92":0,"93":0,"94":0,"95":0,"96":0,"97":0,"99":0,"100":0,"101":0,"102":0,"103":0,"105":0,"106":0,"107":0,"108":0,"110":0,"111":0,"112":0,"113":0,"114":0,"115":0,"117":0,"118":0,"119":0,"120":0,"121":0,"122":0,"123":0,"125":0,"126":0,"127":0,"129":0,"130":0,"131":0,"132":0,"134":0,"135":0,"136":0,"137":0,"138":0,"139":0,"140":0,"141":0,"142":0,"143":0,"144":0,"145":0,"146":0,"148":0,"149":0,"150":0,"151":0,"152":0,"154":0,"155":0,"156":0,"158":0,"159":0,"160":0,"161":0,"162":0,"164":0,"165":0,"166":0,"167":0,"168":0,"170":0,"171":0,"172":0,"173":0,"174":0,"175":0,"176":0,"177":0,"178":0,"179":0,"180":0,"182":0,"183":0,"185":0,"186":0,"187":0,"188":0,"189":0,"191":0,"192":0,"193":0,"194":0,"195":0,"196":0,"197":0,"198":0,"200":0,"201":0,"202":0,"204":0,"205":0,"206":0,"208":0,"209":0,"210":0,"211":0,"213":0,"214":0,"215":0,"217":0,"218":0,"219":0,"220":0,"221":0,"223":0,"224":0,"225":0,"226":0,"227":0,"228":0,"229":0,"231":0,"232":0,"233":0,"235":0},"branchMap":{"0":{"type":"branch","line":1,"loc":{"start":{"line":1,"column":0},"end":{"line":236,"column":29}},"locations":[{"start":{"line":1,"column":0},"end":{"line":236,"column":29}}]}},"b":{"0":[0]},"fnMap":{"0":{"name":"(empty-report)","decl":{"start":{"line":1,"column":0},"end":{"line":236,"column":29}},"loc":{"start":{"line":1,"column":0},"end":{"line":236,"column":29}},"line":1}},"f":{"0":0}}
,"/home/ob/Development/Tools/mcp-hub/scripts/build.js": {"path":"/home/ob/Development/Tools/mcp-hub/scripts/build.js","all":true,"statementMap":{"0":{"start":{"line":1,"column":0},"end":{"line":1,"column":32}},"1":{"start":{"line":2,"column":0},"end":{"line":2,"column":34}},"3":{"start":{"line":4,"column":0},"end":{"line":4,"column":27}},"4":{"start":{"line":5,"column":0},"end":{"line":5,"column":7}},"6":{"start":{"line":7,"column":0},"end":{"line":7,"column":65}},"7":{"start":{"line":8,"column":0},"end":{"line":8,"column":32}},"9":{"start":{"line":10,"column":0},"end":{"line":10,"column":32}},"10":{"start":{"line":11,"column":0},"end":{"line":11,"column":40}},"11":{"start":{"line":12,"column":0},"end":{"line":12,"column":19}},"12":{"start":{"line":13,"column":0},"end":{"line":13,"column":23}},"13":{"start":{"line":14,"column":0},"end":{"line":14,"column":23}},"14":{"start":{"line":15,"column":0},"end":{"line":15,"column":20}},"15":{"start":{"line":16,"column":0},"end":{"line":16,"column":29}},"16":{"start":{"line":17,"column":0},"end":{"line":17,"column":15}},"17":{"start":{"line":18,"column":0},"end":{"line":18,"column":13}},"22":{"start":{"line":23,"column":0},"end":{"line":23,"column":8}},"23":{"start":{"line":24,"column":0},"end":{"line":24,"column":17}},"29":{"start":{"line":30,"column":0},"end":{"line":30,"column":8}},"30":{"start":{"line":31,"column":0},"end":{"line":31,"column":15}},"31":{"start":{"line":32,"column":0},"end":{"line":32,"column":47}},"32":{"start":{"line":33,"column":0},"end":{"line":33,"column":81}},"33":{"start":{"line":34,"column":0},"end":{"line":34,"column":8}},"34":{"start":{"line":35,"column":0},"end":{"line":35,"column":19}},"35":{"start":{"line":36,"column":0},"end":{"line":36,"column":23}},"36":{"start":{"line":37,"column":0},"end":{"line":37,"column":7}},"37":{"start":{"line":38,"column":0},"end":{"line":38,"column":43}},"38":{"start":{"line":39,"column":0},"end":{"line":39,"column":17}},"39":{"start":{"line":40,"column":0},"end":{"line":40,"column":40}},"40":{"start":{"line":41,"column":0},"end":{"line":41,"column":20}},"41":{"start":{"line":42,"column":0},"end":{"line":42,"column":3}},"42":{"start":{"line":43,"column":0},"end":{"line":43,"column":1}},"44":{"start":{"line":45,"column":0},"end":{"line":45,"column":11}}},"s":{"0":0,"1":0,"3":0,"4":0,"6":0,"7":0,"9":0,"10":0,"11":0,"12":0,"13":0,"14":0,"15":0,"16":0,"17":0,"22":0,"23":0,"29":0,"30":0,"31":0,"32":0,"33":0,"34":0,"35":0,"36":0,"37":0,"38":0,"39":0,"40":0,"41":0,"42":0,"44":0},"branchMap":{"0":{"type":"branch","line":1,"loc":{"start":{"line":1,"column":0},"end":{"line":45,"column":-140}},"locations":[{"start":{"line":1,"column":0},"end":{"line":45,"column":-140}}]}},"b":{"0":[0]},"fnMap":{"0":{"name":"(empty-report)","decl":{"start":{"line":1,"column":0},"end":{"line":45,"column":-140}},"loc":{"start":{"line":1,"column":0},"end":{"line":45,"column":-140}},"line":1}},"f":{"0":0}}
,"/home/ob/Development/Tools/mcp-hub/src/MCPConnection.js": {"path":"/home/ob/Development/Tools/mcp-hub/src/MCPConnection.js","all":false,"statementMap":{"0":{"start":{"line":1,"column":0},"end":{"line":1,"column":67}},"1":{"start":{"line":2,"column":0},"end":{"line":2,"column":8}},"5":{"start":{"line":6,"column":0},"end":{"line":6,"column":77}},"6":{"start":{"line":7,"column":0},"end":{"line":7,"column":99}},"7":{"start":{"line":8,"column":0},"end":{"line":8,"column":77}},"8":{"start":{"line":9,"column":0},"end":{"line":9,"column":63}},"9":{"start":{"line":10,"column":0},"end":{"line":10,"column":59}},"10":{"start":{"line":11,"column":0},"end":{"line":11,"column":8}},"23":{"start":{"line":24,"column":0},"end":{"line":24,"column":34}},"24":{"start":{"line":25,"column":0},"end":{"line":25,"column":39}},"25":{"start":{"line":26,"column":0},"end":{"line":26,"column":24}},"26":{"start":{"line":27,"column":0},"end":{"line":27,"column":105}},"27":{"start":{"line":28,"column":0},"end":{"line":28,"column":8}},"34":{"start":{"line":35,"column":0},"end":{"line":35,"column":52}},"35":{"start":{"line":36,"column":0},"end":{"line":36,"column":54}},"36":{"start":{"line":37,"column":0},"end":{"line":37,"column":67}},"38":{"start":{"line":39,"column":0},"end":{"line":39,"column":35}},"39":{"start":{"line":40,"column":0},"end":{"line":40,"column":43}},"42":{"start":{"line":43,"column":0},"end":{"line":43,"column":3}},"43":{"start":{"line":44,"column":0},"end":{"line":44,"column":82}},"44":{"start":{"line":45,"column":0},"end":{"line":45,"column":83}},"45":{"start":{"line":46,"column":0},"end":{"line":46,"column":3}},"46":{"start":{"line":47,"column":0},"end":{"line":47,"column":23}},"47":{"start":{"line":48,"column":0},"end":{"line":48,"column":26}},"48":{"start":{"line":49,"column":0},"end":{"line":49,"column":3}},"49":{"start":{"line":50,"column":0},"end":{"line":50,"column":48}},"50":{"start":{"line":51,"column":0},"end":{"line":51,"column":56}},"51":{"start":{"line":52,"column":0},"end":{"line":52,"column":52}},"52":{"start":{"line":53,"column":0},"end":{"line":53,"column":57}},"53":{"start":{"line":54,"column":0},"end":{"line":54,"column":66}},"54":{"start":{"line":55,"column":0},"end":{"line":55,"column":65}},"55":{"start":{"line":56,"column":0},"end":{"line":56,"column":50}},"56":{"start":{"line":57,"column":0},"end":{"line":57,"column":3}},"57":{"start":{"line":58,"column":0},"end":{"line":58,"column":49}},"58":{"start":{"line":59,"column":0},"end":{"line":59,"column":5}},"59":{"start":{"line":60,"column":0},"end":{"line":60,"column":41}},"60":{"start":{"line":61,"column":0},"end":{"line":61,"column":4}},"61":{"start":{"line":62,"column":0},"end":{"line":62,"column":54}},"62":{"start":{"line":63,"column":0},"end":{"line":63,"column":91}},"63":{"start":{"line":64,"column":0},"end":{"line":64,"column":75}},"64":{"start":{"line":65,"column":0},"end":{"line":65,"column":70}},"65":{"start":{"line":66,"column":0},"end":{"line":66,"column":92}},"66":{"start":{"line":67,"column":0},"end":{"line":67,"column":5}},"67":{"start":{"line":68,"column":0},"end":{"line":68,"column":75}},"68":{"start":{"line":69,"column":0},"end":{"line":69,"column":12}},"69":{"start":{"line":70,"column":0},"end":{"line":70,"column":38}},"71":{"start":{"line":72,"column":0},"end":{"line":72,"column":18}},"72":{"start":{"line":73,"column":0},"end":{"line":73,"column":29}},"73":{"start":{"line":74,"column":0},"end":{"line":74,"column":29}},"74":{"start":{"line":75,"column":0},"end":{"line":75,"column":25}},"76":{"start":{"line":77,"column":0},"end":{"line":77,"column":56}},"77":{"start":{"line":78,"column":0},"end":{"line":78,"column":27}},"79":{"start":{"line":80,"column":0},"end":{"line":80,"column":40}},"80":{"start":{"line":81,"column":0},"end":{"line":81,"column":48}},"81":{"start":{"line":82,"column":0},"end":{"line":82,"column":30}},"82":{"start":{"line":83,"column":0},"end":{"line":83,"column":45}},"83":{"start":{"line":84,"column":0},"end":{"line":84,"column":56}},"84":{"start":{"line":85,"column":0},"end":{"line":85,"column":37}},"85":{"start":{"line":86,"column":0},"end":{"line":86,"column":8}},"86":{"start":{"line":87,"column":0},"end":{"line":87,"column":23}},"87":{"start":{"line":88,"column":0},"end":{"line":88,"column":37}},"88":{"start":{"line":89,"column":0},"end":{"line":89,"column":50}},"89":{"start":{"line":90,"column":0},"end":{"line":90,"column":69}},"90":{"start":{"line":91,"column":0},"end":{"line":91,"column":15}},"91":{"start":{"line":92,"column":0},"end":{"line":92,"column":33}},"92":{"start":{"line":93,"column":0},"end":{"line":93,"column":11}},"93":{"start":{"line":94,"column":0},"end":{"line":94,"column":7}},"94":{"start":{"line":95,"column":0},"end":{"line":95,"column":5}},"95":{"start":{"line":96,"column":0},"end":{"line":96,"column":25}},"96":{"start":{"line":97,"column":0},"end":{"line":97,"column":82}},"97":{"start":{"line":98,"column":0},"end":{"line":98,"column":23}},"98":{"start":{"line":99,"column":0},"end":{"line":99,"column":26}},"99":{"start":{"line":100,"column":0},"end":{"line":100,"column":77}},"100":{"start":{"line":101,"column":0},"end":{"line":101,"column":20}},"101":{"start":{"line":102,"column":0},"end":{"line":102,"column":24}},"102":{"start":{"line":103,"column":0},"end":{"line":103,"column":22}},"103":{"start":{"line":104,"column":0},"end":{"line":104,"column":32}},"104":{"start":{"line":105,"column":0},"end":{"line":105,"column":94}},"105":{"start":{"line":106,"column":0},"end":{"line":106,"column":22}},"106":{"start":{"line":107,"column":0},"end":{"line":107,"column":26}},"107":{"start":{"line":108,"column":0},"end":{"line":108,"column":28}},"108":{"start":{"line":109,"column":0},"end":{"line":109,"column":45}},"109":{"start":{"line":110,"column":0},"end":{"line":110,"column":33}},"110":{"start":{"line":111,"column":0},"end":{"line":111,"column":37}},"111":{"start":{"line":112,"column":0},"end":{"line":112,"column":72}},"113":{"start":{"line":114,"column":0},"end":{"line":114,"column":60}},"114":{"start":{"line":115,"column":0},"end":{"line":115,"column":82}},"115":{"start":{"line":116,"column":0},"end":{"line":116,"column":26}},"116":{"start":{"line":117,"column":0},"end":{"line":117,"column":28}},"117":{"start":{"line":118,"column":0},"end":{"line":118,"column":83}},"118":{"start":{"line":119,"column":0},"end":{"line":119,"column":11}},"119":{"start":{"line":120,"column":0},"end":{"line":120,"column":57}},"120":{"start":{"line":121,"column":0},"end":{"line":121,"column":43}},"121":{"start":{"line":122,"column":0},"end":{"line":122,"column":38}},"122":{"start":{"line":123,"column":0},"end":{"line":123,"column":31}},"123":{"start":{"line":124,"column":0},"end":{"line":124,"column":10}},"125":{"start":{"line":126,"column":0},"end":{"line":126,"column":50}},"126":{"start":{"line":127,"column":0},"end":{"line":127,"column":43}},"127":{"start":{"line":128,"column":0},"end":{"line":128,"column":55}},"128":{"start":{"line":129,"column":0},"end":{"line":129,"column":63}},"129":{"start":{"line":130,"column":0},"end":{"line":130,"column":77}},"130":{"start":{"line":131,"column":0},"end":{"line":131,"column":37}},"131":{"start":{"line":132,"column":0},"end":{"line":132,"column":31}},"132":{"start":{"line":133,"column":0},"end":{"line":133,"column":13}},"133":{"start":{"line":134,"column":0},"end":{"line":134,"column":16}},"134":{"start":{"line":135,"column":0},"end":{"line":135,"column":81}},"135":{"start":{"line":136,"column":0},"end":{"line":136,"column":37}},"136":{"start":{"line":137,"column":0},"end":{"line":137,"column":13}},"137":{"start":{"line":138,"column":0},"end":{"line":138,"column":9}},"138":{"start":{"line":139,"column":0},"end":{"line":139,"column":23}},"139":{"start":{"line":140,"column":0},"end":{"line":140,"column":75}},"140":{"start":{"line":141,"column":0},"end":{"line":141,"column":104}},"141":{"start":{"line":142,"column":0},"end":{"line":142,"column":31}},"142":{"start":{"line":143,"column":0},"end":{"line":143,"column":11}},"143":{"start":{"line":144,"column":0},"end":{"line":144,"column":7}},"144":{"start":{"line":145,"column":0},"end":{"line":145,"column":5}},"146":{"start":{"line":147,"column":0},"end":{"line":147,"column":63}},"147":{"start":{"line":148,"column":0},"end":{"line":148,"column":55}},"148":{"start":{"line":149,"column":0},"end":{"line":149,"column":62}},"149":{"start":{"line":150,"column":0},"end":{"line":150,"column":86}},"150":{"start":{"line":151,"column":0},"end":{"line":151,"column":5}},"151":{"start":{"line":152,"column":0},"end":{"line":152,"column":3}},"153":{"start":{"line":154,"column":0},"end":{"line":154,"column":5}},"154":{"start":{"line":155,"column":0},"end":{"line":155,"column":84}},"155":{"start":{"line":156,"column":0},"end":{"line":156,"column":62}},"156":{"start":{"line":157,"column":0},"end":{"line":157,"column":5}},"157":{"start":{"line":158,"column":0},"end":{"line":158,"column":57}},"158":{"start":{"line":159,"column":0},"end":{"line":159,"column":50}},"159":{"start":{"line":160,"column":0},"end":{"line":160,"column":5}},"160":{"start":{"line":161,"column":0},"end":{"line":161,"column":17}},"161":{"start":{"line":162,"column":0},"end":{"line":162,"column":29}},"162":{"start":{"line":163,"column":0},"end":{"line":163,"column":24}},"163":{"start":{"line":164,"column":0},"end":{"line":164,"column":28}},"164":{"start":{"line":165,"column":0},"end":{"line":165,"column":35}},"165":{"start":{"line":166,"column":0},"end":{"line":166,"column":50}},"166":{"start":{"line":167,"column":0},"end":{"line":167,"column":5}},"168":{"start":{"line":169,"column":0},"end":{"line":169,"column":49}},"169":{"start":{"line":170,"column":0},"end":{"line":170,"column":53}},"170":{"start":{"line":171,"column":0},"end":{"line":171,"column":34}},"171":{"start":{"line":172,"column":0},"end":{"line":172,"column":5}},"173":{"start":{"line":174,"column":0},"end":{"line":174,"column":25}},"174":{"start":{"line":175,"column":0},"end":{"line":175,"column":32}},"175":{"start":{"line":176,"column":0},"end":{"line":176,"column":3}},"177":{"start":{"line":178,"column":0},"end":{"line":178,"column":5}},"178":{"start":{"line":179,"column":0},"end":{"line":179,"column":91}},"179":{"start":{"line":180,"column":0},"end":{"line":180,"column":5}},"180":{"start":{"line":181,"column":0},"end":{"line":181,"column":82}},"181":{"start":{"line":182,"column":0},"end":{"line":182,"column":57}},"182":{"start":{"line":183,"column":0},"end":{"line":183,"column":5}},"183":{"start":{"line":184,"column":0},"end":{"line":184,"column":31}},"184":{"start":{"line":185,"column":0},"end":{"line":185,"column":18}},"185":{"start":{"line":186,"column":0},"end":{"line":186,"column":27}},"186":{"start":{"line":187,"column":0},"end":{"line":187,"column":34}},"187":{"start":{"line":188,"column":0},"end":{"line":188,"column":46}},"188":{"start":{"line":189,"column":0},"end":{"line":189,"column":5}},"190":{"start":{"line":191,"column":0},"end":{"line":191,"column":44}},"191":{"start":{"line":192,"column":0},"end":{"line":192,"column":28}},"192":{"start":{"line":193,"column":0},"end":{"line":193,"column":8}},"194":{"start":{"line":195,"column":0},"end":{"line":195,"column":32}},"195":{"start":{"line":196,"column":0},"end":{"line":196,"column":3}},"197":{"start":{"line":198,"column":0},"end":{"line":198,"column":5}},"198":{"start":{"line":199,"column":0},"end":{"line":199,"column":81}},"199":{"start":{"line":200,"column":0},"end":{"line":200,"column":82}},"200":{"start":{"line":201,"column":0},"end":{"line":201,"column":5}},"201":{"start":{"line":202,"column":0},"end":{"line":202,"column":60}},"202":{"start":{"line":203,"column":0},"end":{"line":203,"column":5}},"203":{"start":{"line":204,"column":0},"end":{"line":204,"column":15}},"204":{"start":{"line":205,"column":0},"end":{"line":205,"column":108}},"205":{"start":{"line":206,"column":0},"end":{"line":206,"column":15}},"206":{"start":{"line":207,"column":0},"end":{"line":207,"column":5}},"207":{"start":{"line":208,"column":0},"end":{"line":208,"column":60}},"208":{"start":{"line":209,"column":0},"end":{"line":209,"column":3}},"210":{"start":{"line":211,"column":0},"end":{"line":211,"column":5}},"211":{"start":{"line":212,"column":0},"end":{"line":212,"column":89}},"212":{"start":{"line":213,"column":0},"end":{"line":213,"column":95}},"213":{"start":{"line":214,"column":0},"end":{"line":214,"column":5}},"214":{"start":{"line":215,"column":0},"end":{"line":215,"column":69}},"215":{"start":{"line":216,"column":0},"end":{"line":216,"column":29}},"216":{"start":{"line":217,"column":0},"end":{"line":217,"column":50}},"217":{"start":{"line":218,"column":0},"end":{"line":218,"column":52}},"218":{"start":{"line":219,"column":0},"end":{"line":219,"column":60}},"219":{"start":{"line":220,"column":0},"end":{"line":220,"column":56}},"220":{"start":{"line":221,"column":0},"end":{"line":221,"column":5}},"221":{"start":{"line":222,"column":0},"end":{"line":222,"column":25}},"222":{"start":{"line":223,"column":0},"end":{"line":223,"column":17}},"223":{"start":{"line":224,"column":0},"end":{"line":224,"column":26}},"224":{"start":{"line":225,"column":0},"end":{"line":225,"column":5}},"225":{"start":{"line":226,"column":0},"end":{"line":226,"column":28}},"226":{"start":{"line":227,"column":0},"end":{"line":227,"column":41}},"227":{"start":{"line":228,"column":0},"end":{"line":228,"column":5}},"228":{"start":{"line":229,"column":0},"end":{"line":229,"column":24}},"229":{"start":{"line":230,"column":0},"end":{"line":230,"column":46}},"230":{"start":{"line":231,"column":0},"end":{"line":231,"column":69}},"231":{"start":{"line":232,"column":0},"end":{"line":232,"column":50}},"232":{"start":{"line":233,"column":0},"end":{"line":233,"column":13}},"233":{"start":{"line":234,"column":0},"end":{"line":234,"column":5}},"235":{"start":{"line":236,"column":0},"end":{"line":236,"column":22}},"236":{"start":{"line":237,"column":0},"end":{"line":237,"column":46}},"237":{"start":{"line":238,"column":0},"end":{"line":238,"column":48}},"239":{"start":{"line":240,"column":0},"end":{"line":240,"column":50}},"240":{"start":{"line":241,"column":0},"end":{"line":241,"column":73}},"241":{"start":{"line":242,"column":0},"end":{"line":242,"column":55}},"242":{"start":{"line":243,"column":0},"end":{"line":243,"column":7}},"244":{"start":{"line":245,"column":0},"end":{"line":245,"column":9}},"245":{"start":{"line":246,"column":0},"end":{"line":246,"column":61}},"246":{"start":{"line":247,"column":0},"end":{"line":247,"column":43}},"247":{"start":{"line":248,"column":0},"end":{"line":248,"column":74}},"248":{"start":{"line":249,"column":0},"end":{"line":249,"column":43}},"249":{"start":{"line":250,"column":0},"end":{"line":250,"column":51}},"250":{"start":{"line":251,"column":0},"end":{"line":251,"column":42}},"251":{"start":{"line":252,"column":0},"end":{"line":252,"column":11}},"252":{"start":{"line":253,"column":0},"end":{"line":253,"column":14}},"253":{"start":{"line":254,"column":0},"end":{"line":254,"column":84}},"254":{"start":{"line":255,"column":0},"end":{"line":255,"column":13}},"255":{"start":{"line":256,"column":0},"end":{"line":256,"column":57}},"256":{"start":{"line":257,"column":0},"end":{"line":257,"column":102}},"257":{"start":{"line":258,"column":0},"end":{"line":258,"column":45}},"258":{"start":{"line":259,"column":0},"end":{"line":259,"column":53}},"259":{"start":{"line":260,"column":0},"end":{"line":260,"column":44}},"260":{"start":{"line":261,"column":0},"end":{"line":261,"column":13}},"261":{"start":{"line":262,"column":0},"end":{"line":262,"column":29}},"262":{"start":{"line":263,"column":0},"end":{"line":263,"column":15}},"263":{"start":{"line":264,"column":0},"end":{"line":264,"column":51}},"264":{"start":{"line":265,"column":0},"end":{"line":265,"column":47}},"265":{"start":{"line":266,"column":0},"end":{"line":266,"column":113}},"266":{"start":{"line":267,"column":0},"end":{"line":267,"column":56}},"267":{"start":{"line":268,"column":0},"end":{"line":268,"column":20}},"268":{"start":{"line":269,"column":0},"end":{"line":269,"column":20}},"269":{"start":{"line":270,"column":0},"end":{"line":270,"column":120}},"270":{"start":{"line":271,"column":0},"end":{"line":271,"column":61}},"271":{"start":{"line":272,"column":0},"end":{"line":272,"column":97}},"272":{"start":{"line":273,"column":0},"end":{"line":273,"column":49}},"273":{"start":{"line":274,"column":0},"end":{"line":274,"column":57}},"274":{"start":{"line":275,"column":0},"end":{"line":275,"column":48}},"275":{"start":{"line":276,"column":0},"end":{"line":276,"column":17}},"276":{"start":{"line":277,"column":0},"end":{"line":277,"column":13}},"277":{"start":{"line":278,"column":0},"end":{"line":278,"column":30}},"279":{"start":{"line":280,"column":0},"end":{"line":280,"column":50}},"280":{"start":{"line":281,"column":0},"end":{"line":281,"column":46}},"281":{"start":{"line":282,"column":0},"end":{"line":282,"column":100}},"282":{"start":{"line":283,"column":0},"end":{"line":283,"column":56}},"283":{"start":{"line":284,"column":0},"end":{"line":284,"column":20}},"284":{"start":{"line":285,"column":0},"end":{"line":285,"column":20}},"285":{"start":{"line":286,"column":0},"end":{"line":286,"column":122}},"286":{"start":{"line":287,"column":0},"end":{"line":287,"column":28}},"287":{"start":{"line":288,"column":0},"end":{"line":288,"column":13}},"288":{"start":{"line":289,"column":0},"end":{"line":289,"column":11}},"289":{"start":{"line":290,"column":0},"end":{"line":290,"column":9}},"290":{"start":{"line":291,"column":0},"end":{"line":291,"column":7}},"292":{"start":{"line":293,"column":0},"end":{"line":293,"column":79}},"293":{"start":{"line":294,"column":0},"end":{"line":294,"column":35}},"294":{"start":{"line":295,"column":0},"end":{"line":295,"column":38}},"296":{"start":{"line":297,"column":0},"end":{"line":297,"column":37}},"297":{"start":{"line":298,"column":0},"end":{"line":298,"column":39}},"299":{"start":{"line":300,"column":0},"end":{"line":300,"column":62}},"300":{"start":{"line":301,"column":0},"end":{"line":301,"column":47}},"301":{"start":{"line":302,"column":0},"end":{"line":302,"column":34}},"302":{"start":{"line":303,"column":0},"end":{"line":303,"column":24}},"304":{"start":{"line":305,"column":0},"end":{"line":305,"column":40}},"305":{"start":{"line":306,"column":0},"end":{"line":306,"column":28}},"306":{"start":{"line":307,"column":0},"end":{"line":307,"column":53}},"307":{"start":{"line":308,"column":0},"end":{"line":308,"column":7}},"309":{"start":{"line":310,"column":0},"end":{"line":310,"column":57}},"310":{"start":{"line":311,"column":0},"end":{"line":311,"column":21}},"311":{"start":{"line":312,"column":0},"end":{"line":312,"column":66}},"312":{"start":{"line":313,"column":0},"end":{"line":313,"column":40}},"313":{"start":{"line":314,"column":0},"end":{"line":314,"column":32}},"314":{"start":{"line":315,"column":0},"end":{"line":315,"column":75}},"315":{"start":{"line":316,"column":0},"end":{"line":316,"column":9}},"316":{"start":{"line":317,"column":0},"end":{"line":317,"column":28}},"317":{"start":{"line":318,"column":0},"end":{"line":318,"column":31}},"318":{"start":{"line":319,"column":0},"end":{"line":319,"column":9}},"319":{"start":{"line":320,"column":0},"end":{"line":320,"column":8}},"320":{"start":{"line":321,"column":0},"end":{"line":321,"column":5}},"321":{"start":{"line":322,"column":0},"end":{"line":322,"column":3}},"323":{"start":{"line":324,"column":0},"end":{"line":324,"column":32}},"324":{"start":{"line":325,"column":0},"end":{"line":325,"column":28}},"325":{"start":{"line":326,"column":0},"end":{"line":326,"column":39}},"326":{"start":{"line":327,"column":0},"end":{"line":327,"column":71}},"327":{"start":{"line":328,"column":0},"end":{"line":328,"column":40}},"328":{"start":{"line":329,"column":0},"end":{"line":329,"column":30}},"329":{"start":{"line":330,"column":0},"end":{"line":330,"column":82}},"330":{"start":{"line":331,"column":0},"end":{"line":331,"column":86}},"331":{"start":{"line":332,"column":0},"end":{"line":332,"column":84}},"332":{"start":{"line":333,"column":0},"end":{"line":333,"column":81}},"333":{"start":{"line":334,"column":0},"end":{"line":334,"column":3}},"335":{"start":{"line":336,"column":0},"end":{"line":336,"column":5}},"336":{"start":{"line":337,"column":0},"end":{"line":337,"column":53}},"337":{"start":{"line":338,"column":0},"end":{"line":338,"column":90}},"338":{"start":{"line":339,"column":0},"end":{"line":339,"column":5}},"339":{"start":{"line":340,"column":0},"end":{"line":340,"column":31}},"340":{"start":{"line":341,"column":0},"end":{"line":341,"column":29}},"342":{"start":{"line":343,"column":0},"end":{"line":343,"column":59}},"343":{"start":{"line":344,"column":0},"end":{"line":344,"column":38}},"345":{"start":{"line":346,"column":0},"end":{"line":346,"column":38}},"346":{"start":{"line":347,"column":0},"end":{"line":347,"column":39}},"347":{"start":{"line":348,"column":0},"end":{"line":348,"column":39}},"348":{"start":{"line":349,"column":0},"end":{"line":349,"column":25}},"349":{"start":{"line":350,"column":0},"end":{"line":350,"column":47}},"350":{"start":{"line":351,"column":0},"end":{"line":351,"column":37}},"351":{"start":{"line":352,"column":0},"end":{"line":352,"column":44}},"352":{"start":{"line":353,"column":0},"end":{"line":353,"column":95}},"353":{"start":{"line":354,"column":0},"end":{"line":354,"column":7}},"354":{"start":{"line":355,"column":0},"end":{"line":355,"column":6}},"356":{"start":{"line":357,"column":0},"end":{"line":357,"column":17}},"357":{"start":{"line":358,"column":0},"end":{"line":358,"column":49}},"358":{"start":{"line":359,"column":0},"end":{"line":359,"column":57}},"359":{"start":{"line":360,"column":0},"end":{"line":360,"column":53}},"360":{"start":{"line":361,"column":0},"end":{"line":361,"column":6}},"362":{"start":{"line":363,"column":0},"end":{"line":363,"column":45}},"363":{"start":{"line":364,"column":0},"end":{"line":364,"column":38}},"364":{"start":{"line":365,"column":0},"end":{"line":365,"column":65}},"365":{"start":{"line":366,"column":0},"end":{"line":366,"column":61}},"366":{"start":{"line":367,"column":0},"end":{"line":367,"column":8}},"367":{"start":{"line":368,"column":0},"end":{"line":368,"column":66}},"368":{"start":{"line":369,"column":0},"end":{"line":369,"column":66}},"369":{"start":{"line":370,"column":0},"end":{"line":370,"column":76}},"370":{"start":{"line":371,"column":0},"end":{"line":371,"column":10}},"371":{"start":{"line":372,"column":0},"end":{"line":372,"column":8}},"372":{"start":{"line":373,"column":0},"end":{"line":373,"column":60}},"373":{"start":{"line":374,"column":0},"end":{"line":374,"column":68}},"374":{"start":{"line":375,"column":0},"end":{"line":375,"column":54}},"375":{"start":{"line":376,"column":0},"end":{"line":376,"column":38}},"376":{"start":{"line":377,"column":0},"end":{"line":377,"column":54}},"377":{"start":{"line":378,"column":0},"end":{"line":378,"column":15}},"378":{"start":{"line":379,"column":0},"end":{"line":379,"column":31}},"379":{"start":{"line":380,"column":0},"end":{"line":380,"column":12}},"380":{"start":{"line":381,"column":0},"end":{"line":381,"column":39}},"381":{"start":{"line":382,"column":0},"end":{"line":382,"column":30}},"382":{"start":{"line":383,"column":0},"end":{"line":383,"column":27}},"383":{"start":{"line":384,"column":0},"end":{"line":384,"column":13}},"384":{"start":{"line":385,"column":0},"end":{"line":385,"column":16}},"385":{"start":{"line":386,"column":0},"end":{"line":386,"column":82}},"386":{"start":{"line":387,"column":0},"end":{"line":387,"column":9}},"387":{"start":{"line":388,"column":0},"end":{"line":388,"column":9}},"388":{"start":{"line":389,"column":0},"end":{"line":389,"column":7}},"389":{"start":{"line":390,"column":0},"end":{"line":390,"column":3}},"392":{"start":{"line":393,"column":0},"end":{"line":393,"column":27}},"393":{"start":{"line":394,"column":0},"end":{"line":394,"column":23}},"394":{"start":{"line":395,"column":0},"end":{"line":395,"column":13}},"395":{"start":{"line":396,"column":0},"end":{"line":396,"column":5}},"397":{"start":{"line":398,"column":0},"end":{"line":398,"column":9}},"398":{"start":{"line":399,"column":0},"end":{"line":399,"column":50}},"399":{"start":{"line":400,"column":0},"end":{"line":400,"column":55}},"400":{"start":{"line":401,"column":0},"end":{"line":401,"column":21}},"401":{"start":{"line":402,"column":0},"end":{"line":402,"column":87}},"402":{"start":{"line":403,"column":0},"end":{"line":403,"column":29}},"403":{"start":{"line":404,"column":0},"end":{"line":404,"column":5}},"404":{"start":{"line":405,"column":0},"end":{"line":405,"column":3}},"406":{"start":{"line":407,"column":0},"end":{"line":407,"column":50}},"407":{"start":{"line":408,"column":0},"end":{"line":408,"column":31}},"408":{"start":{"line":409,"column":0},"end":{"line":409,"column":23}},"409":{"start":{"line":410,"column":0},"end":{"line":410,"column":13}},"410":{"start":{"line":411,"column":0},"end":{"line":411,"column":5}},"411":{"start":{"line":412,"column":0},"end":{"line":412,"column":53}},"412":{"start":{"line":413,"column":0},"end":{"line":413,"column":51}},"413":{"start":{"line":414,"column":0},"end":{"line":414,"column":11}},"414":{"start":{"line":415,"column":0},"end":{"line":415,"column":71}},"415":{"start":{"line":416,"column":0},"end":{"line":416,"column":24}},"416":{"start":{"line":417,"column":0},"end":{"line":417,"column":15}},"417":{"start":{"line":418,"column":0},"end":{"line":418,"column":90}},"418":{"start":{"line":419,"column":0},"end":{"line":419,"column":20}},"419":{"start":{"line":420,"column":0},"end":{"line":420,"column":7}},"420":{"start":{"line":421,"column":0},"end":{"line":421,"column":6}},"421":{"start":{"line":422,"column":0},"end":{"line":422,"column":17}},"422":{"start":{"line":423,"column":0},"end":{"line":423,"column":14}},"423":{"start":{"line":424,"column":0},"end":{"line":424,"column":29}},"424":{"start":{"line":425,"column":0},"end":{"line":425,"column":38}},"425":{"start":{"line":426,"column":0},"end":{"line":426,"column":8}},"426":{"start":{"line":427,"column":0},"end":{"line":427,"column":18}},"427":{"start":{"line":428,"column":0},"end":{"line":428,"column":33}},"428":{"start":{"line":429,"column":0},"end":{"line":429,"column":42}},"429":{"start":{"line":430,"column":0},"end":{"line":430,"column":8}},"430":{"start":{"line":431,"column":0},"end":{"line":431,"column":26}},"431":{"start":{"line":432,"column":0},"end":{"line":432,"column":43}},"432":{"start":{"line":433,"column":0},"end":{"line":433,"column":50}},"433":{"start":{"line":434,"column":0},"end":{"line":434,"column":8}},"434":{"start":{"line":435,"column":0},"end":{"line":435,"column":16}},"435":{"start":{"line":436,"column":0},"end":{"line":436,"column":31}},"436":{"start":{"line":437,"column":0},"end":{"line":437,"column":40}},"437":{"start":{"line":438,"column":0},"end":{"line":438,"column":7}},"438":{"start":{"line":439,"column":0},"end":{"line":439,"column":5}},"440":{"start":{"line":441,"column":0},"end":{"line":441,"column":9}},"441":{"start":{"line":442,"column":0},"end":{"line":442,"column":68}},"442":{"start":{"line":443,"column":0},"end":{"line":443,"column":6}},"443":{"start":{"line":444,"column":0},"end":{"line":444,"column":51}},"444":{"start":{"line":445,"column":0},"end":{"line":445,"column":38}},"445":{"start":{"line":446,"column":0},"end":{"line":446,"column":36}},"446":{"start":{"line":447,"column":0},"end":{"line":447,"column":84}},"447":{"start":{"line":448,"column":0},"end":{"line":448,"column":9}},"448":{"start":{"line":449,"column":0},"end":{"line":449,"column":6}},"449":{"start":{"line":450,"column":0},"end":{"line":450,"column":62}},"450":{"start":{"line":451,"column":0},"end":{"line":451,"column":91}},"451":{"start":{"line":452,"column":0},"end":{"line":452,"column":9}},"452":{"start":{"line":453,"column":0},"end":{"line":453,"column":39}},"453":{"start":{"line":454,"column":0},"end":{"line":454,"column":6}},"454":{"start":{"line":455,"column":0},"end":{"line":455,"column":81}},"455":{"start":{"line":456,"column":0},"end":{"line":456,"column":63}},"456":{"start":{"line":457,"column":0},"end":{"line":457,"column":61}},"457":{"start":{"line":458,"column":0},"end":{"line":458,"column":64}},"458":{"start":{"line":459,"column":0},"end":{"line":459,"column":9}},"459":{"start":{"line":460,"column":0},"end":{"line":460,"column":6}},"460":{"start":{"line":461,"column":0},"end":{"line":461,"column":74}},"461":{"start":{"line":462,"column":0},"end":{"line":462,"column":33}},"462":{"start":{"line":463,"column":0},"end":{"line":463,"column":6}},"463":{"start":{"line":464,"column":0},"end":{"line":464,"column":31}},"464":{"start":{"line":465,"column":0},"end":{"line":465,"column":21}},"465":{"start":{"line":466,"column":0},"end":{"line":466,"column":82}},"466":{"start":{"line":467,"column":0},"end":{"line":467,"column":76}},"467":{"start":{"line":468,"column":0},"end":{"line":468,"column":26}},"468":{"start":{"line":469,"column":0},"end":{"line":469,"column":29}},"469":{"start":{"line":470,"column":0},"end":{"line":470,"column":9}},"470":{"start":{"line":471,"column":0},"end":{"line":471,"column":16}},"471":{"start":{"line":472,"column":0},"end":{"line":472,"column":5}},"472":{"start":{"line":473,"column":0},"end":{"line":473,"column":3}},"474":{"start":{"line":475,"column":0},"end":{"line":475,"column":30}},"475":{"start":{"line":476,"column":0},"end":{"line":476,"column":23}},"476":{"start":{"line":477,"column":0},"end":{"line":477,"column":53}},"477":{"start":{"line":478,"column":0},"end":{"line":478,"column":26}},"478":{"start":{"line":479,"column":0},"end":{"line":479,"column":9}},"479":{"start":{"line":480,"column":0},"end":{"line":480,"column":5}},"480":{"start":{"line":481,"column":0},"end":{"line":481,"column":53}},"481":{"start":{"line":482,"column":0},"end":{"line":482,"column":53}},"482":{"start":{"line":483,"column":0},"end":{"line":483,"column":26}},"483":{"start":{"line":484,"column":0},"end":{"line":484,"column":28}},"484":{"start":{"line":485,"column":0},"end":{"line":485,"column":9}},"485":{"start":{"line":486,"column":0},"end":{"line":486,"column":5}},"487":{"start":{"line":488,"column":0},"end":{"line":488,"column":9}},"488":{"start":{"line":489,"column":0},"end":{"line":489,"column":48}},"489":{"start":{"line":490,"column":0},"end":{"line":490,"column":21}},"490":{"start":{"line":491,"column":0},"end":{"line":491,"column":51}},"491":{"start":{"line":492,"column":0},"end":{"line":492,"column":26}},"492":{"start":{"line":493,"column":0},"end":{"line":493,"column":9}},"493":{"start":{"line":494,"column":0},"end":{"line":494,"column":5}},"494":{"start":{"line":495,"column":0},"end":{"line":495,"column":3}},"497":{"start":{"line":498,"column":0},"end":{"line":498,"column":5}},"498":{"start":{"line":499,"column":0},"end":{"line":499,"column":38}},"499":{"start":{"line":500,"column":0},"end":{"line":500,"column":5}},"500":{"start":{"line":501,"column":0},"end":{"line":501,"column":64}},"501":{"start":{"line":502,"column":0},"end":{"line":502,"column":82}},"502":{"start":{"line":503,"column":0},"end":{"line":503,"column":67}},"503":{"start":{"line":504,"column":0},"end":{"line":504,"column":46}},"504":{"start":{"line":505,"column":0},"end":{"line":505,"column":70}},"505":{"start":{"line":506,"column":0},"end":{"line":506,"column":54}},"506":{"start":{"line":507,"column":0},"end":{"line":507,"column":5}},"507":{"start":{"line":508,"column":0},"end":{"line":508,"column":13}},"508":{"start":{"line":509,"column":0},"end":{"line":509,"column":35}},"509":{"start":{"line":510,"column":0},"end":{"line":510,"column":86}},"510":{"start":{"line":511,"column":0},"end":{"line":511,"column":5}},"511":{"start":{"line":512,"column":0},"end":{"line":512,"column":54}},"512":{"start":{"line":513,"column":0},"end":{"line":513,"column":23}},"513":{"start":{"line":514,"column":0},"end":{"line":514,"column":53}},"514":{"start":{"line":515,"column":0},"end":{"line":515,"column":26}},"515":{"start":{"line":516,"column":0},"end":{"line":516,"column":27}},"516":{"start":{"line":517,"column":0},"end":{"line":517,"column":9}},"517":{"start":{"line":518,"column":0},"end":{"line":518,"column":5}},"518":{"start":{"line":519,"column":0},"end":{"line":519,"column":53}},"519":{"start":{"line":520,"column":0},"end":{"line":520,"column":51}},"520":{"start":{"line":521,"column":0},"end":{"line":521,"column":26}},"521":{"start":{"line":522,"column":0},"end":{"line":522,"column":27}},"522":{"start":{"line":523,"column":0},"end":{"line":523,"column":28}},"523":{"start":{"line":524,"column":0},"end":{"line":524,"column":9}},"524":{"start":{"line":525,"column":0},"end":{"line":525,"column":5}},"526":{"start":{"line":527,"column":0},"end":{"line":527,"column":67}},"527":{"start":{"line":528,"column":0},"end":{"line":528,"column":18}},"528":{"start":{"line":529,"column":0},"end":{"line":529,"column":47}},"529":{"start":{"line":530,"column":0},"end":{"line":530,"column":26}},"530":{"start":{"line":531,"column":0},"end":{"line":531,"column":27}},"531":{"start":{"line":532,"column":0},"end":{"line":532,"column":58}},"532":{"start":{"line":533,"column":0},"end":{"line":533,"column":9}},"533":{"start":{"line":534,"column":0},"end":{"line":534,"column":5}},"534":{"start":{"line":535,"column":0},"end":{"line":535,"column":65}},"535":{"start":{"line":536,"column":0},"end":{"line":536,"column":67}},"536":{"start":{"line":537,"column":0},"end":{"line":537,"column":48}},"537":{"start":{"line":538,"column":0},"end":{"line":538,"column":26}},"538":{"start":{"line":539,"column":0},"end":{"line":539,"column":27}},"539":{"start":{"line":540,"column":0},"end":{"line":540,"column":13}},"540":{"start":{"line":541,"column":0},"end":{"line":541,"column":9}},"541":{"start":{"line":542,"column":0},"end":{"line":542,"column":5}},"543":{"start":{"line":544,"column":0},"end":{"line":544,"column":9}},"545":{"start":{"line":546,"column":0},"end":{"line":546,"column":40}},"546":{"start":{"line":547,"column":0},"end":{"line":547,"column":40}},"547":{"start":{"line":548,"column":0},"end":{"line":548,"column":27}},"548":{"start":{"line":549,"column":0},"end":{"line":549,"column":25}},"549":{"start":{"line":550,"column":0},"end":{"line":550,"column":9}},"550":{"start":{"line":551,"column":0},"end":{"line":551,"column":49}},"551":{"start":{"line":552,"column":0},"end":{"line":552,"column":21}},"552":{"start":{"line":553,"column":0},"end":{"line":553,"column":56}},"553":{"start":{"line":554,"column":0},"end":{"line":554,"column":26}},"554":{"start":{"line":555,"column":0},"end":{"line":555,"column":27}},"555":{"start":{"line":556,"column":0},"end":{"line":556,"column":13}},"556":{"start":{"line":557,"column":0},"end":{"line":557,"column":9}},"557":{"start":{"line":558,"column":0},"end":{"line":558,"column":5}},"559":{"start":{"line":560,"column":0},"end":{"line":560,"column":3}},"561":{"start":{"line":562,"column":0},"end":{"line":562,"column":4}},"562":{"start":{"line":563,"column":0},"end":{"line":563,"column":110}},"563":{"start":{"line":564,"column":0},"end":{"line":564,"column":110}},"564":{"start":{"line":565,"column":0},"end":{"line":565,"column":110}},"565":{"start":{"line":566,"column":0},"end":{"line":566,"column":136}},"566":{"start":{"line":567,"column":0},"end":{"line":567,"column":143}},"567":{"start":{"line":568,"column":0},"end":{"line":568,"column":176}},"568":{"start":{"line":569,"column":0},"end":{"line":569,"column":115}},"569":{"start":{"line":570,"column":0},"end":{"line":570,"column":6}},"570":{"start":{"line":571,"column":0},"end":{"line":571,"column":5}},"571":{"start":{"line":572,"column":0},"end":{"line":572,"column":38}},"572":{"start":{"line":573,"column":0},"end":{"line":573,"column":5}},"573":{"start":{"line":574,"column":0},"end":{"line":574,"column":59}},"574":{"start":{"line":575,"column":0},"end":{"line":575,"column":80}},"575":{"start":{"line":576,"column":0},"end":{"line":576,"column":67}},"576":{"start":{"line":577,"column":0},"end":{"line":577,"column":53}},"577":{"start":{"line":578,"column":0},"end":{"line":578,"column":66}},"578":{"start":{"line":579,"column":0},"end":{"line":579,"column":54}},"579":{"start":{"line":580,"column":0},"end":{"line":580,"column":5}},"580":{"start":{"line":581,"column":0},"end":{"line":581,"column":13}},"581":{"start":{"line":582,"column":0},"end":{"line":582,"column":37}},"582":{"start":{"line":583,"column":0},"end":{"line":583,"column":85}},"583":{"start":{"line":584,"column":0},"end":{"line":584,"column":5}},"584":{"start":{"line":585,"column":0},"end":{"line":585,"column":51}},"585":{"start":{"line":586,"column":0},"end":{"line":586,"column":23}},"586":{"start":{"line":587,"column":0},"end":{"line":587,"column":53}},"587":{"start":{"line":588,"column":0},"end":{"line":588,"column":26}},"588":{"start":{"line":589,"column":0},"end":{"line":589,"column":23}},"589":{"start":{"line":590,"column":0},"end":{"line":590,"column":9}},"590":{"start":{"line":591,"column":0},"end":{"line":591,"column":5}},"592":{"start":{"line":593,"column":0},"end":{"line":593,"column":53}},"593":{"start":{"line":594,"column":0},"end":{"line":594,"column":51}},"594":{"start":{"line":595,"column":0},"end":{"line":595,"column":26}},"595":{"start":{"line":596,"column":0},"end":{"line":596,"column":23}},"596":{"start":{"line":597,"column":0},"end":{"line":597,"column":28}},"597":{"start":{"line":598,"column":0},"end":{"line":598,"column":9}},"598":{"start":{"line":599,"column":0},"end":{"line":599,"column":5}},"600":{"start":{"line":601,"column":0},"end":{"line":601,"column":61}},"601":{"start":{"line":602,"column":0},"end":{"line":602,"column":16}},"602":{"start":{"line":603,"column":0},"end":{"line":603,"column":45}},"603":{"start":{"line":604,"column":0},"end":{"line":604,"column":26}},"604":{"start":{"line":605,"column":0},"end":{"line":605,"column":23}},"605":{"start":{"line":606,"column":0},"end":{"line":606,"column":54}},"606":{"start":{"line":607,"column":0},"end":{"line":607,"column":9}},"607":{"start":{"line":608,"column":0},"end":{"line":608,"column":5}},"609":{"start":{"line":610,"column":0},"end":{"line":610,"column":65}},"610":{"start":{"line":611,"column":0},"end":{"line":611,"column":67}},"611":{"start":{"line":612,"column":0},"end":{"line":612,"column":48}},"612":{"start":{"line":613,"column":0},"end":{"line":613,"column":26}},"613":{"start":{"line":614,"column":0},"end":{"line":614,"column":23}},"614":{"start":{"line":615,"column":0},"end":{"line":615,"column":13}},"615":{"start":{"line":616,"column":0},"end":{"line":616,"column":9}},"616":{"start":{"line":617,"column":0},"end":{"line":617,"column":5}},"618":{"start":{"line":619,"column":0},"end":{"line":619,"column":9}},"619":{"start":{"line":620,"column":0},"end":{"line":620,"column":39}},"620":{"start":{"line":621,"column":0},"end":{"line":621,"column":9}},"621":{"start":{"line":622,"column":0},"end":{"line":622,"column":31}},"622":{"start":{"line":623,"column":0},"end":{"line":623,"column":19}},"623":{"start":{"line":624,"column":0},"end":{"line":624,"column":27}},"624":{"start":{"line":625,"column":0},"end":{"line":625,"column":28}},"625":{"start":{"line":626,"column":0},"end":{"line":626,"column":12}},"626":{"start":{"line":627,"column":0},"end":{"line":627,"column":10}},"627":{"start":{"line":628,"column":0},"end":{"line":628,"column":29}},"628":{"start":{"line":629,"column":0},"end":{"line":629,"column":23}},"629":{"start":{"line":630,"column":0},"end":{"line":630,"column":8}},"630":{"start":{"line":631,"column":0},"end":{"line":631,"column":21}},"631":{"start":{"line":632,"column":0},"end":{"line":632,"column":54}},"632":{"start":{"line":633,"column":0},"end":{"line":633,"column":26}},"633":{"start":{"line":634,"column":0},"end":{"line":634,"column":23}},"634":{"start":{"line":635,"column":0},"end":{"line":635,"column":13}},"635":{"start":{"line":636,"column":0},"end":{"line":636,"column":9}},"636":{"start":{"line":637,"column":0},"end":{"line":637,"column":5}},"637":{"start":{"line":638,"column":0},"end":{"line":638,"column":3}},"639":{"start":{"line":640,"column":0},"end":{"line":640,"column":4}},"640":{"start":{"line":641,"column":0},"end":{"line":641,"column":119}},"641":{"start":{"line":642,"column":0},"end":{"line":642,"column":119}},"642":{"start":{"line":643,"column":0},"end":{"line":643,"column":124}},"643":{"start":{"line":644,"column":0},"end":{"line":644,"column":127}},"644":{"start":{"line":645,"column":0},"end":{"line":645,"column":142}},"645":{"start":{"line":646,"column":0},"end":{"line":646,"column":165}},"646":{"start":{"line":647,"column":0},"end":{"line":647,"column":119}},"647":{"start":{"line":648,"column":0},"end":{"line":648,"column":4}},"649":{"start":{"line":650,"column":0},"end":{"line":650,"column":5}},"650":{"start":{"line":651,"column":0},"end":{"line":651,"column":41}},"651":{"start":{"line":652,"column":0},"end":{"line":652,"column":5}},"652":{"start":{"line":653,"column":0},"end":{"line":653,"column":47}},"653":{"start":{"line":654,"column":0},"end":{"line":654,"column":67}},"654":{"start":{"line":655,"column":0},"end":{"line":655,"column":48}},"655":{"start":{"line":656,"column":0},"end":{"line":656,"column":73}},"656":{"start":{"line":657,"column":0},"end":{"line":657,"column":54}},"657":{"start":{"line":658,"column":0},"end":{"line":658,"column":5}},"658":{"start":{"line":659,"column":0},"end":{"line":659,"column":13}},"659":{"start":{"line":660,"column":0},"end":{"line":660,"column":28}},"660":{"start":{"line":661,"column":0},"end":{"line":661,"column":76}},"661":{"start":{"line":662,"column":0},"end":{"line":662,"column":5}},"662":{"start":{"line":663,"column":0},"end":{"line":663,"column":44}},"663":{"start":{"line":664,"column":0},"end":{"line":664,"column":23}},"664":{"start":{"line":665,"column":0},"end":{"line":665,"column":57}},"665":{"start":{"line":666,"column":0},"end":{"line":666,"column":26}},"666":{"start":{"line":667,"column":0},"end":{"line":667,"column":12}},"667":{"start":{"line":668,"column":0},"end":{"line":668,"column":9}},"668":{"start":{"line":669,"column":0},"end":{"line":669,"column":5}},"670":{"start":{"line":671,"column":0},"end":{"line":671,"column":53}},"671":{"start":{"line":672,"column":0},"end":{"line":672,"column":55}},"672":{"start":{"line":673,"column":0},"end":{"line":673,"column":26}},"673":{"start":{"line":674,"column":0},"end":{"line":674,"column":12}},"674":{"start":{"line":675,"column":0},"end":{"line":675,"column":28}},"675":{"start":{"line":676,"column":0},"end":{"line":676,"column":9}},"676":{"start":{"line":677,"column":0},"end":{"line":677,"column":5}},"678":{"start":{"line":679,"column":0},"end":{"line":679,"column":30}},"679":{"start":{"line":680,"column":0},"end":{"line":680,"column":53}},"680":{"start":{"line":681,"column":0},"end":{"line":681,"column":45}},"681":{"start":{"line":682,"column":0},"end":{"line":682,"column":47}},"682":{"start":{"line":683,"column":0},"end":{"line":683,"column":72}},"683":{"start":{"line":684,"column":0},"end":{"line":684,"column":55}},"684":{"start":{"line":685,"column":0},"end":{"line":685,"column":12}},"686":{"start":{"line":687,"column":0},"end":{"line":687,"column":30}},"687":{"start":{"line":688,"column":0},"end":{"line":688,"column":65}},"688":{"start":{"line":689,"column":0},"end":{"line":689,"column":29}},"689":{"start":{"line":690,"column":0},"end":{"line":690,"column":15}},"690":{"start":{"line":691,"column":0},"end":{"line":691,"column":64}},"691":{"start":{"line":692,"column":0},"end":{"line":692,"column":80}},"692":{"start":{"line":693,"column":0},"end":{"line":693,"column":12}},"693":{"start":{"line":694,"column":0},"end":{"line":694,"column":8}},"695":{"start":{"line":696,"column":0},"end":{"line":696,"column":9}},"696":{"start":{"line":697,"column":0},"end":{"line":697,"column":39}},"697":{"start":{"line":698,"column":0},"end":{"line":698,"column":9}},"698":{"start":{"line":699,"column":0},"end":{"line":699,"column":35}},"699":{"start":{"line":700,"column":0},"end":{"line":700,"column":26}},"700":{"start":{"line":701,"column":0},"end":{"line":701,"column":10}},"701":{"start":{"line":702,"column":0},"end":{"line":702,"column":33}},"702":{"start":{"line":703,"column":0},"end":{"line":703,"column":23}},"703":{"start":{"line":704,"column":0},"end":{"line":704,"column":8}},"704":{"start":{"line":705,"column":0},"end":{"line":705,"column":21}},"705":{"start":{"line":706,"column":0},"end":{"line":706,"column":53}},"706":{"start":{"line":707,"column":0},"end":{"line":707,"column":26}},"707":{"start":{"line":708,"column":0},"end":{"line":708,"column":12}},"708":{"start":{"line":709,"column":0},"end":{"line":709,"column":9}},"709":{"start":{"line":710,"column":0},"end":{"line":710,"column":5}},"710":{"start":{"line":711,"column":0},"end":{"line":711,"column":3}},"714":{"start":{"line":715,"column":0},"end":{"line":715,"column":5}},"715":{"start":{"line":716,"column":0},"end":{"line":716,"column":83}},"716":{"start":{"line":717,"column":0},"end":{"line":717,"column":87}},"717":{"start":{"line":718,"column":0},"end":{"line":718,"column":74}},"718":{"start":{"line":719,"column":0},"end":{"line":719,"column":5}},"719":{"start":{"line":720,"column":0},"end":{"line":720,"column":24}},"720":{"start":{"line":721,"column":0},"end":{"line":721,"column":52}},"721":{"start":{"line":722,"column":0},"end":{"line":722,"column":38}},"723":{"start":{"line":724,"column":0},"end":{"line":724,"column":33}},"724":{"start":{"line":725,"column":0},"end":{"line":725,"column":26}},"725":{"start":{"line":726,"column":0},"end":{"line":726,"column":11}},"726":{"start":{"line":727,"column":0},"end":{"line":727,"column":37}},"727":{"start":{"line":728,"column":0},"end":{"line":728,"column":21}},"728":{"start":{"line":729,"column":0},"end":{"line":729,"column":83}},"729":{"start":{"line":730,"column":0},"end":{"line":730,"column":7}},"730":{"start":{"line":731,"column":0},"end":{"line":731,"column":29}},"731":{"start":{"line":732,"column":0},"end":{"line":732,"column":5}},"733":{"start":{"line":734,"column":0},"end":{"line":734,"column":32}},"734":{"start":{"line":735,"column":0},"end":{"line":735,"column":25}},"735":{"start":{"line":736,"column":0},"end":{"line":736,"column":54}},"736":{"start":{"line":737,"column":0},"end":{"line":737,"column":37}},"737":{"start":{"line":738,"column":0},"end":{"line":738,"column":13}},"738":{"start":{"line":739,"column":0},"end":{"line":739,"column":77}},"739":{"start":{"line":740,"column":0},"end":{"line":740,"column":50}},"740":{"start":{"line":741,"column":0},"end":{"line":741,"column":23}},"741":{"start":{"line":742,"column":0},"end":{"line":742,"column":84}},"742":{"start":{"line":743,"column":0},"end":{"line":743,"column":9}},"743":{"start":{"line":744,"column":0},"end":{"line":744,"column":7}},"744":{"start":{"line":745,"column":0},"end":{"line":745,"column":11}},"745":{"start":{"line":746,"column":0},"end":{"line":746,"column":37}},"746":{"start":{"line":747,"column":0},"end":{"line":747,"column":21}},"747":{"start":{"line":748,"column":0},"end":{"line":748,"column":80}},"748":{"start":{"line":749,"column":0},"end":{"line":749,"column":7}},"749":{"start":{"line":750,"column":0},"end":{"line":750,"column":28}},"750":{"start":{"line":751,"column":0},"end":{"line":751,"column":5}},"752":{"start":{"line":753,"column":0},"end":{"line":753,"column":29}},"753":{"start":{"line":754,"column":0},"end":{"line":754,"column":22}},"754":{"start":{"line":755,"column":0},"end":{"line":755,"column":11}},"755":{"start":{"line":756,"column":0},"end":{"line":756,"column":34}},"756":{"start":{"line":757,"column":0},"end":{"line":757,"column":21}},"757":{"start":{"line":758,"column":0},"end":{"line":758,"column":77}},"758":{"start":{"line":759,"column":0},"end":{"line":759,"column":7}},"759":{"start":{"line":760,"column":0},"end":{"line":760,"column":25}},"760":{"start":{"line":761,"column":0},"end":{"line":761,"column":5}},"762":{"start":{"line":763,"column":0},"end":{"line":763,"column":27}},"763":{"start":{"line":764,"column":0},"end":{"line":764,"column":29}},"765":{"start":{"line":766,"column":0},"end":{"line":766,"column":51}},"766":{"start":{"line":767,"column":0},"end":{"line":767,"column":25}},"767":{"start":{"line":768,"column":0},"end":{"line":768,"column":11}},"768":{"start":{"line":769,"column":0},"end":{"line":769,"column":37}},"769":{"start":{"line":770,"column":0},"end":{"line":770,"column":71}},"770":{"start":{"line":771,"column":0},"end":{"line":771,"column":21}},"771":{"start":{"line":772,"column":0},"end":{"line":772,"column":84}},"772":{"start":{"line":773,"column":0},"end":{"line":773,"column":7}},"773":{"start":{"line":774,"column":0},"end":{"line":774,"column":28}},"774":{"start":{"line":775,"column":0},"end":{"line":775,"column":30}},"775":{"start":{"line":776,"column":0},"end":{"line":776,"column":5}},"777":{"start":{"line":778,"column":0},"end":{"line":778,"column":28}},"778":{"start":{"line":779,"column":0},"end":{"line":779,"column":27}},"779":{"start":{"line":780,"column":0},"end":{"line":780,"column":3}},"781":{"start":{"line":782,"column":0},"end":{"line":782,"column":27}},"782":{"start":{"line":783,"column":0},"end":{"line":783,"column":23}},"783":{"start":{"line":784,"column":0},"end":{"line":784,"column":26}},"784":{"start":{"line":785,"column":0},"end":{"line":785,"column":20}},"785":{"start":{"line":786,"column":0},"end":{"line":786,"column":24}},"786":{"start":{"line":787,"column":0},"end":{"line":787,"column":22}},"787":{"start":{"line":788,"column":0},"end":{"line":788,"column":32}},"788":{"start":{"line":789,"column":0},"end":{"line":789,"column":99}},"789":{"start":{"line":790,"column":0},"end":{"line":790,"column":31}},"790":{"start":{"line":791,"column":0},"end":{"line":791,"column":26}},"791":{"start":{"line":792,"column":0},"end":{"line":792,"column":28}},"792":{"start":{"line":793,"column":0},"end":{"line":793,"column":50}},"793":{"start":{"line":794,"column":0},"end":{"line":794,"column":33}},"794":{"start":{"line":795,"column":0},"end":{"line":795,"column":29}},"795":{"start":{"line":796,"column":0},"end":{"line":796,"column":27}},"796":{"start":{"line":797,"column":0},"end":{"line":797,"column":3}},"798":{"start":{"line":799,"column":0},"end":{"line":799,"column":5}},"799":{"start":{"line":800,"column":0},"end":{"line":800,"column":63}},"800":{"start":{"line":801,"column":0},"end":{"line":801,"column":5}},"801":{"start":{"line":802,"column":0},"end":{"line":802,"column":71}},"802":{"start":{"line":803,"column":0},"end":{"line":803,"column":29}},"803":{"start":{"line":804,"column":0},"end":{"line":804,"column":5}},"804":{"start":{"line":805,"column":0},"end":{"line":805,"column":27}},"805":{"start":{"line":806,"column":0},"end":{"line":806,"column":37}},"806":{"start":{"line":807,"column":0},"end":{"line":807,"column":30}},"807":{"start":{"line":808,"column":0},"end":{"line":808,"column":3}},"809":{"start":{"line":810,"column":0},"end":{"line":810,"column":59}},"810":{"start":{"line":811,"column":0},"end":{"line":811,"column":26}},"811":{"start":{"line":812,"column":0},"end":{"line":812,"column":36}},"812":{"start":{"line":813,"column":0},"end":{"line":813,"column":28}},"813":{"start":{"line":814,"column":0},"end":{"line":814,"column":33}},"814":{"start":{"line":815,"column":0},"end":{"line":815,"column":37}},"815":{"start":{"line":816,"column":0},"end":{"line":816,"column":6}},"816":{"start":{"line":817,"column":0},"end":{"line":817,"column":3}},"818":{"start":{"line":819,"column":0},"end":{"line":819,"column":5}},"819":{"start":{"line":820,"column":0},"end":{"line":820,"column":95}},"820":{"start":{"line":821,"column":0},"end":{"line":821,"column":5}},"821":{"start":{"line":822,"column":0},"end":{"line":822,"column":71}},"822":{"start":{"line":823,"column":0},"end":{"line":823,"column":77}},"823":{"start":{"line":824,"column":0},"end":{"line":824,"column":57}},"824":{"start":{"line":825,"column":0},"end":{"line":825,"column":5}},"825":{"start":{"line":826,"column":0},"end":{"line":826,"column":13}},"826":{"start":{"line":827,"column":0},"end":{"line":827,"column":24}},"827":{"start":{"line":828,"column":0},"end":{"line":828,"column":63}},"828":{"start":{"line":829,"column":0},"end":{"line":829,"column":57}},"829":{"start":{"line":830,"column":0},"end":{"line":830,"column":5}},"830":{"start":{"line":831,"column":0},"end":{"line":831,"column":21}},"831":{"start":{"line":832,"column":0},"end":{"line":832,"column":33}},"832":{"start":{"line":833,"column":0},"end":{"line":833,"column":82}},"833":{"start":{"line":834,"column":0},"end":{"line":834,"column":5}},"834":{"start":{"line":835,"column":0},"end":{"line":835,"column":14}},"835":{"start":{"line":836,"column":0},"end":{"line":836,"column":34}},"836":{"start":{"line":837,"column":0},"end":{"line":837,"column":66}},"837":{"start":{"line":838,"column":0},"end":{"line":838,"column":108}},"838":{"start":{"line":839,"column":0},"end":{"line":839,"column":57}},"839":{"start":{"line":840,"column":0},"end":{"line":840,"column":48}},"840":{"start":{"line":841,"column":0},"end":{"line":841,"column":61}},"841":{"start":{"line":842,"column":0},"end":{"line":842,"column":12}},"842":{"start":{"line":843,"column":0},"end":{"line":843,"column":46}},"843":{"start":{"line":844,"column":0},"end":{"line":844,"column":5}},"844":{"start":{"line":845,"column":0},"end":{"line":845,"column":3}},"846":{"start":{"line":847,"column":0},"end":{"line":847,"column":5}},"847":{"start":{"line":848,"column":0},"end":{"line":848,"column":104}},"848":{"start":{"line":849,"column":0},"end":{"line":849,"column":5}},"849":{"start":{"line":850,"column":0},"end":{"line":850,"column":29}},"850":{"start":{"line":851,"column":0},"end":{"line":851,"column":52}},"851":{"start":{"line":852,"column":0},"end":{"line":852,"column":5}},"852":{"start":{"line":853,"column":0},"end":{"line":853,"column":13}},"853":{"start":{"line":854,"column":0},"end":{"line":854,"column":39}},"854":{"start":{"line":855,"column":0},"end":{"line":855,"column":34}},"855":{"start":{"line":856,"column":0},"end":{"line":856,"column":5}},"856":{"start":{"line":857,"column":0},"end":{"line":857,"column":21}},"857":{"start":{"line":858,"column":0},"end":{"line":858,"column":22}},"858":{"start":{"line":859,"column":0},"end":{"line":859,"column":11}},"859":{"start":{"line":860,"column":0},"end":{"line":860,"column":32}},"860":{"start":{"line":861,"column":0},"end":{"line":861,"column":7}},"861":{"start":{"line":862,"column":0},"end":{"line":862,"column":21}},"862":{"start":{"line":863,"column":0},"end":{"line":863,"column":76}},"863":{"start":{"line":864,"column":0},"end":{"line":864,"column":99}},"864":{"start":{"line":865,"column":0},"end":{"line":865,"column":26}},"865":{"start":{"line":866,"column":0},"end":{"line":866,"column":7}},"866":{"start":{"line":867,"column":0},"end":{"line":867,"column":5}},"867":{"start":{"line":868,"column":0},"end":{"line":868,"column":25}},"868":{"start":{"line":869,"column":0},"end":{"line":869,"column":3}},"870":{"start":{"line":871,"column":0},"end":{"line":871,"column":5}},"871":{"start":{"line":872,"column":0},"end":{"line":872,"column":60}},"872":{"start":{"line":873,"column":0},"end":{"line":873,"
[...]
olumn":0},"end":{"line":303,"column":16}},"303":{"start":{"line":304,"column":0},"end":{"line":304,"column":11}},"304":{"start":{"line":305,"column":0},"end":{"line":305,"column":5}},"306":{"start":{"line":307,"column":0},"end":{"line":307,"column":7}},"307":{"start":{"line":308,"column":0},"end":{"line":308,"column":36}},"308":{"start":{"line":309,"column":0},"end":{"line":309,"column":5}},"309":{"start":{"line":310,"column":0},"end":{"line":310,"column":58}},"310":{"start":{"line":311,"column":0},"end":{"line":311,"column":47}},"311":{"start":{"line":312,"column":0},"end":{"line":312,"column":46}},"312":{"start":{"line":313,"column":0},"end":{"line":313,"column":11}},"313":{"start":{"line":314,"column":0},"end":{"line":314,"column":5}},"315":{"start":{"line":316,"column":0},"end":{"line":316,"column":7}},"316":{"start":{"line":317,"column":0},"end":{"line":317,"column":31}},"317":{"start":{"line":318,"column":0},"end":{"line":318,"column":5}},"318":{"start":{"line":319,"column":0},"end":{"line":319,"column":22}},"319":{"start":{"line":320,"column":0},"end":{"line":320,"column":34}},"320":{"start":{"line":321,"column":0},"end":{"line":321,"column":32}},"321":{"start":{"line":322,"column":0},"end":{"line":322,"column":34}},"322":{"start":{"line":323,"column":0},"end":{"line":323,"column":64}},"323":{"start":{"line":324,"column":0},"end":{"line":324,"column":5}},"325":{"start":{"line":326,"column":0},"end":{"line":326,"column":22}},"327":{"start":{"line":328,"column":0},"end":{"line":328,"column":7}},"328":{"start":{"line":329,"column":0},"end":{"line":329,"column":69}},"329":{"start":{"line":330,"column":0},"end":{"line":330,"column":5}},"330":{"start":{"line":331,"column":0},"end":{"line":331,"column":30}},"331":{"start":{"line":332,"column":0},"end":{"line":332,"column":13}},"332":{"start":{"line":333,"column":0},"end":{"line":333,"column":48}},"333":{"start":{"line":334,"column":0},"end":{"line":334,"column":25}},"334":{"start":{"line":335,"column":0},"end":{"line":335,"column":42}},"335":{"start":{"line":336,"column":0},"end":{"line":336,"column":43}},"336":{"start":{"line":337,"column":0},"end":{"line":337,"column":20}},"337":{"start":{"line":338,"column":0},"end":{"line":338,"column":28}},"338":{"start":{"line":339,"column":0},"end":{"line":339,"column":13}},"339":{"start":{"line":340,"column":0},"end":{"line":340,"column":9}},"340":{"start":{"line":341,"column":0},"end":{"line":341,"column":5}},"342":{"start":{"line":343,"column":0},"end":{"line":343,"column":7}},"343":{"start":{"line":344,"column":0},"end":{"line":344,"column":39}},"344":{"start":{"line":345,"column":0},"end":{"line":345,"column":5}},"345":{"start":{"line":346,"column":0},"end":{"line":346,"column":24}},"346":{"start":{"line":347,"column":0},"end":{"line":347,"column":13}},"347":{"start":{"line":348,"column":0},"end":{"line":348,"column":74}},"348":{"start":{"line":349,"column":0},"end":{"line":349,"column":47}},"349":{"start":{"line":350,"column":0},"end":{"line":350,"column":25}},"350":{"start":{"line":351,"column":0},"end":{"line":351,"column":42}},"351":{"start":{"line":352,"column":0},"end":{"line":352,"column":26}},"352":{"start":{"line":353,"column":0},"end":{"line":353,"column":13}},"353":{"start":{"line":354,"column":0},"end":{"line":354,"column":24}},"354":{"start":{"line":355,"column":0},"end":{"line":355,"column":9}},"355":{"start":{"line":356,"column":0},"end":{"line":356,"column":5}},"357":{"start":{"line":358,"column":0},"end":{"line":358,"column":7}},"358":{"start":{"line":359,"column":0},"end":{"line":359,"column":38}},"359":{"start":{"line":360,"column":0},"end":{"line":360,"column":5}},"360":{"start":{"line":361,"column":0},"end":{"line":361,"column":30}},"361":{"start":{"line":362,"column":0},"end":{"line":362,"column":55}},"362":{"start":{"line":363,"column":0},"end":{"line":363,"column":64}},"363":{"start":{"line":364,"column":0},"end":{"line":364,"column":5}},"365":{"start":{"line":366,"column":0},"end":{"line":366,"column":7}},"366":{"start":{"line":367,"column":0},"end":{"line":367,"column":70}},"367":{"start":{"line":368,"column":0},"end":{"line":368,"column":7}},"368":{"start":{"line":369,"column":0},"end":{"line":369,"column":55}},"369":{"start":{"line":370,"column":0},"end":{"line":370,"column":30}},"370":{"start":{"line":371,"column":0},"end":{"line":371,"column":31}},"372":{"start":{"line":373,"column":0},"end":{"line":373,"column":64}},"373":{"start":{"line":374,"column":0},"end":{"line":374,"column":17}},"374":{"start":{"line":375,"column":0},"end":{"line":375,"column":75}},"375":{"start":{"line":376,"column":0},"end":{"line":376,"column":94}},"377":{"start":{"line":378,"column":0},"end":{"line":378,"column":21}},"378":{"start":{"line":379,"column":0},"end":{"line":379,"column":31}},"379":{"start":{"line":380,"column":0},"end":{"line":380,"column":27}},"380":{"start":{"line":381,"column":0},"end":{"line":381,"column":52}},"381":{"start":{"line":382,"column":0},"end":{"line":382,"column":25}},"382":{"start":{"line":383,"column":0},"end":{"line":383,"column":59}},"383":{"start":{"line":384,"column":0},"end":{"line":384,"column":29}},"384":{"start":{"line":385,"column":0},"end":{"line":385,"column":71}},"385":{"start":{"line":386,"column":0},"end":{"line":386,"column":21}},"386":{"start":{"line":387,"column":0},"end":{"line":387,"column":17}},"387":{"start":{"line":388,"column":0},"end":{"line":388,"column":51}},"388":{"start":{"line":389,"column":0},"end":{"line":389,"column":29}},"389":{"start":{"line":390,"column":0},"end":{"line":390,"column":46}},"390":{"start":{"line":391,"column":0},"end":{"line":391,"column":55}},"391":{"start":{"line":392,"column":0},"end":{"line":392,"column":82}},"392":{"start":{"line":393,"column":0},"end":{"line":393,"column":29}},"393":{"start":{"line":394,"column":0},"end":{"line":394,"column":17}},"394":{"start":{"line":395,"column":0},"end":{"line":395,"column":63}},"395":{"start":{"line":396,"column":0},"end":{"line":396,"column":13}},"396":{"start":{"line":397,"column":0},"end":{"line":397,"column":9}},"398":{"start":{"line":399,"column":0},"end":{"line":399,"column":96}},"399":{"start":{"line":400,"column":0},"end":{"line":400,"column":35}},"400":{"start":{"line":401,"column":0},"end":{"line":401,"column":127}},"401":{"start":{"line":402,"column":0},"end":{"line":402,"column":9}},"403":{"start":{"line":404,"column":0},"end":{"line":404,"column":88}},"404":{"start":{"line":405,"column":0},"end":{"line":405,"column":51}},"405":{"start":{"line":406,"column":0},"end":{"line":406,"column":13}},"406":{"start":{"line":407,"column":0},"end":{"line":407,"column":131}},"407":{"start":{"line":408,"column":0},"end":{"line":408,"column":44}},"408":{"start":{"line":409,"column":0},"end":{"line":409,"column":37}},"409":{"start":{"line":410,"column":0},"end":{"line":410,"column":54}},"410":{"start":{"line":411,"column":0},"end":{"line":411,"column":15}},"412":{"start":{"line":413,"column":0},"end":{"line":413,"column":47}},"414":{"start":{"line":415,"column":0},"end":{"line":415,"column":65}},"415":{"start":{"line":416,"column":0},"end":{"line":416,"column":43}},"417":{"start":{"line":418,"column":0},"end":{"line":418,"column":78}},"419":{"start":{"line":420,"column":0},"end":{"line":420,"column":30}},"420":{"start":{"line":421,"column":0},"end":{"line":421,"column":118}},"421":{"start":{"line":422,"column":0},"end":{"line":422,"column":9}},"422":{"start":{"line":423,"column":0},"end":{"line":423,"column":5}},"424":{"start":{"line":425,"column":0},"end":{"line":425,"column":7}},"425":{"start":{"line":426,"column":0},"end":{"line":426,"column":40}},"426":{"start":{"line":427,"column":0},"end":{"line":427,"column":5}},"427":{"start":{"line":428,"column":0},"end":{"line":428,"column":34}},"428":{"start":{"line":429,"column":0},"end":{"line":429,"column":13}},"429":{"start":{"line":430,"column":0},"end":{"line":430,"column":90}},"430":{"start":{"line":431,"column":0},"end":{"line":431,"column":33}},"431":{"start":{"line":432,"column":0},"end":{"line":432,"column":24}},"432":{"start":{"line":433,"column":0},"end":{"line":433,"column":17}},"433":{"start":{"line":434,"column":0},"end":{"line":434,"column":25}},"434":{"start":{"line":435,"column":0},"end":{"line":435,"column":9}},"435":{"start":{"line":436,"column":0},"end":{"line":436,"column":5}},"436":{"start":{"line":437,"column":0},"end":{"line":437,"column":1}}},"s":{"0":0,"1":0,"2":0,"3":0,"4":0,"5":0,"7":0,"8":0,"9":0,"10":0,"11":0,"12":0,"13":0,"14":0,"15":0,"16":0,"17":0,"18":0,"19":0,"21":0,"22":0,"23":0,"24":0,"25":0,"26":0,"28":0,"29":0,"30":0,"31":0,"32":0,"33":0,"34":0,"35":0,"37":0,"38":0,"40":0,"41":0,"42":0,"43":0,"44":0,"45":0,"46":0,"47":0,"48":0,"49":0,"50":0,"51":0,"53":0,"54":0,"55":0,"56":0,"57":0,"58":0,"59":0,"61":0,"62":0,"63":0,"65":0,"66":0,"67":0,"68":0,"69":0,"70":0,"71":0,"72":0,"73":0,"74":0,"75":0,"77":0,"78":0,"79":0,"80":0,"81":0,"82":0,"84":0,"85":0,"86":0,"87":0,"88":0,"89":0,"90":0,"91":0,"92":0,"93":0,"94":0,"95":0,"96":0,"97":0,"99":0,"100":0,"101":0,"102":0,"103":0,"105":0,"106":0,"107":0,"108":0,"110":0,"111":0,"112":0,"113":0,"114":0,"115":0,"116":0,"117":0,"119":0,"120":0,"121":0,"122":0,"123":0,"124":0,"125":0,"126":0,"127":0,"128":0,"129":0,"130":0,"132":0,"133":0,"134":0,"135":0,"136":0,"137":0,"138":0,"140":0,"141":0,"142":0,"143":0,"144":0,"145":0,"146":0,"147":0,"148":0,"150":0,"151":0,"152":0,"153":0,"154":0,"155":0,"156":0,"157":0,"158":0,"159":0,"160":0,"161":0,"162":0,"164":0,"165":0,"166":0,"167":0,"168":0,"170":0,"171":0,"172":0,"173":0,"174":0,"175":0,"176":0,"177":0,"178":0,"180":0,"181":0,"182":0,"183":0,"184":0,"185":0,"186":0,"188":0,"189":0,"190":0,"191":0,"192":0,"193":0,"194":0,"195":0,"196":0,"197":0,"198":0,"200":0,"201":0,"202":0,"203":0,"204":0,"205":0,"206":0,"207":0,"208":0,"209":0,"210":0,"211":0,"212":0,"214":0,"215":0,"216":0,"217":0,"218":0,"219":0,"220":0,"221":0,"222":0,"224":0,"225":0,"226":0,"227":0,"228":0,"229":0,"230":0,"231":0,"233":0,"234":0,"235":0,"236":0,"237":0,"238":0,"239":0,"240":0,"241":0,"242":0,"243":0,"245":0,"246":0,"247":0,"248":0,"249":0,"251":0,"252":0,"253":0,"254":0,"255":0,"256":0,"257":0,"259":0,"260":0,"261":0,"262":0,"263":0,"264":0,"265":0,"266":0,"267":0,"268":0,"269":0,"270":0,"271":0,"272":0,"274":0,"275":0,"276":0,"277":0,"278":0,"279":0,"280":0,"281":0,"282":0,"283":0,"285":0,"286":0,"287":0,"288":0,"289":0,"291":0,"292":0,"293":0,"294":0,"295":0,"296":0,"297":0,"298":0,"299":0,"301":0,"302":0,"303":0,"304":0,"306":0,"307":0,"308":0,"309":0,"310":0,"311":0,"312":0,"313":0,"315":0,"316":0,"317":0,"318":0,"319":0,"320":0,"321":0,"322":0,"323":0,"325":0,"327":0,"328":0,"329":0,"330":0,"331":0,"332":0,"333":0,"334":0,"335":0,"336":0,"337":0,"338":0,"339":0,"340":0,"342":0,"343":0,"344":0,"345":0,"346":0,"347":0,"348":0,"349":0,"350":0,"351":0,"352":0,"353":0,"354":0,"355":0,"357":0,"358":0,"359":0,"360":0,"361":0,"362":0,"363":0,"365":0,"366":0,"367":0,"368":0,"369":0,"370":0,"372":0,"373":0,"374":0,"375":0,"377":0,"378":0,"379":0,"380":0,"381":0,"382":0,"383":0,"384":0,"385":0,"386":0,"387":0,"388":0,"389":0,"390":0,"391":0,"392":0,"393":0,"394":0,"395":0,"396":0,"398":0,"399":0,"400":0,"401":0,"403":0,"404":0,"405":0,"406":0,"407":0,"408":0,"409":0,"410":0,"412":0,"414":0,"415":0,"417":0,"419":0,"420":0,"421":0,"422":0,"424":0,"425":0,"426":0,"427":0,"428":0,"429":0,"430":0,"431":0,"432":0,"433":0,"434":0,"435":0,"436":0},"branchMap":{"0":{"type":"branch","line":1,"loc":{"start":{"line":1,"column":13911},"end":{"line":437,"column":1}},"locations":[{"start":{"line":1,"column":13911},"end":{"line":437,"column":1}}]}},"b":{"0":[0]},"fnMap":{"0":{"name":"(empty-report)","decl":{"start":{"line":1,"column":13911},"end":{"line":437,"column":1}},"loc":{"start":{"line":1,"column":13911},"end":{"line":437,"column":1}},"line":1}},"f":{"0":0}}
,"/home/ob/Development/Tools/mcp-hub/src/utils/xdg-paths.js": {"path":"/home/ob/Development/Tools/mcp-hub/src/utils/xdg-paths.js","all":false,"statementMap":{"0":{"start":{"line":1,"column":0},"end":{"line":1,"column":3}},"1":{"start":{"line":2,"column":0},"end":{"line":2,"column":73}},"2":{"start":{"line":3,"column":0},"end":{"line":3,"column":2}},"3":{"start":{"line":4,"column":0},"end":{"line":4,"column":71}},"4":{"start":{"line":5,"column":0},"end":{"line":5,"column":65}},"5":{"start":{"line":6,"column":0},"end":{"line":6,"column":3}},"6":{"start":{"line":7,"column":0},"end":{"line":7,"column":20}},"7":{"start":{"line":8,"column":0},"end":{"line":8,"column":24}},"8":{"start":{"line":9,"column":0},"end":{"line":9,"column":20}},"10":{"start":{"line":11,"column":0},"end":{"line":11,"column":3}},"11":{"start":{"line":12,"column":0},"end":{"line":12,"column":71}},"12":{"start":{"line":13,"column":0},"end":{"line":13,"column":2}},"13":{"start":{"line":14,"column":0},"end":{"line":14,"column":70}},"14":{"start":{"line":15,"column":0},"end":{"line":15,"column":66}},"15":{"start":{"line":16,"column":0},"end":{"line":16,"column":48}},"16":{"start":{"line":17,"column":0},"end":{"line":17,"column":3}},"17":{"start":{"line":18,"column":0},"end":{"line":18,"column":52}},"18":{"start":{"line":19,"column":0},"end":{"line":19,"column":31}},"19":{"start":{"line":20,"column":0},"end":{"line":20,"column":60}},"21":{"start":{"line":22,"column":0},"end":{"line":22,"column":70}},"22":{"start":{"line":23,"column":0},"end":{"line":23,"column":34}},"23":{"start":{"line":24,"column":0},"end":{"line":24,"column":22}},"24":{"start":{"line":25,"column":0},"end":{"line":25,"column":3}},"26":{"start":{"line":27,"column":0},"end":{"line":27,"column":15}},"28":{"start":{"line":29,"column":0},"end":{"line":29,"column":17}},"29":{"start":{"line":30,"column":0},"end":{"line":30,"column":16}},"30":{"start":{"line":31,"column":0},"end":{"line":31,"column":84}},"31":{"start":{"line":32,"column":0},"end":{"line":32,"column":12}},"32":{"start":{"line":33,"column":0},"end":{"line":33,"column":17}},"33":{"start":{"line":34,"column":0},"end":{"line":34,"column":85}},"34":{"start":{"line":35,"column":0},"end":{"line":35,"column":12}},"35":{"start":{"line":36,"column":0},"end":{"line":36,"column":18}},"36":{"start":{"line":37,"column":0},"end":{"line":37,"column":78}},"37":{"start":{"line":38,"column":0},"end":{"line":38,"column":12}},"38":{"start":{"line":39,"column":0},"end":{"line":39,"column":12}},"39":{"start":{"line":40,"column":0},"end":{"line":40,"column":61}},"40":{"start":{"line":41,"column":0},"end":{"line":41,"column":3}},"42":{"start":{"line":43,"column":0},"end":{"line":43,"column":48}},"43":{"start":{"line":44,"column":0},"end":{"line":44,"column":1}},"45":{"start":{"line":46,"column":0},"end":{"line":46,"column":3}},"46":{"start":{"line":47,"column":0},"end":{"line":47,"column":77}},"47":{"start":{"line":48,"column":0},"end":{"line":48,"column":45}},"48":{"start":{"line":49,"column":0},"end":{"line":49,"column":3}},"49":{"start":{"line":50,"column":0},"end":{"line":50,"column":35}},"50":{"start":{"line":51,"column":0},"end":{"line":51,"column":42}},"51":{"start":{"line":52,"column":0},"end":{"line":52,"column":1}},"53":{"start":{"line":54,"column":0},"end":{"line":54,"column":3}},"54":{"start":{"line":55,"column":0},"end":{"line":55,"column":79}},"55":{"start":{"line":56,"column":0},"end":{"line":56,"column":46}},"56":{"start":{"line":57,"column":0},"end":{"line":57,"column":3}},"57":{"start":{"line":58,"column":0},"end":{"line":58,"column":37}},"58":{"start":{"line":59,"column":0},"end":{"line":59,"column":42}},"59":{"start":{"line":60,"column":0},"end":{"line":60,"column":1}},"61":{"start":{"line":62,"column":0},"end":{"line":62,"column":3}},"62":{"start":{"line":63,"column":0},"end":{"line":63,"column":72}},"63":{"start":{"line":64,"column":0},"end":{"line":64,"column":40}},"64":{"start":{"line":65,"column":0},"end":{"line":65,"column":3}},"65":{"start":{"line":66,"column":0},"end":{"line":66,"column":36}},"66":{"start":{"line":67,"column":0},"end":{"line":67,"column":33}},"67":{"start":{"line":68,"column":0},"end":{"line":68,"column":1}},"69":{"start":{"line":70,"column":0},"end":{"line":70,"column":3}},"70":{"start":{"line":71,"column":0},"end":{"line":71,"column":74}},"71":{"start":{"line":72,"column":0},"end":{"line":72,"column":40}},"72":{"start":{"line":73,"column":0},"end":{"line":73,"column":3}},"73":{"start":{"line":74,"column":0},"end":{"line":74,"column":37}},"74":{"start":{"line":75,"column":0},"end":{"line":75,"column":34}},"75":{"start":{"line":76,"column":0},"end":{"line":76,"column":1}}},"s":{"0":1,"1":1,"2":1,"3":1,"4":1,"5":1,"6":1,"7":1,"8":1,"10":1,"11":1,"12":1,"13":1,"14":1,"15":1,"16":1,"17":1,"18":68,"19":68,"21":68,"22":68,"23":0,"24":0,"26":68,"28":68,"29":68,"30":24,"31":24,"32":68,"33":44,"34":44,"35":68,"36":0,"37":0,"38":68,"39":0,"40":68,"42":68,"43":68,"45":1,"46":1,"47":1,"48":1,"49":1,"50":8,"51":8,"53":1,"54":1,"55":1,"56":1,"57":1,"58":1,"59":1,"61":1,"62":1,"63":1,"64":1,"65":1,"66":23,"67":23,"69":1,"70":1,"71":1,"72":1,"73":1,"74":36,"75":36},"branchMap":{"0":{"type":"branch","line":18,"loc":{"start":{"line":18,"column":7},"end":{"line":44,"column":1}},"locations":[{"start":{"line":18,"column":7},"end":{"line":44,"column":1}}]},"1":{"type":"branch","line":23,"loc":{"start":{"line":23,"column":33},"end":{"line":25,"column":3}},"locations":[{"start":{"line":23,"column":33},"end":{"line":25,"column":3}}]},"2":{"type":"branch","line":30,"loc":{"start":{"line":30,"column":4},"end":{"line":32,"column":12}},"locations":[{"start":{"line":30,"column":4},"end":{"line":32,"column":12}}]},"3":{"type":"branch","line":31,"loc":{"start":{"line":31,"column":43},"end":{"line":31,"column":83}},"locations":[{"start":{"line":31,"column":43},"end":{"line":31,"column":83}}]},"4":{"type":"branch","line":33,"loc":{"start":{"line":33,"column":4},"end":{"line":35,"column":12}},"locations":[{"start":{"line":33,"column":4},"end":{"line":35,"column":12}}]},"5":{"type":"branch","line":36,"loc":{"start":{"line":36,"column":4},"end":{"line":38,"column":12}},"locations":[{"start":{"line":36,"column":4},"end":{"line":38,"column":12}}]},"6":{"type":"branch","line":39,"loc":{"start":{"line":39,"column":4},"end":{"line":40,"column":61}},"locations":[{"start":{"line":39,"column":4},"end":{"line":40,"column":61}}]},"7":{"type":"branch","line":50,"loc":{"start":{"line":50,"column":7},"end":{"line":52,"column":1}},"locations":[{"start":{"line":50,"column":7},"end":{"line":52,"column":1}}]},"8":{"type":"branch","line":58,"loc":{"start":{"line":58,"column":7},"end":{"line":60,"column":1}},"locations":[{"start":{"line":58,"column":7},"end":{"line":60,"column":1}}]},"9":{"type":"branch","line":66,"loc":{"start":{"line":66,"column":7},"end":{"line":68,"column":1}},"locations":[{"start":{"line":66,"column":7},"end":{"line":68,"column":1}}]},"10":{"type":"branch","line":74,"loc":{"start":{"line":74,"column":7},"end":{"line":76,"column":1}},"locations":[{"start":{"line":74,"column":7},"end":{"line":76,"column":1}}]}},"b":{"0":[68],"1":[0],"2":[24],"3":[23],"4":[44],"5":[0],"6":[0],"7":[8],"8":[1],"9":[23],"10":[36]},"fnMap":{"0":{"name":"getXDGDirectory","decl":{"start":{"line":18,"column":7},"end":{"line":44,"column":1}},"loc":{"start":{"line":18,"column":7},"end":{"line":44,"column":1}},"line":18},"1":{"name":"getLogDirectory","decl":{"start":{"line":50,"column":7},"end":{"line":52,"column":1}},"loc":{"start":{"line":50,"column":7},"end":{"line":52,"column":1}},"line":50},"2":{"name":"getCacheDirectory","decl":{"start":{"line":58,"column":7},"end":{"line":60,"column":1}},"loc":{"start":{"line":58,"column":7},"end":{"line":60,"column":1}},"line":58},"3":{"name":"getDataDirectory","decl":{"start":{"line":66,"column":7},"end":{"line":68,"column":1}},"loc":{"start":{"line":66,"column":7},"end":{"line":68,"column":1}},"line":66},"4":{"name":"getStateDirectory","decl":{"start":{"line":74,"column":7},"end":{"line":76,"column":1}},"loc":{"start":{"line":74,"column":7},"end":{"line":76,"column":1}},"line":74}},"f":{"0":68,"1":8,"2":1,"3":23,"4":36}}
}
