{"/home/ob/Development/Tools/mcp-hub/src/MCPConnection.js": {"path":"/home/ob/Development/Tools/mcp-hub/src/MCPConnection.js","statementMap":{"0":{"start":{"line":40,"column":25},"end":{"line":40,"column":42}},"1":{"start":{"line":69,"column":4},"end":{"line":69,"column":null}},"2":{"start":{"line":70,"column":4},"end":{"line":70,"column":21}},"3":{"start":{"line":73,"column":4},"end":{"line":73,"column":null}},"4":{"start":{"line":74,"column":4},"end":{"line":74,"column":null}},"5":{"start":{"line":75,"column":4},"end":{"line":75,"column":null}},"6":{"start":{"line":78,"column":4},"end":{"line":78,"column":null}},"7":{"start":{"line":81,"column":4},"end":{"line":81,"column":28}},"8":{"start":{"line":82,"column":28},"end":{"line":82,"column":null}},"9":{"start":{"line":83,"column":4},"end":{"line":95,"column":null}},"10":{"start":{"line":84,"column":19},"end":{"line":86,"column":7}},"11":{"start":{"line":85,"column":18},"end":{"line":85,"column":null}},"12":{"start":{"line":87,"column":6},"end":{"line":94,"column":null}},"13":{"start":{"line":88,"column":8},"end":{"line":88,"column":null}},"14":{"start":{"line":89,"column":8},"end":{"line":89,"column":null}},"15":{"start":{"line":90,"column":8},"end":{"line":93,"column":null}},"16":{"start":{"line":96,"column":4},"end":{"line":96,"column":null}},"17":{"start":{"line":97,"column":4},"end":{"line":97,"column":null}},"18":{"start":{"line":98,"column":4},"end":{"line":98,"column":null}},"19":{"start":{"line":99,"column":4},"end":{"line":99,"column":null}},"20":{"start":{"line":100,"column":4},"end":{"line":100,"column":37}},"21":{"start":{"line":101,"column":4},"end":{"line":101,"column":null}},"22":{"start":{"line":102,"column":4},"end":{"line":102,"column":null}},"23":{"start":{"line":103,"column":4},"end":{"line":103,"column":null}},"24":{"start":{"line":104,"column":4},"end":{"line":104,"column":null}},"25":{"start":{"line":105,"column":4},"end":{"line":105,"column":null}},"26":{"start":{"line":106,"column":4},"end":{"line":106,"column":null}},"27":{"start":{"line":107,"column":4},"end":{"line":107,"column":null}},"28":{"start":{"line":108,"column":4},"end":{"line":108,"column":null}},"29":{"start":{"line":109,"column":4},"end":{"line":109,"column":null}},"30":{"start":{"line":110,"column":4},"end":{"line":110,"column":null}},"31":{"start":{"line":111,"column":4},"end":{"line":111,"column":null}},"32":{"start":{"line":112,"column":4},"end":{"line":112,"column":27}},"33":{"start":{"line":116,"column":4},"end":{"line":116,"column":null}},"34":{"start":{"line":117,"column":4},"end":{"line":117,"column":null}},"35":{"start":{"line":118,"column":4},"end":{"line":145,"column":null}},"36":{"start":{"line":119,"column":6},"end":{"line":144,"column":null}},"37":{"start":{"line":121,"column":26},"end":{"line":124,"column":9}},"38":{"start":{"line":127,"column":8},"end":{"line":138,"column":null}},"39":{"start":{"line":128,"column":10},"end":{"line":128,"column":null}},"40":{"start":{"line":129,"column":10},"end":{"line":129,"column":null}},"41":{"start":{"line":130,"column":10},"end":{"line":133,"column":null}},"42":{"start":{"line":135,"column":10},"end":{"line":137,"column":null}},"43":{"start":{"line":141,"column":8},"end":{"line":143,"column":null}},"44":{"start":{"line":148,"column":4},"end":{"line":151,"column":null}},"45":{"start":{"line":149,"column":6},"end":{"line":149,"column":null}},"46":{"start":{"line":150,"column":6},"end":{"line":150,"column":null}},"47":{"start":{"line":150,"column":51},"end":{"line":150,"column":84}},"48":{"start":{"line":163,"column":4},"end":{"line":167,"column":null}},"49":{"start":{"line":164,"column":6},"end":{"line":164,"column":null}},"50":{"start":{"line":165,"column":6},"end":{"line":165,"column":null}},"51":{"start":{"line":166,"column":6},"end":{"line":166,"column":null}},"52":{"start":{"line":170,"column":4},"end":{"line":172,"column":null}},"53":{"start":{"line":171,"column":6},"end":{"line":171,"column":null}},"54":{"start":{"line":174,"column":4},"end":{"line":174,"column":null}},"55":{"start":{"line":175,"column":4},"end":{"line":175,"column":null}},"56":{"start":{"line":185,"column":4},"end":{"line":189,"column":null}},"57":{"start":{"line":186,"column":6},"end":{"line":186,"column":null}},"58":{"start":{"line":187,"column":6},"end":{"line":187,"column":null}},"59":{"start":{"line":188,"column":6},"end":{"line":188,"column":null}},"60":{"start":{"line":192,"column":4},"end":{"line":192,"column":null}},"61":{"start":{"line":195,"column":4},"end":{"line":195,"column":null}},"62":{"start":{"line":205,"column":4},"end":{"line":207,"column":null}},"63":{"start":{"line":206,"column":6},"end":{"line":206,"column":null}},"64":{"start":{"line":208,"column":4},"end":{"line":208,"column":null}},"65":{"start":{"line":223,"column":4},"end":{"line":225,"column":null}},"66":{"start":{"line":224,"column":6},"end":{"line":224,"column":null}},"67":{"start":{"line":226,"column":4},"end":{"line":228,"column":null}},"68":{"start":{"line":227,"column":6},"end":{"line":227,"column":null}},"69":{"start":{"line":229,"column":4},"end":{"line":234,"column":null}},"70":{"start":{"line":230,"column":6},"end":{"line":230,"column":null}},"71":{"start":{"line":231,"column":6},"end":{"line":231,"column":34}},"72":{"start":{"line":232,"column":6},"end":{"line":232,"column":null}},"73":{"start":{"line":233,"column":6},"end":{"line":233,"column":null}},"74":{"start":{"line":236,"column":4},"end":{"line":236,"column":null}},"75":{"start":{"line":237,"column":4},"end":{"line":237,"column":null}},"76":{"start":{"line":238,"column":4},"end":{"line":238,"column":null}},"77":{"start":{"line":241,"column":27},"end":{"line":243,"column":6}},"78":{"start":{"line":245,"column":4},"end":{"line":321,"column":null}},"79":{"start":{"line":247,"column":6},"end":{"line":291,"column":null}},"80":{"start":{"line":248,"column":8},"end":{"line":248,"column":null}},"81":{"start":{"line":249,"column":8},"end":{"line":249,"column":null}},"82":{"start":{"line":250,"column":8},"end":{"line":252,"column":null}},"83":{"start":{"line":255,"column":8},"end":{"line":290,"column":null}},"84":{"start":{"line":256,"column":10},"end":{"line":256,"column":null}},"85":{"start":{"line":257,"column":10},"end":{"line":257,"column":null}},"86":{"start":{"line":258,"column":10},"end":{"line":258,"column":null}},"87":{"start":{"line":259,"column":10},"end":{"line":261,"column":null}},"88":{"start":{"line":263,"column":10},"end":{"line":289,"column":null}},"89":{"start":{"line":265,"column":12},"end":{"line":277,"column":null}},"90":{"start":{"line":266,"column":14},"end":{"line":266,"column":null}},"91":{"start":{"line":267,"column":14},"end":{"line":267,"column":null}},"92":{"start":{"line":268,"column":14},"end":{"line":268,"column":null}},"93":{"start":{"line":270,"column":14},"end":{"line":270,"column":null}},"94":{"start":{"line":271,"column":14},"end":{"line":271,"column":null}},"95":{"start":{"line":272,"column":14},"end":{"line":272,"column":null}},"96":{"start":{"line":273,"column":14},"end":{"line":273,"column":null}},"97":{"start":{"line":274,"column":14},"end":{"line":276,"column":null}},"98":{"start":{"line":281,"column":12},"end":{"line":288,"column":null}},"99":{"start":{"line":282,"column":14},"end":{"line":282,"column":null}},"100":{"start":{"line":283,"column":14},"end":{"line":283,"column":null}},"101":{"start":{"line":284,"column":14},"end":{"line":284,"column":null}},"102":{"start":{"line":286,"column":14},"end":{"line":286,"column":null}},"103":{"start":{"line":287,"column":14},"end":{"line":287,"column":null}},"104":{"start":{"line":294,"column":6},"end":{"line":294,"column":null}},"105":{"start":{"line":295,"column":6},"end":{"line":295,"column":null}},"106":{"start":{"line":298,"column":6},"end":{"line":298,"column":null}},"107":{"start":{"line":301,"column":6},"end":{"line":301,"column":null}},"108":{"start":{"line":302,"column":6},"end":{"line":302,"column":null}},"109":{"start":{"line":303,"column":6},"end":{"line":303,"column":null}},"110":{"start":{"line":306,"column":6},"end":{"line":308,"column":null}},"111":{"start":{"line":307,"column":8},"end":{"line":307,"column":null}},"112":{"start":{"line":310,"column":6},"end":{"line":310,"column":null}},"113":{"start":{"line":313,"column":6},"end":{"line":313,"column":null}},"114":{"start":{"line":314,"column":6},"end":{"line":320,"column":null}},"115":{"start":{"line":325,"column":4},"end":{"line":325,"column":null}},"116":{"start":{"line":325,"column":22},"end":{"line":325,"column":null}},"117":{"start":{"line":329,"column":20},"end":{"line":329,"column":29}},"118":{"start":{"line":330,"column":4},"end":{"line":330,"column":null}},"119":{"start":{"line":331,"column":4},"end":{"line":331,"column":null}},"120":{"start":{"line":332,"column":4},"end":{"line":332,"column":null}},"121":{"start":{"line":333,"column":4},"end":{"line":333,"column":null}},"122":{"start":{"line":341,"column":4},"end":{"line":341,"column":null}},"123":{"start":{"line":341,"column":22},"end":{"line":341,"column":null}},"124":{"start":{"line":344,"column":4},"end":{"line":344,"column":null}},"125":{"start":{"line":347,"column":4},"end":{"line":355,"column":null}},"126":{"start":{"line":350,"column":21},"end":{"line":350,"column":46}},"127":{"start":{"line":351,"column":19},"end":{"line":351,"column":36}},"128":{"start":{"line":352,"column":20},"end":{"line":352,"column":43}},"129":{"start":{"line":353,"column":8},"end":{"line":353,"column":null}},"130":{"start":{"line":357,"column":16},"end":{"line":361,"column":5}},"131":{"start":{"line":364,"column":4},"end":{"line":389,"column":null}},"132":{"start":{"line":365,"column":6},"end":{"line":388,"column":null}},"133":{"start":{"line":366,"column":8},"end":{"line":366,"column":null}},"134":{"start":{"line":369,"column":36},"end":{"line":371,"column":9}},"135":{"start":{"line":374,"column":8},"end":{"line":387,"column":null}},"136":{"start":{"line":375,"column":30},"end":{"line":380,"column":11}},"137":{"start":{"line":381,"column":10},"end":{"line":384,"column":null}},"138":{"start":{"line":386,"column":10},"end":{"line":386,"column":null}},"139":{"start":{"line":394,"column":4},"end":{"line":396,"column":null}},"140":{"start":{"line":395,"column":6},"end":{"line":395,"column":null}},"141":{"start":{"line":398,"column":4},"end":{"line":404,"column":null}},"142":{"start":{"line":400,"column":6},"end":{"line":400,"column":null}},"143":{"start":{"line":402,"column":6},"end":{"line":402,"column":null}},"144":{"start":{"line":403,"column":6},"end":{"line":403,"column":null}},"145":{"start":{"line":409,"column":4},"end":{"line":411,"column":null}},"146":{"start":{"line":410,"column":6},"end":{"line":410,"column":null}},"147":{"start":{"line":413,"column":24},"end":{"line":421,"column":5}},"148":{"start":{"line":414,"column":6},"end":{"line":420,"column":null}},"149":{"start":{"line":415,"column":25},"end":{"line":415,"column":70}},"150":{"start":{"line":416,"column":8},"end":{"line":416,"column":null}},"151":{"start":{"line":419,"column":8},"end":{"line":419,"column":null}},"152":{"start":{"line":422,"column":16},"end":{"line":439,"column":null}},"153":{"start":{"line":441,"column":4},"end":{"line":472,"column":null}},"154":{"start":{"line":442,"column":27},"end":{"line":442,"column":67}},"155":{"start":{"line":445,"column":35},"end":{"line":445,"column":37}},"156":{"start":{"line":446,"column":6},"end":{"line":448,"column":null}},"157":{"start":{"line":447,"column":8},"end":{"line":447,"column":null}},"158":{"start":{"line":450,"column":28},"end":{"line":452,"column":8}},"159":{"start":{"line":451,"column":8},"end":{"line":451,"column":null}},"160":{"start":{"line":453,"column":6},"end":{"line":453,"column":null}},"161":{"start":{"line":456,"column":34},"end":{"line":459,"column":8}},"162":{"start":{"line":457,"column":34},"end":{"line":457,"column":60}},"163":{"start":{"line":458,"column":8},"end":{"line":458,"column":null}},"164":{"start":{"line":462,"column":6},"end":{"line":462,"column":null}},"165":{"start":{"line":467,"column":6},"end":{"line":470,"column":null}},"166":{"start":{"line":471,"column":6},"end":{"line":471,"column":null}},"167":{"start":{"line":476,"column":4},"end":{"line":480,"column":null}},"168":{"start":{"line":477,"column":6},"end":{"line":479,"column":null}},"169":{"start":{"line":481,"column":4},"end":{"line":486,"column":null}},"170":{"start":{"line":482,"column":6},"end":{"line":485,"column":null}},"171":{"start":{"line":488,"column":4},"end":{"line":494,"column":null}},"172":{"start":{"line":489,"column":6},"end":{"line":489,"column":null}},"173":{"start":{"line":491,"column":6},"end":{"line":493,"column":null}},"174":{"start":{"line":513,"column":4},"end":{"line":518,"column":null}},"175":{"start":{"line":514,"column":6},"end":{"line":517,"column":null}},"176":{"start":{"line":519,"column":4},"end":{"line":525,"column":null}},"177":{"start":{"line":520,"column":6},"end":{"line":524,"column":null}},"178":{"start":{"line":527,"column":19},"end":{"line":527,"column":66}},"179":{"start":{"line":527,"column":44},"end":{"line":527,"column":65}},"180":{"start":{"line":528,"column":4},"end":{"line":534,"column":null}},"181":{"start":{"line":529,"column":6},"end":{"line":533,"column":null}},"182":{"start":{"line":532,"column":50},"end":{"line":532,"column":56}},"183":{"start":{"line":536,"column":4},"end":{"line":542,"column":null}},"184":{"start":{"line":537,"column":6},"end":{"line":541,"column":null}},"185":{"start":{"line":544,"column":4},"end":{"line":558,"column":null}},"186":{"start":{"line":546,"column":6},"end":{"line":551,"column":null}},"187":{"start":{"line":553,"column":6},"end":{"line":557,"column":null}},"188":{"start":{"line":586,"column":4},"end":{"line":591,"column":null}},"189":{"start":{"line":587,"column":6},"end":{"line":590,"column":null}},"190":{"start":{"line":593,"column":4},"end":{"line":599,"column":null}},"191":{"start":{"line":594,"column":6},"end":{"line":598,"column":null}},"192":{"start":{"line":601,"column":17},"end":{"line":601,"column":60}},"193":{"start":{"line":601,"column":40},"end":{"line":601,"column":59}},"194":{"start":{"line":602,"column":4},"end":{"line":608,"column":null}},"195":{"start":{"line":603,"column":6},"end":{"line":607,"column":null}},"196":{"start":{"line":606,"column":46},"end":{"line":606,"column":52}},"197":{"start":{"line":611,"column":4},"end":{"line":617,"column":null}},"198":{"start":{"line":612,"column":6},"end":{"line":616,"column":null}},"199":{"start":{"line":619,"column":4},"end":{"line":637,"column":null}},"200":{"start":{"line":620,"column":6},"end":{"line":630,"column":null}},"201":{"start":{"line":632,"column":6},"end":{"line":636,"column":null}},"202":{"start":{"line":664,"column":4},"end":{"line":669,"column":null}},"203":{"start":{"line":665,"column":6},"end":{"line":668,"column":null}},"204":{"start":{"line":671,"column":4},"end":{"line":677,"column":null}},"205":{"start":{"line":672,"column":6},"end":{"line":676,"column":null}},"206":{"start":{"line":696,"column":4},"end":{"line":710,"column":null}},"207":{"start":{"line":697,"column":6},"end":{"line":704,"column":null}},"208":{"start":{"line":706,"column":6},"end":{"line":709,"column":null}},"209":{"start":{"line":722,"column":4},"end":{"line":722,"column":null}},"210":{"start":{"line":725,"column":4},"end":{"line":732,"column":null}},"211":{"start":{"line":726,"column":6},"end":{"line":730,"column":null}},"212":{"start":{"line":727,"column":8},"end":{"line":727,"column":null}},"213":{"start":{"line":729,"column":8},"end":{"line":729,"column":null}},"214":{"start":{"line":731,"column":6},"end":{"line":731,"column":null}},"215":{"start":{"line":735,"column":4},"end":{"line":751,"column":null}},"216":{"start":{"line":737,"column":6},"end":{"line":744,"column":null}},"217":{"start":{"line":738,"column":8},"end":{"line":743,"column":null}},"218":{"start":{"line":739,"column":10},"end":{"line":739,"column":null}},"219":{"start":{"line":740,"column":10},"end":{"line":740,"column":null}},"220":{"start":{"line":742,"column":10},"end":{"line":742,"column":null}},"221":{"start":{"line":745,"column":6},"end":{"line":749,"column":null}},"222":{"start":{"line":746,"column":8},"end":{"line":746,"column":null}},"223":{"start":{"line":748,"column":8},"end":{"line":748,"column":null}},"224":{"start":{"line":750,"column":6},"end":{"line":750,"column":null}},"225":{"start":{"line":754,"column":4},"end":{"line":761,"column":null}},"226":{"start":{"line":755,"column":6},"end":{"line":759,"column":null}},"227":{"start":{"line":756,"column":8},"end":{"line":756,"column":null}},"228":{"start":{"line":758,"column":8},"end":{"line":758,"column":null}},"229":{"start":{"line":760,"column":6},"end":{"line":760,"column":null}},"230":{"start":{"line":764,"column":4},"end":{"line":764,"column":null}},"231":{"start":{"line":767,"column":4},"end":{"line":776,"column":null}},"232":{"start":{"line":768,"column":6},"end":{"line":773,"column":null}},"233":{"start":{"line":769,"column":7},"end":{"line":769,"column":null}},"234":{"start":{"line":770,"column":8},"end":{"line":770,"column":null}},"235":{"start":{"line":772,"column":8},"end":{"line":772,"column":null}},"236":{"start":{"line":774,"column":6},"end":{"line":774,"column":null}},"237":{"start":{"line":775,"column":6},"end":{"line":775,"column":null}},"238":{"start":{"line":779,"column":4},"end":{"line":779,"column":null}},"239":{"start":{"line":783,"column":4},"end":{"line":783,"column":null}},"240":{"start":{"line":784,"column":4},"end":{"line":784,"column":null}},"241":{"start":{"line":785,"column":4},"end":{"line":785,"column":null}},"242":{"start":{"line":786,"column":4},"end":{"line":786,"column":null}},"243":{"start":{"line":787,"column":4},"end":{"line":787,"column":null}},"244":{"start":{"line":788,"column":4},"end":{"line":788,"column":null}},"245":{"start":{"line":789,"column":4},"end":{"line":789,"column":null}},"246":{"start":{"line":790,"column":4},"end":{"line":790,"column":null}},"247":{"start":{"line":791,"column":4},"end":{"line":791,"column":null}},"248":{"start":{"line":792,"column":4},"end":{"line":792,"column":null}},"249":{"start":{"line":793,"column":4},"end":{"line":793,"column":null}},"250":{"start":{"line":794,"column":4},"end":{"line":794,"column":null}},"251":{"start":{"line":795,"column":4},"end":{"line":795,"column":null}},"252":{"start":{"line":796,"column":4},"end":{"line":796,"column":null}},"253":{"start":{"line":807,"column":4},"end":{"line":807,"column":null}},"254":{"start":{"line":812,"column":4},"end":{"line":816,"column":null}},"255":{"start":{"line":832,"column":4},"end":{"line":834,"column":null}},"256":{"start":{"line":833,"column":6},"end":{"line":833,"column":null}},"257":{"start":{"line":836,"column":4},"end":{"line":836,"column":null}},"258":{"start":{"line":838,"column":4},"end":{"line":838,"column":null}},"259":{"start":{"line":840,"column":4},"end":{"line":840,"column":null}},"260":{"start":{"line":842,"column":4},"end":{"line":844,"column":null}},"261":{"start":{"line":858,"column":4},"end":{"line":867,"column":null}},"262":{"start":{"line":859,"column":6},"end":{"line":866,"column":null}},"263":{"start":{"line":860,"column":8},"end":{"line":860,"column":null}},"264":{"start":{"line":864,"column":8},"end":{"line":864,"column":null}},"265":{"start":{"line":865,"column":8},"end":{"line":865,"column":null}},"266":{"start":{"line":868,"column":4},"end":{"line":868,"column":null}},"267":{"start":{"line":881,"column":4},"end":{"line":883,"column":null}},"268":{"start":{"line":882,"column":6},"end":{"line":882,"column":null}},"269":{"start":{"line":885,"column":4},"end":{"line":885,"column":null}},"270":{"start":{"line":886,"column":4},"end":{"line":886,"column":null}},"271":{"start":{"line":887,"column":4},"end":{"line":887,"column":null}},"272":{"start":{"line":888,"column":4},"end":{"line":888,"column":null}},"273":{"start":{"line":909,"column":4},"end":{"line":927,"column":null}},"274":{"start":{"line":933,"column":22},"end":{"line":937,"column":5}},"275":{"start":{"line":939,"column":22},"end":{"line":945,"column":6}},"276":{"start":{"line":948,"column":25},"end":{"line":948,"column":41}},"277":{"start":{"line":949,"column":4},"end":{"line":954,"column":null}},"278":{"start":{"line":950,"column":6},"end":{"line":953,"column":null}},"279":{"start":{"line":951,"column":28},"end":{"line":951,"column":50}},"280":{"start":{"line":952,"column":8},"end":{"line":952,"column":null}},"281":{"start":{"line":955,"column":4},"end":{"line":955,"column":null}},"282":{"start":{"line":960,"column":16},"end":{"line":960,"column":43}},"283":{"start":{"line":962,"column":20},"end":{"line":971,"column":null}},"284":{"start":{"line":973,"column":22},"end":{"line":973,"column":69}},"285":{"start":{"line":975,"column":4},"end":{"line":977,"column":null}},"286":{"start":{"line":976,"column":6},"end":{"line":976,"column":null}},"287":{"start":{"line":979,"column":4},"end":{"line":979,"column":null}},"288":{"start":{"line":983,"column":16},"end":{"line":983,"column":43}},"289":{"start":{"line":986,"column":43},"end":{"line":989,"column":5}},"290":{"start":{"line":994,"column":8},"end":{"line":997,"column":null}},"291":{"start":{"line":1001,"column":4},"end":{"line":1001,"column":null}},"292":{"start":{"line":1002,"column":22},"end":{"line":1011,"column":6}},"293":{"start":{"line":1013,"column":4},"end":{"line":1015,"column":null}},"294":{"start":{"line":1014,"column":6},"end":{"line":1014,"column":null}},"295":{"start":{"line":1017,"column":4},"end":{"line":1017,"column":null}},"296":{"start":{"line":1021,"column":19},"end":{"line":1029,"column":5}},"297":{"start":{"line":1030,"column":4},"end":{"line":1034,"column":null}},"298":{"start":{"line":1033,"column":6},"end":{"line":1033,"column":null}},"299":{"start":{"line":1036,"column":4},"end":{"line":1046,"column":null}},"300":{"start":{"line":1037,"column":6},"end":{"line":1037,"column":null}},"301":{"start":{"line":1040,"column":6},"end":{"line":1040,"column":null}},"302":{"start":{"line":1042,"column":6},"end":{"line":1045,"column":null}},"303":{"start":{"line":1047,"column":4},"end":{"line":1047,"column":null}},"304":{"start":{"line":1051,"column":4},"end":{"line":1051,"column":null}},"305":{"start":{"line":1055,"column":4},"end":{"line":1055,"column":null}},"306":{"start":{"line":1056,"column":4},"end":{"line":1056,"column":null}},"307":{"start":{"line":1058,"column":4},"end":{"line":1058,"column":null}},"308":{"start":{"line":1059,"column":4},"end":{"line":1062,"column":null}},"309":{"start":{"line":1060,"column":6},"end":{"line":1060,"column":null}},"310":{"start":{"line":1061,"column":6},"end":{"line":1061,"column":null}},"311":{"start":{"line":1065,"column":4},"end":{"line":1075,"column":null}},"312":{"start":{"line":1066,"column":6},"end":{"line":1066,"column":null}},"313":{"start":{"line":1067,"column":6},"end":{"line":1067,"column":null}},"314":{"start":{"line":1068,"column":6},"end":{"line":1068,"column":null}},"315":{"start":{"line":1070,"column":6},"end":{"line":1073,"column":null}},"316":{"start":{"line":1079,"column":4},"end":{"line":1119,"column":null}},"317":{"start":{"line":1080,"column":6},"end":{"line":1080,"column":null}},"318":{"start":{"line":1083,"column":6},"end":{"line":1088,"column":null}},"319":{"start":{"line":1090,"column":6},"end":{"line":1090,"column":null}},"320":{"start":{"line":1092,"column":6},"end":{"line":1098,"column":null}},"321":{"start":{"line":1099,"column":6},"end":{"line":1099,"column":null}},"322":{"start":{"line":1101,"column":6},"end":{"line":1110,"column":null}},"323":{"start":{"line":1112,"column":6},"end":{"line":1118,"column":null}},"324":{"start":{"line":1124,"column":26},"end":{"line":1124,"column":37}},"325":{"start":{"line":1125,"column":23},"end":{"line":1125,"column":38}},"326":{"start":{"line":1127,"column":4},"end":{"line":1127,"column":null}},"327":{"start":{"line":1128,"column":4},"end":{"line":1130,"column":null}},"328":{"start":{"line":1129,"column":6},"end":{"line":1129,"column":null}},"329":{"start":{"line":1132,"column":4},"end":{"line":1132,"column":null}},"330":{"start":{"line":1134,"column":4},"end":{"line":1134,"column":null}},"331":{"start":{"line":1135,"column":4},"end":{"line":1135,"column":null}},"332":{"start":{"line":1137,"column":4},"end":{"line":1137,"column":null}}},"fnMap":{"0":{"name":"(anonymous_0)","decl":{"start":{"line":68,"column":2},"end":{"line":68,"column":13}},"loc":{"start":{"line":68,"column":74},"end":{"line":152,"column":null}},"line":68},"1":{"name":"(anonymous_1)","decl":{"start":{"line":85,"column":8},"end":{"line":85,"column":9}},"loc":{"start":{"line":85,"column":18},"end":{"line":85,"column":null}},"line":85},"2":{"name":"(anonymous_2)","decl":{"start":{"line":150,"column":41},"end":{"line":150,"column":42}},"loc":{"start":{"line":150,"column":51},"end":{"line":150,"column":84}},"line":150},"3":{"name":"(anonymous_3)","decl":{"start":{"line":161,"column":8},"end":{"line":161,"column":13}},"loc":{"start":{"line":161,"column":16},"end":{"line":176,"column":null}},"line":161},"4":{"name":"(anonymous_4)","decl":{"start":{"line":184,"column":8},"end":{"line":184,"column":12}},"loc":{"start":{"line":184,"column":30},"end":{"line":196,"column":null}},"line":184},"5":{"name":"(anonymous_5)","decl":{"start":{"line":204,"column":2},"end":{"line":204,"column":11}},"loc":{"start":{"line":204,"column":14},"end":{"line":209,"column":null}},"line":204},"6":{"name":"(anonymous_6)","decl":{"start":{"line":222,"column":8},"end":{"line":222,"column":15}},"loc":{"start":{"line":222,"column":24},"end":{"line":322,"column":null}},"line":222},"7":{"name":"(anonymous_7)","decl":{"start":{"line":324,"column":2},"end":{"line":324,"column":28}},"loc":{"start":{"line":324,"column":31},"end":{"line":334,"column":null}},"line":324},"8":{"name":"(anonymous_8)","decl":{"start":{"line":329,"column":20},"end":{"line":329,"column":21}},"loc":{"start":{"line":329,"column":26},"end":{"line":329,"column":29}},"line":329},"9":{"name":"(anonymous_9)","decl":{"start":{"line":340,"column":2},"end":{"line":340,"column":27}},"loc":{"start":{"line":340,"column":30},"end":{"line":390,"column":null}},"line":340},"10":{"name":"(anonymous_10)","decl":{"start":{"line":349,"column":6},"end":{"line":349,"column":7}},"loc":{"start":{"line":349,"column":24},"end":{"line":354,"column":null}},"line":349},"11":{"name":"(anonymous_11)","decl":{"start":{"line":364,"column":29},"end":{"line":364,"column":33}},"loc":{"start":{"line":364,"column":37},"end":{"line":389,"column":5}},"line":364},"12":{"name":"(anonymous_12)","decl":{"start":{"line":365,"column":52},"end":{"line":365,"column":57}},"loc":{"start":{"line":365,"column":64},"end":{"line":388,"column":7}},"line":365},"13":{"name":"(anonymous_13)","decl":{"start":{"line":393,"column":8},"end":{"line":393,"column":23}},"loc":{"start":{"line":393,"column":26},"end":{"line":405,"column":null}},"line":393},"14":{"name":"(anonymous_14)","decl":{"start":{"line":407,"column":8},"end":{"line":407,"column":26}},"loc":{"start":{"line":407,"column":49},"end":{"line":473,"column":null}},"line":407},"15":{"name":"(anonymous_15)","decl":{"start":{"line":413,"column":24},"end":{"line":413,"column":29}},"loc":{"start":{"line":413,"column":50},"end":{"line":421,"column":5}},"line":413},"16":{"name":"(anonymous_16)","decl":{"start":{"line":446,"column":27},"end":{"line":446,"column":31}},"loc":{"start":{"line":446,"column":35},"end":{"line":448,"column":7}},"line":446},"17":{"name":"(anonymous_17)","decl":{"start":{"line":450,"column":45},"end":{"line":450,"column":50}},"loc":{"start":{"line":450,"column":61},"end":{"line":452,"column":7}},"line":450},"18":{"name":"(anonymous_18)","decl":{"start":{"line":456,"column":54},"end":{"line":456,"column":58}},"loc":{"start":{"line":456,"column":62},"end":{"line":459,"column":7}},"line":456},"19":{"name":"(anonymous_19)","decl":{"start":{"line":475,"column":8},"end":{"line":475,"column":19}},"loc":{"start":{"line":475,"column":29},"end":{"line":495,"column":null}},"line":475},"20":{"name":"(anonymous_20)","decl":{"start":{"line":512,"column":8},"end":{"line":512,"column":17}},"loc":{"start":{"line":512,"column":53},"end":{"line":560,"column":null}},"line":512},"21":{"name":"(anonymous_21)","decl":{"start":{"line":527,"column":37},"end":{"line":527,"column":38}},"loc":{"start":{"line":527,"column":44},"end":{"line":527,"column":65}},"line":527},"22":{"name":"(anonymous_22)","decl":{"start":{"line":532,"column":43},"end":{"line":532,"column":44}},"loc":{"start":{"line":532,"column":50},"end":{"line":532,"column":56}},"line":532},"23":{"name":"(anonymous_23)","decl":{"start":{"line":585,"column":8},"end":{"line":585,"column":16}},"loc":{"start":{"line":585,"column":50},"end":{"line":638,"column":null}},"line":585},"24":{"name":"(anonymous_24)","decl":{"start":{"line":601,"column":33},"end":{"line":601,"column":34}},"loc":{"start":{"line":601,"column":40},"end":{"line":601,"column":59}},"line":601},"25":{"name":"(anonymous_25)","decl":{"start":{"line":606,"column":39},"end":{"line":606,"column":40}},"loc":{"start":{"line":606,"column":46},"end":{"line":606,"column":52}},"line":606},"26":{"name":"(anonymous_26)","decl":{"start":{"line":663,"column":8},"end":{"line":663,"column":20}},"loc":{"start":{"line":663,"column":43},"end":{"line":711,"column":null}},"line":663},"27":{"name":"(anonymous_27)","decl":{"start":{"line":720,"column":8},"end":{"line":720,"column":15}},"loc":{"start":{"line":720,"column":23},"end":{"line":780,"column":null}},"line":720},"28":{"name":"(anonymous_28)","decl":{"start":{"line":782,"column":8},"end":{"line":782,"column":18}},"loc":{"start":{"line":782,"column":26},"end":{"line":797,"column":null}},"line":782},"29":{"name":"(anonymous_29)","decl":{"start":{"line":805,"column":8},"end":{"line":805,"column":18}},"loc":{"start":{"line":805,"column":26},"end":{"line":808,"column":null}},"line":805},"30":{"name":"(anonymous_30)","decl":{"start":{"line":811,"column":2},"end":{"line":811,"column":22}},"loc":{"start":{"line":811,"column":25},"end":{"line":817,"column":null}},"line":811},"31":{"name":"(anonymous_31)","decl":{"start":{"line":831,"column":8},"end":{"line":831,"column":17}},"loc":{"start":{"line":831,"column":20},"end":{"line":845,"column":null}},"line":831},"32":{"name":"(anonymous_32)","decl":{"start":{"line":857,"column":8},"end":{"line":857,"column":17}},"loc":{"start":{"line":857,"column":20},"end":{"line":869,"column":null}},"line":857},"33":{"name":"(anonymous_33)","decl":{"start":{"line":880,"column":8},"end":{"line":880,"column":26}},"loc":{"start":{"line":880,"column":33},"end":{"line":889,"column":null}},"line":880},"34":{"name":"(anonymous_34)","decl":{"start":{"line":908,"column":2},"end":{"line":908,"column":15}},"loc":{"start":{"line":908,"column":18},"end":{"line":928,"column":null}},"line":908},"35":{"name":"(anonymous_35)","decl":{"start":{"line":930,"column":8},"end":{"line":930,"column":29}},"loc":{"start":{"line":930,"column":46},"end":{"line":956,"column":null}},"line":930},"36":{"name":"(anonymous_36)","decl":{"start":{"line":950,"column":30},"end":{"line":950,"column":31}},"loc":{"start":{"line":950,"column":40},"end":{"line":953,"column":7}},"line":950},"37":{"name":"(anonymous_37)","decl":{"start":{"line":959,"column":8},"end":{"line":959,"column":37}},"loc":{"start":{"line":959,"column":68},"end":{"line":980,"column":null}},"line":959},"38":{"name":"(anonymous_38)","decl":{"start":{"line":982,"column":8},"end":{"line":982,"column":27}},"loc":{"start":{"line":982,"column":58},"end":{"line":1018,"column":null}},"line":982},"39":{"name":"(anonymous_39)","decl":{"start":{"line":993,"column":6},"end":{"line":993,"column":17}},"loc":{"start":{"line":993,"column":32},"end":{"line":998,"column":null}},"line":993},"40":{"name":"(anonymous_40)","decl":{"start":{"line":1020,"column":2},"end":{"line":1020,"column":15}},"loc":{"start":{"line":1020,"column":18},"end":{"line":1048,"column":null}},"line":1020},"41":{"name":"(anonymous_41)","decl":{"start":{"line":1030,"column":21},"end":{"line":1030,"column":22}},"loc":{"start":{"line":1030,"column":32},"end":{"line":1034,"column":5}},"line":1030},"42":{"name":"(anonymous_42)","decl":{"start":{"line":1036,"column":21},"end":{"line":1036,"column":22}},"loc":{"start":{"line":1036,"column":27},"end":{"line":1046,"column":5}},"line":1036},"43":{"name":"(anonymous_43)","decl":{"start":{"line":1050,"column":2},"end":{"line":1050,"column":14}},"loc":{"start":{"line":1050,"column":22},"end":{"line":1052,"column":null}},"line":1050},"44":{"name":"(anonymous_44)","decl":{"start":{"line":1054,"column":8},"end":{"line":1054,"column":37}},"loc":{"start":{"line":1054,"column":40},"end":{"line":1076,"column":null}},"line":1054},"45":{"name":"(anonymous_45)","decl":{"start":{"line":1078,"column":8},"end":{"line":1078,"column":30}},"loc":{"start":{"line":1078,"column":37},"end":{"line":1120,"column":null}},"line":1078},"46":{"name":"(anonymous_46)","decl":{"start":{"line":1122,"column":8},"end":{"line":1122,"column":21}},"loc":{"start":{"line":1122,"column":24},"end":{"line":1138,"column":null}},"line":1122}},"branchMap":{"0":{"loc":{"start":{"line":68,"column":55},"end":{"line":68,"column":72}},"type":"default-arg","locations":[{"start":{"line":68,"column":70},"end":{"line":68,"column":72}}],"line":68},"1":{"loc":{"start":{"line":83,"column":4},"end":{"line":95,"column":null}},"type":"if","locations":[{"start":{"line":83,"column":4},"end":{"line":95,"column":null}},{"start":{},"end":{}}],"line":83},"2":{"loc":{"start":{"line":87,"column":6},"end":{"line":94,"column":null}},"type":"if","locations":[{"start":{"line":87,"column":6},"end":{"line":94,"column":null}},{"start":{},"end":{}}],"line":87},"3":{"loc":{"start":{"line":89,"column":28},"end":{"line":89,"column":null}},"type":"binary-expr","locations":[{"start":{"line":89,"column":28},"end":{"line":89,"column":44}},{"start":{"line":89,"column":48},"end":{"line":89,"column":null}}],"line":89},"4":{"loc":{"start":{"line":97,"column":23},"end":{"line":97,"column":null}},"type":"cond-expr","locations":[{"start":{"line":97,"column":44},"end":{"line":97,"column":62}},{"start":{"line":97,"column":65},"end":{"line":97,"column":null}}],"line":97},"5":{"loc":{"start":{"line":105,"column":18},"end":{"line":105,"column":93}},"type":"cond-expr","locations":[{"start":{"line":105,"column":36},"end":{"line":105,"column":61}},{"start":{"line":105,"column":64},"end":{"line":105,"column":93}}],"line":105},"6":{"loc":{"start":{"line":109,"column":20},"end":{"line":109,"column":44}},"type":"binary-expr","locations":[{"start":{"line":109,"column":20},"end":{"line":109,"column":35}},{"start":{"line":109,"column":39},"end":{"line":109,"column":44}}],"line":109},"7":{"loc":{"start":{"line":118,"column":4},"end":{"line":145,"column":null}},"type":"if","locations":[{"start":{"line":118,"column":4},"end":{"line":145,"column":null}},{"start":{},"end":{}}],"line":118},"8":{"loc":{"start":{"line":118,"column":8},"end":{"line":118,"column":80}},"type":"binary-expr","locations":[{"start":{"line":118,"column":8},"end":{"line":118,"column":36}},{"start":{"line":118,"column":40},"end":{"line":118,"column":80}}],"line":118},"9":{"loc":{"start":{"line":127,"column":8},"end":{"line":138,"column":null}},"type":"if","locations":[{"start":{"line":127,"column":8},"end":{"line":138,"column":null}},{"start":{"line":134,"column":15},"end":{"line":138,"column":null}}],"line":127},"10":{"loc":{"start":{"line":148,"column":4},"end":{"line":151,"column":null}},"type":"if","locations":[{"start":{"line":148,"column":4},"end":{"line":151,"column":null}},{"start":{},"end":{}}],"line":148},"11":{"loc":{"start":{"line":148,"column":8},"end":{"line":148,"column":52}},"type":"binary-expr","locations":[{"start":{"line":148,"column":8},"end":{"line":148,"column":38}},{"start":{"line":148,"column":42},"end":{"line":148,"column":52}}],"line":148},"12":{"loc":{"start":{"line":163,"column":4},"end":{"line":167,"column":null}},"type":"if","locations":[{"start":{"line":163,"column":4},"end":{"line":167,"column":null}},{"start":{},"end":{}}],"line":163},"13":{"loc":{"start":{"line":170,"column":4},"end":{"line":172,"column":null}},"type":"if","locations":[{"start":{"line":170,"column":4},"end":{"line":172,"column":null}},{"start":{},"end":{}}],"line":170},"14":{"loc":{"start":{"line":184,"column":13},"end":{"line":184,"column":28}},"type":"default-arg","locations":[{"start":{"line":184,"column":23},"end":{"line":184,"column":28}}],"line":184},"15":{"loc":{"start":{"line":185,"column":4},"end":{"line":189,"column":null}},"type":"if","locations":[{"start":{"line":185,"column":4},"end":{"line":189,"column":null}},{"start":{},"end":{}}],"line":185},"16":{"loc":{"start":{"line":205,"column":4},"end":{"line":207,"column":null}},"type":"if","locations":[{"start":{"line":205,"column":4},"end":{"line":207,"column":null}},{"start":{},"end":{}}],"line":205},"17":{"loc":{"start":{"line":205,"column":8},"end":{"line":205,"column":105}},"type":"binary-expr","locations":[{"start":{"line":205,"column":8},"end":{"line":205,"column":23}},{"start":{"line":205,"column":27},"end":{"line":205,"column":105}}],"line":205},"18":{"loc":{"start":{"line":223,"column":4},"end":{"line":225,"column":null}},"type":"if","locations":[{"start":{"line":223,"column":4},"end":{"line":225,"column":null}},{"start":{},"end":{}}],"line":223},"19":{"loc":{"start":{"line":226,"column":4},"end":{"line":228,"column":null}},"type":"if","locations":[{"start":{"line":226,"column":4},"end":{"line":228,"column":null}},{"start":{},"end":{}}],"line":226},"20":{"loc":{"start":{"line":229,"column":4},"end":{"line":234,"column":null}},"type":"if","locations":[{"start":{"line":229,"column":4},"end":{"line":234,"column":null}},{"start":{},"end":{}}],"line":229},"21":{"loc":{"start":{"line":247,"column":6},"end":{"line":291,"column":null}},"type":"if","locations":[{"start":{"line":247,"column":6},"end":{"line":291,"column":null}},{"start":{"line":253,"column":13},"end":{"line":291,"column":null}}],"line":247},"22":{"loc":{"start":{"line":265,"column":12},"end":{"line":277,"column":null}},"type":"if","locations":[{"start":{"line":265,"column":12},"end":{"line":277,"column":null}},{"start":{"line":269,"column":19},"end":{"line":277,"column":null}}],"line":265},"23":{"loc":{"start":{"line":281,"column":12},"end":{"line":288,"column":null}},"type":"if","locations":[{"start":{"line":281,"column":12},"end":{"line":288,"column":null}},{"start":{"line":285,"column":19},"end":{"line":288,"column":null}}],"line":281},"24":{"loc":{"start":{"line":306,"column":6},"end":{"line":308,"column":null}},"type":"if","locations":[{"start":{"line":306,"column":6},"end":{"line":308,"column":null}},{"start":{},"end":{}}],"line":306},"25":{"loc":{"start":{"line":325,"column":4},"end":{"line":325,"column":null}},"type":"if","locations":[{"start":{"line":325,"column":4},"end":{"line":325,"column":null}},{"start":{},"end":{}}],"line":325},"26":{"loc":{"start":{"line":341,"column":4},"end":{"line":341,"column":null}},"type":"if","locations":[{"start":{"line":341,"column":4},"end":{"line":341,"column":null}},{"start":{},"end":{}}],"line":341},"27":{"loc":{"start":{"line":350,"column":21},"end":{"line":350,"column":46}},"type":"binary-expr","locations":[{"start":{"line":350,"column":21},"end":{"line":350,"column":40}},{"start":{"line":350,"column":44},"end":{"line":350,"column":46}}],"line":350},"28":{"loc":{"start":{"line":351,"column":19},"end":{"line":351,"column":36}},"type":"binary-expr","locations":[{"start":{"line":351,"column":19},"end":{"line":351,"column":30}},{"start":{"line":351,"column":34},"end":{"line":351,"column":36}}],"line":351},"29":{"loc":{"start":{"line":352,"column":20},"end":{"line":352,"column":43}},"type":"binary-expr","locations":[{"start":{"line":352,"column":20},"end":{"line":352,"column":32}},{"start":{"line":352,"column":36},"end":{"line":352,"column":43}}],"line":352},"30":{"loc":{"start":{"line":370,"column":10},"end":{"line":370,"column":null}},"type":"cond-expr","locations":[{"start":{"line":370,"column":33},"end":{"line":370,"column":67}},{"start":{"line":370,"column":70},"end":{"line":370,"column":null}}],"line":370},"31":{"loc":{"start":{"line":374,"column":8},"end":{"line":387,"column":null}},"type":"if","locations":[{"start":{"line":374,"column":8},"end":{"line":387,"column":null}},{"start":{"line":385,"column":15},"end":{"line":387,"column":null}}],"line":374},"32":{"loc":{"start":{"line":374,"column":12},"end":{"line":374,"column":65}},"type":"binary-expr","locations":[{"start":{"line":374,"column":12},"end":{"line":374,"column":31}},{"start":{"line":374,"column":35},"end":{"line":374,"column":65}}],"line":374},"33":{"loc":{"start":{"line":375,"column":30},"end":{"line":380,"column":11}},"type":"cond-expr","locations":[{"start":{"line":375,"column":53},"end":{"line":378,"column":11}},{"start":{"line":378,"column":14},"end":{"line":380,"column":11}}],"line":375},"34":{"loc":{"start":{"line":394,"column":4},"end":{"line":396,"column":null}},"type":"if","locations":[{"start":{"line":394,"column":4},"end":{"line":396,"column":null}},{"start":{},"end":{}}],"line":394},"35":{"loc":{"start":{"line":409,"column":4},"end":{"line":411,"column":null}},"type":"if","locations":[{"start":{"line":409,"column":4},"end":{"line":411,"column":null}},{"start":{},"end":{}}],"line":409},"36":{"loc":{"start":{"line":442,"column":27},"end":{"line":442,"column":67}},"type":"binary-expr","locations":[{"start":{"line":442,"column":27},"end":{"line":442,"column":47}},{"start":{"line":442,"column":51},"end":{"line":442,"column":67}}],"line":442},"37":{"loc":{"start":{"line":447,"column":37},"end":{"line":447,"column":83}},"type":"cond-expr","locations":[{"start":{"line":447,"column":50},"end":{"line":447,"column":76}},{"start":{"line":447,"column":79},"end":{"line":447,"column":83}}],"line":447},"38":{"loc":{"start":{"line":451,"column":21},"end":{"line":451,"column":90}},"type":"binary-expr","locations":[{"start":{"line":451,"column":21},"end":{"line":451,"column":84}},{"start":{"line":451,"column":88},"end":{"line":451,"column":90}}],"line":451},"39":{"loc":{"start":{"line":476,"column":4},"end":{"line":480,"column":null}},"type":"if","locations":[{"start":{"line":476,"column":4},"end":{"line":480,"column":null}},{"start":{},"end":{}}],"line":476},"40":{"loc":{"start":{"line":481,"column":4},"end":{"line":486,"column":null}},"type":"if","locations":[{"start":{"line":481,"column":4},"end":{"line":486,"column":null}},{"start":{},"end":{}}],"line":481},"41":{"loc":{"start":{"line":513,"column":4},"end":{"line":518,"column":null}},"type":"if","locations":[{"start":{"line":513,"column":4},"end":{"line":518,"column":null}},{"start":{},"end":{}}],"line":513},"42":{"loc":{"start":{"line":519,"column":4},"end":{"line":525,"column":null}},"type":"if","locations":[{"start":{"line":519,"column":4},"end":{"line":525,"column":null}},{"start":{},"end":{}}],"line":519},"43":{"loc":{"start":{"line":528,"column":4},"end":{"line":534,"column":null}},"type":"if","locations":[{"start":{"line":528,"column":4},"end":{"line":534,"column":null}},{"start":{},"end":{}}],"line":528},"44":{"loc":{"start":{"line":536,"column":4},"end":{"line":542,"column":null}},"type":"if","locations":[{"start":{"line":536,"column":4},"end":{"line":542,"column":null}},{"start":{},"end":{}}],"line":536},"45":{"loc":{"start":{"line":536,"column":8},"end":{"line":536,"column":64}},"type":"binary-expr","locations":[{"start":{"line":536,"column":8},"end":{"line":536,"column":12}},{"start":{"line":536,"column":16},"end":{"line":536,"column":36}},{"start":{"line":536,"column":40},"end":{"line":536,"column":64}}],"line":536},"46":{"loc":{"start":{"line":586,"column":4},"end":{"line":591,"column":null}},"type":"if","locations":[{"start":{"line":586,"column":4},"end":{"line":591,"column":null}},{"start":{},"end":{}}],"line":586},"47":{"loc":{"start":{"line":593,"column":4},"end":{"line":599,"column":null}},"type":"if","locations":[{"start":{"line":593,"column":4},"end":{"line":599,"column":null}},{"start":{},"end":{}}],"line":593},"48":{"loc":{"start":{"line":602,"column":4},"end":{"line":608,"column":null}},"type":"if","locations":[{"start":{"line":602,"column":4},"end":{"line":608,"column":null}},{"start":{},"end":{}}],"line":602},"49":{"loc":{"start":{"line":611,"column":4},"end":{"line":617,"column":null}},"type":"if","locations":[{"start":{"line":611,"column":4},"end":{"line":617,"column":null}},{"start":{},"end":{}}],"line":611},"50":{"loc":{"start":{"line":611,"column":8},"end":{"line":611,"column":64}},"type":"binary-expr","locations":[{"start":{"line":611,"column":8},"end":{"line":611,"column":12}},{"start":{"line":611,"column":16},"end":{"line":611,"column":36}},{"start":{"line":611,"column":40},"end":{"line":611,"column":64}}],"line":611},"51":{"loc":{"start":{"line":664,"column":4},"end":{"line":669,"column":null}},"type":"if","locations":[{"start":{"line":664,"column":4},"end":{"line":669,"column":null}},{"start":{},"end":{}}],"line":664},"52":{"loc":{"start":{"line":671,"column":4},"end":{"line":677,"column":null}},"type":"if","locations":[{"start":{"line":671,"column":4},"end":{"line":677,"column":null}},{"start":{},"end":{}}],"line":671},"53":{"loc":{"start":{"line":725,"column":4},"end":{"line":732,"column":null}},"type":"if","locations":[{"start":{"line":725,"column":4},"end":{"line":732,"column":null}},{"start":{},"end":{}}],"line":725},"54":{"loc":{"start":{"line":735,"column":4},"end":{"line":751,"column":null}},"type":"if","locations":[{"start":{"line":735,"column":4},"end":{"line":751,"column":null}},{"start":{},"end":{}}],"line":735},"55":{"loc":{"start":{"line":737,"column":6},"end":{"line":744,"column":null}},"type":"if","locations":[{"start":{"line":737,"column":6},"end":{"line":744,"column":null}},{"start":{},"end":{}}],"line":737},"56":{"loc":{"start":{"line":754,"column":4},"end":{"line":761,"column":null}},"type":"if","locations":[{"start":{"line":754,"column":4},"end":{"line":761,"column":null}},{"start":{},"end":{}}],"line":754},"57":{"loc":{"start":{"line":767,"column":4},"end":{"line":776,"column":null}},"type":"if","locations":[{"start":{"line":767,"column":4},"end":{"line":776,"column":null}},{"start":{},"end":{}}],"line":767},"58":{"loc":{"start":{"line":789,"column":18},"end":{"line":789,"column":98}},"type":"cond-expr","locations":[{"start":{"line":789,"column":41},"end":{"line":789,"column":66}},{"start":{"line":789,"column":69},"end":{"line":789,"column":98}}],"line":789},"59":{"loc":{"start":{"line":790,"column":17},"end":{"line":790,"column":30}},"type":"binary-expr","locations":[{"start":{"line":790,"column":17},"end":{"line":790,"column":22}},{"start":{"line":790,"column":26},"end":{"line":790,"column":30}}],"line":790},"60":{"loc":{"start":{"line":793,"column":20},"end":{"line":793,"column":49}},"type":"binary-expr","locations":[{"start":{"line":793,"column":20},"end":{"line":793,"column":40}},{"start":{"line":793,"column":44},"end":{"line":793,"column":49}}],"line":793},"61":{"loc":{"start":{"line":832,"column":4},"end":{"line":834,"column":null}},"type":"if","locations":[{"start":{"line":832,"column":4},"end":{"line":834,"column":null}},{"start":{},"end":{}}],"line":832},"62":{"loc":{"start":{"line":858,"column":4},"end":{"line":867,"column":null}},"type":"if","locations":[{"start":{"line":858,"column":4},"end":{"line":867,"column":null}},{"start":{},"end":{}}],"line":858},"63":{"loc":{"start":{"line":881,"column":4},"end":{"line":883,"column":null}},"type":"if","locations":[{"start":{"line":881,"column":4},"end":{"line":883,"column":null}},{"start":{},"end":{}}],"line":881},"64":{"loc":{"start":{"line":949,"column":4},"end":{"line":954,"column":null}},"type":"if","locations":[{"start":{"line":949,"column":4},"end":{"line":954,"column":null}},{"start":{},"end":{}}],"line":949},"65":{"loc":{"start":{"line":968,"column":10},"end":{"line":968,"column":57}},"type":"binary-expr","locations":[{"start":{"line":968,"column":10},"end":{"line":968,"column":26}},{"start":{"line":968,"column":30},"end":{"line":968,"column":57}}],"line":968},"66":{"loc":{"start":{"line":975,"column":4},"end":{"line":977,"column":null}},"type":"if","locations":[{"start":{"line":975,"column":4},"end":{"line":977,"column":null}},{"start":{},"end":{}}],"line":975},"67":{"loc":{"start":{"line":995,"column":13},"end":{"line":995,"column":26}},"type":"binary-expr","locations":[{"start":{"line":995,"column":13},"end":{"line":995,"column":20}},{"start":{"line":995,"column":24},"end":{"line":995,"column":26}}],"line":995},"68":{"loc":{"start":{"line":1008,"column":10},"end":{"line":1008,"column":57}},"type":"binary-expr","locations":[{"start":{"line":1008,"column":10},"end":{"line":1008,"column":26}},{"start":{"line":1008,"column":30},"end":{"line":1008,"column":57}}],"line":1008},"69":{"loc":{"start":{"line":1013,"column":4},"end":{"line":1015,"column":null}},"type":"if","locations":[{"start":{"line":1013,"column":4},"end":{"line":1015,"column":null}},{"start":{},"end":{}}],"line":1013},"70":{"loc":{"start":{"line":1051,"column":11},"end":{"line":1051,"column":null}},"type":"binary-expr","locations":[{"start":{"line":1051,"column":11},"end":{"line":1051,"column":29}},{"start":{"line":1051,"column":33},"end":{"line":1051,"column":null}}],"line":1051},"71":{"loc":{"start":{"line":1059,"column":4},"end":{"line":1062,"column":null}},"type":"if","locations":[{"start":{"line":1059,"column":4},"end":{"line":1062,"column":null}},{"start":{},"end":{}}],"line":1059},"72":{"loc":{"start":{"line":1128,"column":4},"end":{"line":1130,"column":null}},"type":"if","locations":[{"start":{"line":1128,"column":4},"end":{"line":1130,"column":null}},{"start":{},"end":{}}],"line":1128}},"s":{"0":3,"1":80,"2":80,"3":80,"4":80,"5":80,"6":80,"7":80,"8":80,"9":80,"10":0,"11":0,"12":0,"13":0,"14":0,"15":0,"16":80,"17":80,"18":80,"19":80,"20":80,"21":80,"22":80,"23":80,"24":80,"25":80,"26":80,"27":80,"28":80,"29":80,"30":80,"31":80,"32":80,"33":80,"34":80,"35":80,"36":23,"37":23,"38":23,"39":21,"40":21,"41":21,"42":2,"43":0,"44":80,"45":0,"46":0,"47":0,"48":0,"49":0,"50":0,"51":0,"52":0,"53":0,"54":0,"55":0,"56":0,"57":0,"58":0,"59":0,"60":0,"61":0,"62":4,"63":1,"64":3,"65":65,"66":0,"67":65,"68":30,"69":65,"70":0,"71":0,"72":0,"73":0,"74":65,"75":65,"76":65,"77":65,"78":64,"79":64,"80":54,"81":52,"82":52,"83":10,"84":10,"85":10,"86":5,"87":5,"88":6,"89":6,"90":0,"91":0,"92":0,"93":6,"94":6,"95":6,"96":1,"97":1,"98":6,"99":0,"100":0,"101":0,"102":6,"103":6,"104":52,"105":52,"106":52,"107":52,"108":52,"109":52,"110":52,"111":0,"112":52,"113":12,"114":12,"115":116,"116":34,"117":82,"118":82,"119":82,"120":82,"121":82,"122":52,"123":0,"124":52,"125":52,"126":0,"127":0,"128":0,"129":0,"130":52,"131":52,"132":156,"133":0,"134":0,"135":0,"136":0,"137":0,"138":0,"139":52,"140":0,"141":52,"142":52,"143":51,"144":51,"145":53,"146":1,"147":52,"148":208,"149":208,"150":205,"151":3,"152":52,"153":52,"154":52,"155":53,"156":53,"157":208,"158":53,"159":208,"160":53,"161":52,"162":208,"163":208,"164":52,"165":0,"166":0,"167":0,"168":0,"169":0,"170":0,"171":0,"172":0,"173":0,"174":0,"175":0,"176":0,"177":0,"178":0,"179":0,"180":0,"181":0,"182":0,"183":0,"184":0,"185":0,"186":0,"187":0,"188":6,"189":1,"190":5,"191":0,"192":5,"193":3,"194":5,"195":3,"196":1,"197":2,"198":0,"199":2,"200":2,"201":1,"202":5,"203":1,"204":4,"205":0,"206":4,"207":4,"208":2,"209":64,"210":64,"211":1,"212":1,"213":1,"214":1,"215":64,"216":30,"217":1,"218":1,"219":1,"220":0,"221":30,"222":30,"223":2,"224":30,"225":64,"226":30,"227":30,"228":1,"229":30,"230":64,"231":64,"232":17,"233":17,"234":17,"235":0,"236":17,"237":17,"238":64,"239":65,"240":65,"241":65,"242":65,"243":65,"244":65,"245":65,"246":65,"247":65,"248":65,"249":65,"250":65,"251":65,"252":65,"253":31,"254":16,"255":0,"256":0,"257":0,"258":0,"259":0,"260":0,"261":1,"262":1,"263":1,"264":1,"265":1,"266":1,"267":2,"268":1,"269":1,"270":1,"271":0,"272":0,"273":4,"274":54,"275":54,"276":54,"277":54,"278":52,"279":1,"280":1,"281":52,"282":10,"283":10,"284":10,"285":10,"286":4,"287":5,"288":6,"289":6,"290":0,"291":6,"292":6,"293":6,"294":1,"295":1,"296":58,"297":58,"298":1,"299":58,"300":1,"301":1,"302":1,"303":58,"304":12,"305":0,"306":0,"307":0,"308":0,"309":0,"310":0,"311":0,"312":0,"313":0,"314":0,"315":0,"316":0,"317":0,"318":0,"319":0,"320":0,"321":0,"322":0,"323":0,"324":0,"325":0,"326":0,"327":0,"328":0,"329":0,"330":0,"331":0,"332":0},"f":{"0":80,"1":0,"2":0,"3":0,"4":0,"5":4,"6":65,"7":116,"8":0,"9":52,"10":0,"11":156,"12":0,"13":52,"14":53,"15":208,"16":208,"17":208,"18":208,"19":0,"20":0,"21":0,"22":0,"23":6,"24":3,"25":1,"26":5,"27":64,"28":65,"29":31,"30":16,"31":0,"32":1,"33":2,"34":4,"35":54,"36":1,"37":10,"38":6,"39":0,"40":58,"41":1,"42":1,"43":12,"44":0,"45":0,"46":0},"b":{"0":[80],"1":[0,80],"2":[0,0],"3":[0,0],"4":[0,80],"5":[1,79],"6":[80,79],"7":[23,57],"8":[80,58],"9":[21,2],"10":[0,80],"11":[80,57],"12":[0,0],"13":[0,0],"14":[0],"15":[0,0],"16":[1,3],"17":[4,3],"18":[0,65],"19":[30,35],"20":[0,65],"21":[54,10],"22":[0,6],"23":[0,6],"24":[0,52],"25":[34,82],"26":[0,52],"27":[0,0],"28":[0,0],"29":[0,0],"30":[0,0],"31":[0,0],"32":[0,0],"33":[0,0],"34":[0,52],"35":[1,52],"36":[52,52],"37":[208,0],"38":[208,92],"39":[0,0],"40":[0,0],"41":[0,0],"42":[0,0],"43":[0,0],"44":[0,0],"45":[0,0,0],"46":[1,5],"47":[0,5],"48":[3,2],"49":[0,2],"50":[2,2,2],"51":[1,4],"52":[0,4],"53":[1,63],"54":[30,34],"55":[1,29],"56":[30,34],"57":[17,47],"58":[0,65],"59":[65,53],"60":[65,65],"61":[0,0],"62":[1,0],"63":[1,1],"64":[52,2],"65":[10,8],"66":[4,6],"67":[0,0],"68":[6,5],"69":[1,5],"70":[12,12],"71":[0,0],"72":[0,0]},"meta":{"lastBranch":73,"lastFunction":47,"lastStatement":333,"seen":{"s:40:25:40:42":0,"f:68:2:68:13":0,"b:68:70:68:72":0,"s:69:4:69:Infinity":1,"s:70:4:70:21":2,"s:73:4:73:Infinity":3,"s:74:4:74:Infinity":4,"s:75:4:75:Infinity":5,"s:78:4:78:Infinity":6,"s:81:4:81:28":7,"s:82:28:82:Infinity":8,"b:83:4:95:Infinity:undefined:undefined:undefined:undefined":1,"s:83:4:95:Infinity":9,"s:84:19:86:7":10,"f:85:8:85:9":1,"s:85:18:85:Infinity":11,"b:87:6:94:Infinity:undefined:undefined:undefined:undefined":2,"s:87:6:94:Infinity":12,"s:88:8:88:Infinity":13,"s:89:8:89:Infinity":14,"b:89:28:89:44:89:48:89:Infinity":3,"s:90:8:93:Infinity":15,"s:96:4:96:Infinity":16,"s:97:4:97:Infinity":17,"b:97:44:97:62:97:65:97:Infinity":4,"s:98:4:98:Infinity":18,"s:99:4:99:Infinity":19,"s:100:4:100:37":20,"s:101:4:101:Infinity":21,"s:102:4:102:Infinity":22,"s:103:4:103:Infinity":23,"s:104:4:104:Infinity":24,"s:105:4:105:Infinity":25,"b:105:36:105:61:105:64:105:93":5,"s:106:4:106:Infinity":26,"s:107:4:107:Infinity":27,"s:108:4:108:Infinity":28,"s:109:4:109:Infinity":29,"b:109:20:109:35:109:39:109:44":6,"s:110:4:110:Infinity":30,"s:111:4:111:Infinity":31,"s:112:4:112:27":32,"s:116:4:116:Infinity":33,"s:117:4:117:Infinity":34,"b:118:4:145:Infinity:undefined:undefined:undefined:undefined":7,"s:118:4:145:Infinity":35,"b:118:8:118:36:118:40:118:80":8,"s:119:6:144:Infinity":36,"s:121:26:124:9":37,"b:127:8:138:Infinity:134:15:138:Infinity":9,"s:127:8:138:Infinity":38,"s:128:10:128:Infinity":39,"s:129:10:129:Infinity":40,"s:130:10:133:Infinity":41,"s:135:10:137:Infinity":42,"s:141:8:143:Infinity":43,"b:148:4:151:Infinity:undefined:undefined:undefined:undefined":10,"s:148:4:151:Infinity":44,"b:148:8:148:38:148:42:148:52":11,"s:149:6:149:Infinity":45,"s:150:6:150:Infinity":46,"f:150:41:150:42":2,"s:150:51:150:84":47,"f:161:8:161:13":3,"b:163:4:167:Infinity:undefined:undefined:undefined:undefined":12,"s:163:4:167:Infinity":48,"s:164:6:164:Infinity":49,"s:165:6:165:Infinity":50,"s:166:6:166:Infinity":51,"b:170:4:172:Infinity:undefined:undefined:undefined:undefined":13,"s:170:4:172:Infinity":52,"s:171:6:171:Infinity":53,"s:174:4:174:Infinity":54,"s:175:4:175:Infinity":55,"f:184:8:184:12":4,"b:184:23:184:28":14,"b:185:4:189:Infinity:undefined:undefined:undefined:undefined":15,"s:185:4:189:Infinity":56,"s:186:6:186:Infinity":57,"s:187:6:187:Infinity":58,"s:188:6:188:Infinity":59,"s:192:4:192:Infinity":60,"s:195:4:195:Infinity":61,"f:204:2:204:11":5,"b:205:4:207:Infinity:undefined:undefined:undefined:undefined":16,"s:205:4:207:Infinity":62,"b:205:8:205:23:205:27:205:105":17,"s:206:6:206:Infinity":63,"s:208:4:208:Infinity":64,"f:222:8:222:15":6,"b:223:4:225:Infinity:undefined:undefined:undefined:undefined":18,"s:223:4:225:Infinity":65,"s:224:6:224:Infinity":66,"b:226:4:228:Infinity:undefined:undefined:undefined:undefined":19,"s:226:4:228:Infinity":67,"s:227:6:227:Infinity":68,"b:229:4:234:Infinity:undefined:undefined:undefined:undefined":20,"s:229:4:234:Infinity":69,"s:230:6:230:Infinity":70,"s:231:6:231:34":71,"s:232:6:232:Infinity":72,"s:233:6:233:Infinity":73,"s:236:4:236:Infinity":74,"s:237:4:237:Infinity":75,"s:238:4:238:Infinity":76,"s:241:27:243:6":77,"s:245:4:321:Infinity":78,"b:247:6:291:Infinity:253:13:291:Infinity":21,"s:247:6:291:Infinity":79,"s:248:8:248:Infinity":80,"s:249:8:249:Infinity":81,"s:250:8:252:Infinity":82,"s:255:8:290:Infinity":83,"s:256:10:256:Infinity":84,"s:257:10:257:Infinity":85,"s:258:10:258:Infinity":86,"s:259:10:261:Infinity":87,"s:263:10:289:Infinity":88,"b:265:12:277:Infinity:269:19:277:Infinity":22,"s:265:12:277:Infinity":89,"s:266:14:266:Infinity":90,"s:267:14:267:Infinity":91,"s:268:14:268:Infinity":92,"s:270:14:270:Infinity":93,"s:271:14:271:Infinity":94,"s:272:14:272:Infinity":95,"s:273:14:273:Infinity":96,"s:274:14:276:Infinity":97,"b:281:12:288:Infinity:285:19:288:Infinity":23,"s:281:12:288:Infinity":98,"s:282:14:282:Infinity":99,"s:283:14:283:Infinity":100,"s:284:14:284:Infinity":101,"s:286:14:286:Infinity":102,"s:287:14:287:Infinity":103,"s:294:6:294:Infinity":104,"s:295:6:295:Infinity":105,"s:298:6:298:Infinity":106,"s:301:6:301:Infinity":107,"s:302:6:302:Infinity":108,"s:303:6:303:Infinity":109,"b:306:6:308:Infinity:undefined:undefined:undefined:undefined":24,"s:306:6:308:Infinity":110,"s:307:8:307:Infinity":111,"s:310:6:310:Infinity":112,"s:313:6:313:Infinity":113,"s:314:6:320:Infinity":114,"f:324:2:324:28":7,"b:325:4:325:Infinity:undefined:undefined:undefined:undefined":25,"s:325:4:325:Infinity":115,"s:325:22:325:Infinity":116,"s:329:20:329:29":117,"f:329:20:329:21":8,"s:330:4:330:Infinity":118,"s:331:4:331:Infinity":119,"s:332:4:332:Infinity":120,"s:333:4:333:Infinity":121,"f:340:2:340:27":9,"b:341:4:341:Infinity:undefined:undefined:undefined:undefined":26,"s:341:4:341:Infinity":122,"s:341:22:341:Infinity":123,"s:344:4:344:Infinity":124,"s:347:4:355:Infinity":125,"f:349:6:349:7":10,"s:350:21:350:46":126,"b:350:21:350:40:350:44:350:46":27,"s:351:19:351:36":127,"b:351:19:351:30:351:34:351:36":28,"s:352:20:352:43":128,"b:352:20:352:32:352:36:352:43":29,"s:353:8:353:Infinity":129,"s:357:16:361:5":130,"s:364:4:389:Infinity":131,"f:364:29:364:33":11,"s:365:6:388:Infinity":132,"f:365:52:365:57":12,"s:366:8:366:Infinity":133,"s:369:36:371:9":134,"b:370:33:370:67:370:70:370:Infinity":30,"b:374:8:387:Infinity:385:15:387:Infinity":31,"s:374:8:387:Infinity":135,"b:374:12:374:31:374:35:374:65":32,"s:375:30:380:11":136,"b:375:53:378:11:378:14:380:11":33,"s:381:10:384:Infinity":137,"s:386:10:386:Infinity":138,"f:393:8:393:23":13,"b:394:4:396:Infinity:undefined:undefined:undefined:undefined":34,"s:394:4:396:Infinity":139,"s:395:6:395:Infinity":140,"s:398:4:404:Infinity":141,"s:400:6:400:Infinity":142,"s:402:6:402:Infinity":143,"s:403:6:403:Infinity":144,"f:407:8:407:26":14,"b:409:4:411:Infinity:undefined:undefined:undefined:undefined":35,"s:409:4:411:Infinity":145,"s:410:6:410:Infinity":146,"s:413:24:421:5":147,"f:413:24:413:29":15,"s:414:6:420:Infinity":148,"s:415:25:415:70":149,"s:416:8:416:Infinity":150,"s:419:8:419:Infinity":151,"s:422:16:439:Infinity":152,"s:441:4:472:Infinity":153,"s:442:27:442:67":154,"b:442:27:442:47:442:51:442:67":36,"s:445:35:445:37":155,"s:446:6:448:Infinity":156,"f:446:27:446:31":16,"s:447:8:447:Infinity":157,"b:447:50:447:76:447:79:447:83":37,"s:450:28:452:8":158,"f:450:45:450:50":17,"s:451:8:451:Infinity":159,"b:451:21:451:84:451:88:451:90":38,"s:453:6:453:Infinity":160,"s:456:34:459:8":161,"f:456:54:456:58":18,"s:457:34:457:60":162,"s:458:8:458:Infinity":163,"s:462:6:462:Infinity":164,"s:467:6:470:Infinity":165,"s:471:6:471:Infinity":166,"f:475:8:475:19":19,"b:476:4:480:Infinity:undefined:undefined:undefined:undefined":39,"s:476:4:480:Infinity":167,"s:477:6:479:Infinity":168,"b:481:4:486:Infinity:undefined:undefined:undefined:undefined":40,"s:481:4:486:Infinity":169,"s:482:6:485:Infinity":170,"s:488:4:494:Infinity":171,"s:489:6:489:Infinity":172,"s:491:6:493:Infinity":173,"f:512:8:512:17":20,"b:513:4:518:Infinity:undefined:undefined:undefined:undefined":41,"s:513:4:518:Infinity":174,"s:514:6:517:Infinity":175,"b:519:4:525:Infinity:undefined:undefined:undefined:undefined":42,"s:519:4:525:Infinity":176,"s:520:6:524:Infinity":177,"s:527:19:527:66":178,"f:527:37:527:38":21,"s:527:44:527:65":179,"b:528:4:534:Infinity:undefined:undefined:undefined:undefined":43,"s:528:4:534:Infinity":180,"s:529:6:533:Infinity":181,"f:532:43:532:44":22,"s:532:50:532:56":182,"b:536:4:542:Infinity:undefined:undefined:undefined:undefined":44,"s:536:4:542:Infinity":183,"b:536:8:536:12:536:16:536:36:536:40:536:64":45,"s:537:6:541:Infinity":184,"s:544:4:558:Infinity":185,"s:546:6:551:Infinity":186,"s:553:6:557:Infinity":187,"f:585:8:585:16":23,"b:586:4:591:Infinity:undefined:undefined:undefined:undefined":46,"s:586:4:591:Infinity":188,"s:587:6:590:Infinity":189,"b:593:4:599:Infinity:undefined:undefined:undefined:undefined":47,"s:593:4:599:Infinity":190,"s:594:6:598:Infinity":191,"s:601:17:601:60":192,"f:601:33:601:34":24,"s:601:40:601:59":193,"b:602:4:608:Infinity:undefined:undefined:undefined:undefined":48,"s:602:4:608:Infinity":194,"s:603:6:607:Infinity":195,"f:606:39:606:40":25,"s:606:46:606:52":196,"b:611:4:617:Infinity:undefined:undefined:undefined:undefined":49,"s:611:4:617:Infinity":197,"b:611:8:611:12:611:16:611:36:611:40:611:64":50,"s:612:6:616:Infinity":198,"s:619:4:637:Infinity":199,"s:620:6:630:Infinity":200,"s:632:6:636:Infinity":201,"f:663:8:663:20":26,"b:664:4:669:Infinity:undefined:undefined:undefined:undefined":51,"s:664:4:669:Infinity":202,"s:665:6:668:Infinity":203,"b:671:4:677:Infinity:undefined:undefined:undefined:undefined":52,"s:671:4:677:Infinity":204,"s:672:6:676:Infinity":205,"s:696:4:710:Infinity":206,"s:697:6:704:Infinity":207,"s:706:6:709:Infinity":208,"f:720:8:720:15":27,"s:722:4:722:Infinity":209,"b:725:4:732:Infinity:undefined:undefined:undefined:undefined":53,"s:725:4:732:Infinity":210,"s:726:6:730:Infinity":211,"s:727:8:727:Infinity":212,"s:729:8:729:Infinity":213,"s:731:6:731:Infinity":214,"b:735:4:751:Infinity:undefined:undefined:undefined:undefined":54,"s:735:4:751:Infinity":215,"b:737:6:744:Infinity:undefined:undefined:undefined:undefined":55,"s:737:6:744:Infinity":216,"s:738:8:743:Infinity":217,"s:739:10:739:Infinity":218,"s:740:10:740:Infinity":219,"s:742:10:742:Infinity":220,"s:745:6:749:Infinity":221,"s:746:8:746:Infinity":222,"s:748:8:748:Infinity":223,"s:750:6:750:Infinity":224,"b:754:4:761:Infinity:undefined:undefined:undefined:undefined":56,"s:754:4:761:Infinity":225,"s:755:6:759:Infinity":226,"s:756:8:756:Infinity":227,"s:758:8:758:Infinity":228,"s:760:6:760:Infinity":229,"s:764:4:764:Infinity":230,"b:767:4:776:Infinity:undefined:undefined:undefined:undefined":57,"s:767:4:776:Infinity":231,"s:768:6:773:Infinity":232,"s:769:7:769:Infinity":233,"s:770:8:770:Infinity":234,"s:772:8:772:Infinity":235,"s:774:6:774:Infinity":236,"s:775:6:775:Infinity":237,"s:779:4:779:Infinity":238,"f:782:8:782:18":28,"s:783:4:783:Infinity":239,"s:784:4:784:Infinity":240,"s:785:4:785:Infinity":241,"s:786:4:786:Infinity":242,"s:787:4:787:Infinity":243,"s:788:4:788:Infinity":244,"s:789:4:789:Infinity":245,"b:789:41:789:66:789:69:789:98":58,"s:790:4:790:Infinity":246,"b:790:17:790:22:790:26:790:30":59,"s:791:4:791:Infinity":247,"s:792:4:792:Infinity":248,"s:793:4:793:Infinity":249,"b:793:20:793:40:793:44:793:49":60,"s:794:4:794:Infinity":250,"s:795:4:795:Infinity":251,"s:796:4:796:Infinity":252,"f:805:8:805:18":29,"s:807:4:807:Infinity":253,"f:811:2:811:22":30,"s:812:4:816:Infinity":254,"f:831:8:831:17":31,"b:832:4:834:Infinity:undefined:undefined:undefined:undefined":61,"s:832:4:834:Infinity":255,"s:833:6:833:Infinity":256,"s:836:4:836:Infinity":257,"s:838:4:838:Infinity":258,"s:840:4:840:Infinity":259,"s:842:4:844:Infinity":260,"f:857:8:857:17":32,"b:858:4:867:Infinity:undefined:undefined:undefined:undefined":62,"s:858:4:867:Infinity":261,"s:859:6:866:Infinity":262,"s:860:8:860:Infinity":263,"s:864:8:864:Infinity":264,"s:865:8:865:Infinity":265,"s:868:4:868:Infinity":266,"f:880:8:880:26":33,"b:881:4:883:Infinity:undefined:undefined:undefined:undefined":63,"s:881:4:883:Infinity":267,"s:882:6:882:Infinity":268,"s:885:4:885:Infinity":269,"s:886:4:886:Infinity":270,"s:887:4:887:Infinity":271,"s:888:4:888:Infinity":272,"f:908:2:908:15":34,"s:909:4:927:Infinity":273,"f:930:8:930:29":35,"s:933:22:937:5":274,"s:939:22:945:6":275,"s:948:25:948:41":276,"b:949:4:954:Infinity:undefined:undefined:undefined:undefined":64,"s:949:4:954:Infinity":277,"s:950:6:953:Infinity":278,"f:950:30:950:31":36,"s:951:28:951:50":279,"s:952:8:952:Infinity":280,"s:955:4:955:Infinity":281,"f:959:8:959:37":37,"s:960:16:960:43":282,"s:962:20:971:Infinity":283,"b:968:10:968:26:968:30:968:57":65,"s:973:22:973:69":284,"b:975:4:977:Infinity:undefined:undefined:undefined:undefined":66,"s:975:4:977:Infinity":285,"s:976:6:976:Infinity":286,"s:979:4:979:Infinity":287,"f:982:8:982:27":38,"s:983:16:983:43":288,"s:986:43:989:5":289,"f:993:6:993:17":39,"s:994:8:997:Infinity":290,"b:995:13:995:20:995:24:995:26":67,"s:1001:4:1001:Infinity":291,"s:1002:22:1011:6":292,"b:1008:10:1008:26:1008:30:1008:57":68,"b:1013:4:1015:Infinity:undefined:undefined:undefined:undefined":69,"s:1013:4:1015:Infinity":293,"s:1014:6:1014:Infinity":294,"s:1017:4:1017:Infinity":295,"f:1020:2:1020:15":40,"s:1021:19:1029:5":296,"s:1030:4:1034:Infinity":297,"f:1030:21:1030:22":41,"s:1033:6:1033:Infinity":298,"s:1036:4:1046:Infinity":299,"f:1036:21:1036:22":42,"s:1037:6:1037:Infinity":300,"s:1040:6:1040:Infinity":301,"s:1042:6:1045:Infinity":302,"s:1047:4:1047:Infinity":303,"f:1050:2:1050:14":43,"s:1051:4:1051:Infinity":304,"b:1051:11:1051:29:1051:33:1051:Infinity":70,"f:1054:8:1054:37":44,"s:1055:4:1055:Infinity":305,"s:1056:4:1056:Infinity":306,"s:1058:4:1058:Infinity":307,"b:1059:4:1062:Infinity:undefined:undefined:undefined:undefined":71,"s:1059:4:1062:Infinity":308,"s:1060:6:1060:Infinity":309,"s:1061:6:1061:Infinity":310,"s:1065:4:1075:Infinity":311,"s:1066:6:1066:Infinity":312,"s:1067:6:1067:Infinity":313,"s:1068:6:1068:Infinity":314,"s:1070:6:1073:Infinity":315,"f:1078:8:1078:30":45,"s:1079:4:1119:Infinity":316,"s:1080:6:1080:Infinity":317,"s:1083:6:1088:Infinity":318,"s:1090:6:1090:Infinity":319,"s:1092:6:1098:Infinity":320,"s:1099:6:1099:Infinity":321,"s:1101:6:1110:Infinity":322,"s:1112:6:1118:Infinity":323,"f:1122:8:1122:21":46,"s:1124:26:1124:37":324,"s:1125:23:1125:38":325,"s:1127:4:1127:Infinity":326,"b:1128:4:1130:Infinity:undefined:undefined:undefined:undefined":72,"s:1128:4:1130:Infinity":327,"s:1129:6:1129:Infinity":328,"s:1132:4:1132:Infinity":329,"s:1134:4:1134:Infinity":330,"s:1135:4:1135:Infinity":331,"s:1137:4:1137:Infinity":332}}}
,"/home/ob/Development/Tools/mcp-hub/src/MCPHub.js": {"path":"/home/ob/Development/Tools/mcp-hub/src/MCPHub.js","statementMap":{"0":{"start":{"line":13,"column":4},"end":{"line":13,"column":null}},"1":{"start":{"line":14,"column":4},"end":{"line":14,"column":null}},"2":{"start":{"line":15,"column":4},"end":{"line":15,"column":null}},"3":{"start":{"line":17,"column":25},"end":{"line":17,"column":55}},"4":{"start":{"line":18,"column":4},"end":{"line":18,"column":null}},"5":{"start":{"line":19,"column":4},"end":{"line":21,"column":null}},"6":{"start":{"line":20,"column":6},"end":{"line":20,"column":null}},"7":{"start":{"line":22,"column":4},"end":{"line":22,"column":null}},"8":{"start":{"line":23,"column":4},"end":{"line":23,"column":null}},"9":{"start":{"line":24,"column":4},"end":{"line":24,"column":null}},"10":{"start":{"line":27,"column":4},"end":{"line":46,"column":null}},"11":{"start":{"line":28,"column":6},"end":{"line":28,"column":null}},"12":{"start":{"line":30,"column":6},"end":{"line":35,"column":null}},"13":{"start":{"line":31,"column":8},"end":{"line":31,"column":null}},"14":{"start":{"line":32,"column":8},"end":{"line":34,"column":null}},"15":{"start":{"line":33,"column":10},"end":{"line":33,"column":null}},"16":{"start":{"line":37,"column":6},"end":{"line":37,"column":null}},"17":{"start":{"line":40,"column":6},"end":{"line":44,"column":null}},"18":{"start":{"line":41,"column":8},"end":{"line":43,"column":null}},"19":{"start":{"line":45,"column":6},"end":{"line":45,"column":null}},"20":{"start":{"line":50,"column":19},"end":{"line":50,"column":49}},"21":{"start":{"line":51,"column":20},"end":{"line":51,"column":60}},"22":{"start":{"line":52,"column":4},"end":{"line":52,"column":null}},"23":{"start":{"line":54,"column":4},"end":{"line":59,"column":null}},"24":{"start":{"line":61,"column":26},"end":{"line":105,"column":6}},"25":{"start":{"line":62,"column":6},"end":{"line":104,"column":null}},"26":{"start":{"line":63,"column":8},"end":{"line":69,"column":null}},"27":{"start":{"line":64,"column":10},"end":{"line":66,"column":null}},"28":{"start":{"line":68,"column":10},"end":{"line":68,"column":null}},"29":{"start":{"line":71,"column":27},"end":{"line":77,"column":9}},"30":{"start":{"line":80,"column":8},"end":{"line":80,"column":null}},"31":{"start":{"line":82,"column":8},"end":{"line":82,"column":null}},"32":{"start":{"line":83,"column":8},"end":{"line":83,"column":null}},"33":{"start":{"line":85,"column":8},"end":{"line":89,"column":null}},"34":{"start":{"line":91,"column":17},"end":{"line":91,"column":34}},"35":{"start":{"line":92,"column":8},"end":{"line":96,"column":null}},"36":{"start":{"line":98,"column":8},"end":{"line":103,"column":null}},"37":{"start":{"line":109,"column":27},"end":{"line":109,"column":66}},"38":{"start":{"line":112,"column":20},"end":{"line":129,"column":6}},"39":{"start":{"line":113,"column":6},"end":{"line":128,"column":null}},"40":{"start":{"line":114,"column":8},"end":{"line":114,"column":null}},"41":{"start":{"line":117,"column":27},"end":{"line":117,"column":59}},"42":{"start":{"line":118,"column":8},"end":{"line":122,"column":null}},"43":{"start":{"line":123,"column":8},"end":{"line":127,"column":null}},"44":{"start":{"line":131,"column":23},"end":{"line":131,"column":68}},"45":{"start":{"line":131,"column":45},"end":{"line":131,"column":67}},"46":{"start":{"line":132,"column":19},"end":{"line":132,"column":62}},"47":{"start":{"line":132,"column":41},"end":{"line":132,"column":61}},"48":{"start":{"line":133,"column":21},"end":{"line":133,"column":70}},"49":{"start":{"line":133,"column":43},"end":{"line":133,"column":69}},"50":{"start":{"line":135,"column":4},"end":{"line":141,"column":null}},"51":{"start":{"line":140,"column":39},"end":{"line":140,"column":45}},"52":{"start":{"line":145,"column":19},"end":{"line":145,"column":49}},"53":{"start":{"line":146,"column":25},"end":{"line":146,"column":50}},"54":{"start":{"line":147,"column":4},"end":{"line":149,"column":null}},"55":{"start":{"line":148,"column":6},"end":{"line":148,"column":null}},"56":{"start":{"line":151,"column":23},"end":{"line":151,"column":49}},"57":{"start":{"line":152,"column":4},"end":{"line":154,"column":null}},"58":{"start":{"line":153,"column":6},"end":{"line":153,"column":null}},"59":{"start":{"line":157,"column":4},"end":{"line":160,"column":null}},"60":{"start":{"line":158,"column":6},"end":{"line":158,"column":null}},"61":{"start":{"line":159,"column":6},"end":{"line":159,"column":null}},"62":{"start":{"line":161,"column":4},"end":{"line":161,"column":null}},"63":{"start":{"line":162,"column":4},"end":{"line":162,"column":null}},"64":{"start":{"line":166,"column":19},"end":{"line":166,"column":49}},"65":{"start":{"line":167,"column":25},"end":{"line":167,"column":50}},"66":{"start":{"line":168,"column":4},"end":{"line":170,"column":null}},"67":{"start":{"line":169,"column":6},"end":{"line":169,"column":null}},"68":{"start":{"line":173,"column":4},"end":{"line":176,"column":null}},"69":{"start":{"line":174,"column":6},"end":{"line":174,"column":null}},"70":{"start":{"line":175,"column":6},"end":{"line":175,"column":null}},"71":{"start":{"line":178,"column":23},"end":{"line":178,"column":49}},"72":{"start":{"line":179,"column":4},"end":{"line":181,"column":null}},"73":{"start":{"line":180,"column":6},"end":{"line":180,"column":null}},"74":{"start":{"line":182,"column":4},"end":{"line":182,"column":null}},"75":{"start":{"line":193,"column":4},"end":{"line":193,"column":null}},"76":{"start":{"line":196,"column":4},"end":{"line":200,"column":null}},"77":{"start":{"line":197,"column":6},"end":{"line":199,"column":null}},"78":{"start":{"line":198,"column":8},"end":{"line":198,"column":null}},"79":{"start":{"line":203,"column":4},"end":{"line":205,"column":null}},"80":{"start":{"line":204,"column":6},"end":{"line":204,"column":null}},"81":{"start":{"line":206,"column":4},"end":{"line":208,"column":null}},"82":{"start":{"line":207,"column":6},"end":{"line":207,"column":null}},"83":{"start":{"line":218,"column":4},"end":{"line":218,"column":null}},"84":{"start":{"line":218,"column":18},"end":{"line":218,"column":null}},"85":{"start":{"line":219,"column":4},"end":{"line":221,"column":null}},"86":{"start":{"line":232,"column":4},"end":{"line":232,"column":null}},"87":{"start":{"line":233,"column":4},"end":{"line":233,"column":null}},"88":{"start":{"line":243,"column":4},"end":{"line":243,"column":null}},"89":{"start":{"line":244,"column":4},"end":{"line":244,"column":34}},"90":{"start":{"line":245,"column":4},"end":{"line":245,"column":null}},"91":{"start":{"line":258,"column":4},"end":{"line":271,"column":null}},"92":{"start":{"line":259,"column":6},"end":{"line":265,"column":null}},"93":{"start":{"line":260,"column":8},"end":{"line":260,"column":null}},"94":{"start":{"line":261,"column":8},"end":{"line":261,"column":null}},"95":{"start":{"line":263,"column":8},"end":{"line":263,"column":null}},"96":{"start":{"line":264,"column":8},"end":{"line":264,"column":null}},"97":{"start":{"line":268,"column":6},"end":{"line":268,"column":null}},"98":{"start":{"line":269,"column":6},"end":{"line":269,"column":null}},"99":{"start":{"line":270,"column":6},"end":{"line":270,"column":null}},"100":{"start":{"line":275,"column":4},"end":{"line":328,"column":null}},"101":{"start":{"line":276,"column":28},"end":{"line":276,"column":62}},"102":{"start":{"line":277,"column":6},"end":{"line":277,"column":null}},"103":{"start":{"line":280,"column":6},"end":{"line":282,"column":null}},"104":{"start":{"line":281,"column":8},"end":{"line":281,"column":null}},"105":{"start":{"line":284,"column":6},"end":{"line":287,"column":null}},"106":{"start":{"line":285,"column":8},"end":{"line":285,"column":null}},"107":{"start":{"line":286,"column":8},"end":{"line":286,"column":null}},"108":{"start":{"line":289,"column":6},"end":{"line":289,"column":null}},"109":{"start":{"line":292,"column":26},"end":{"line":295,"column":8}},"110":{"start":{"line":293,"column":29},"end":{"line":293,"column":55}},"111":{"start":{"line":294,"column":8},"end":{"line":294,"column":null}},"112":{"start":{"line":298,"column":29},"end":{"line":300,"column":8}},"113":{"start":{"line":299,"column":8},"end":{"line":299,"column":null}},"114":{"start":{"line":303,"column":31},"end":{"line":307,"column":8}},"115":{"start":{"line":304,"column":29},"end":{"line":304,"column":55}},"116":{"start":{"line":305,"column":27},"end":{"line":305,"column":53}},"117":{"start":{"line":306,"column":8},"end":{"line":306,"column":null}},"118":{"start":{"line":310,"column":6},"end":{"line":314,"column":null}},"119":{"start":{"line":316,"column":6},"end":{"line":316,"column":null}},"120":{"start":{"line":318,"column":6},"end":{"line":326,"column":null}},"121":{"start":{"line":327,"column":6},"end":{"line":327,"column":null}},"122":{"start":{"line":332,"column":21},"end":{"line":332,"column":null}},"123":{"start":{"line":333,"column":4},"end":{"line":336,"column":null}},"124":{"start":{"line":334,"column":6},"end":{"line":334,"column":null}},"125":{"start":{"line":335,"column":6},"end":{"line":335,"column":null}},"126":{"start":{"line":337,"column":4},"end":{"line":337,"column":null}},"127":{"start":{"line":338,"column":4},"end":{"line":338,"column":null}},"128":{"start":{"line":342,"column":23},"end":{"line":342,"column":49}},"129":{"start":{"line":343,"column":4},"end":{"line":359,"column":null}},"130":{"start":{"line":344,"column":6},"end":{"line":357,"column":null}},"131":{"start":{"line":345,"column":8},"end":{"line":345,"column":null}},"132":{"start":{"line":348,"column":8},"end":{"line":356,"column":null}},"133":{"start":{"line":362,"column":23},"end":{"line":362,"column":56}},"134":{"start":{"line":363,"column":4},"end":{"line":363,"column":null}},"135":{"start":{"line":367,"column":4},"end":{"line":367,"column":null}},"136":{"start":{"line":370,"column":4},"end":{"line":373,"column":null}},"137":{"start":{"line":371,"column":6},"end":{"line":371,"column":null}},"138":{"start":{"line":372,"column":6},"end":{"line":372,"column":null}},"139":{"start":{"line":376,"column":4},"end":{"line":376,"column":null}},"140":{"start":{"line":378,"column":4},"end":{"line":378,"column":null}},"141":{"start":{"line":382,"column":24},"end":{"line":382,"column":59}},"142":{"start":{"line":383,"column":4},"end":{"line":385,"column":null}},"143":{"start":{"line":387,"column":20},"end":{"line":389,"column":5}},"144":{"start":{"line":388,"column":32},"end":{"line":388,"column":59}},"145":{"start":{"line":391,"column":23},"end":{"line":391,"column":70}},"146":{"start":{"line":391,"column":45},"end":{"line":391,"column":69}},"147":{"start":{"line":392,"column":19},"end":{"line":397,"column":9}},"148":{"start":{"line":393,"column":21},"end":{"line":393,"column":44}},"149":{"start":{"line":394,"column":22},"end":{"line":397,"column":7}},"150":{"start":{"line":400,"column":4},"end":{"line":410,"column":null}},"151":{"start":{"line":401,"column":6},"end":{"line":409,"column":null}},"152":{"start":{"line":412,"column":4},"end":{"line":419,"column":null}},"153":{"start":{"line":413,"column":6},"end":{"line":418,"column":null}},"154":{"start":{"line":417,"column":41},"end":{"line":417,"column":47}},"155":{"start":{"line":421,"column":4},"end":{"line":421,"column":null}},"156":{"start":{"line":425,"column":23},"end":{"line":425,"column":49}},"157":{"start":{"line":426,"column":4},"end":{"line":428,"column":null}},"158":{"start":{"line":427,"column":6},"end":{"line":427,"column":null}},"159":{"start":{"line":429,"column":4},"end":{"line":429,"column":null}},"160":{"start":{"line":433,"column":4},"end":{"line":435,"column":null}},"161":{"start":{"line":434,"column":6},"end":{"line":434,"column":null}},"162":{"start":{"line":439,"column":23},"end":{"line":439,"column":55}},"163":{"start":{"line":440,"column":4},"end":{"line":444,"column":null}},"164":{"start":{"line":441,"column":6},"end":{"line":443,"column":null}},"165":{"start":{"line":445,"column":4},"end":{"line":445,"column":null}},"166":{"start":{"line":448,"column":23},"end":{"line":448,"column":55}},"167":{"start":{"line":449,"column":4},"end":{"line":455,"column":null}},"168":{"start":{"line":450,"column":6},"end":{"line":454,"column":null}},"169":{"start":{"line":456,"column":4},"end":{"line":456,"column":null}},"170":{"start":{"line":460,"column":23},"end":{"line":460,"column":55}},"171":{"start":{"line":461,"column":4},"end":{"line":467,"column":null}},"172":{"start":{"line":462,"column":6},"end":{"line":466,"column":null}},"173":{"start":{"line":468,"column":4},"end":{"line":468,"column":null
[...]
10},"end":{"line":728,"column":null}},{"start":{"line":729,"column":10},"end":{"line":729,"column":11}}],"line":727},"43":{"loc":{"start":{"line":731,"column":23},"end":{"line":733,"column":11}},"type":"cond-expr","locations":[{"start":{"line":732,"column":10},"end":{"line":732,"column":null}},{"start":{"line":733,"column":10},"end":{"line":733,"column":11}}],"line":731},"44":{"loc":{"start":{"line":734,"column":22},"end":{"line":734,"column":61}},"type":"binary-expr","locations":[{"start":{"line":734,"column":22},"end":{"line":734,"column":55}},{"start":{"line":734,"column":59},"end":{"line":734,"column":61}}],"line":734},"45":{"loc":{"start":{"line":735,"column":25},"end":{"line":735,"column":null}},"type":"binary-expr","locations":[{"start":{"line":735,"column":25},"end":{"line":735,"column":63}},{"start":{"line":735,"column":67},"end":{"line":735,"column":null}}],"line":735},"46":{"loc":{"start":{"line":749,"column":4},"end":{"line":751,"column":null}},"type":"if","locations":[{"start":{"line":749,"column":4},"end":{"line":751,"column":null}},{"start":{},"end":{}}],"line":749},"47":{"loc":{"start":{"line":753,"column":4},"end":{"line":755,"column":null}},"type":"if","locations":[{"start":{"line":753,"column":4},"end":{"line":755,"column":null}},{"start":{},"end":{}}],"line":753},"48":{"loc":{"start":{"line":761,"column":4},"end":{"line":765,"column":null}},"type":"if","locations":[{"start":{"line":761,"column":4},"end":{"line":765,"column":null}},{"start":{},"end":{}}],"line":761},"49":{"loc":{"start":{"line":761,"column":8},"end":{"line":761,"column":69}},"type":"binary-expr","locations":[{"start":{"line":761,"column":8},"end":{"line":761,"column":44}},{"start":{"line":761,"column":48},"end":{"line":761,"column":69}}],"line":761},"50":{"loc":{"start":{"line":762,"column":6},"end":{"line":764,"column":null}},"type":"if","locations":[{"start":{"line":762,"column":6},"end":{"line":764,"column":null}},{"start":{},"end":{}}],"line":762},"51":{"loc":{"start":{"line":776,"column":81},"end":{"line":776,"column":120}},"type":"binary-expr","locations":[{"start":{"line":776,"column":81},"end":{"line":776,"column":101}},{"start":{"line":776,"column":105},"end":{"line":776,"column":120}}],"line":776},"52":{"loc":{"start":{"line":794,"column":4},"end":{"line":797,"column":null}},"type":"if","locations":[{"start":{"line":794,"column":4},"end":{"line":797,"column":null}},{"start":{},"end":{}}],"line":794},"53":{"loc":{"start":{"line":799,"column":4},"end":{"line":801,"column":null}},"type":"if","locations":[{"start":{"line":799,"column":4},"end":{"line":801,"column":null}},{"start":{},"end":{}}],"line":799}},"s":{"0":7,"1":166,"2":166,"3":166,"4":166,"5":166,"6":166,"7":166,"8":166,"9":166,"10":166,"11":166,"12":166,"13":166,"14":166,"15":166,"16":166,"17":166,"18":166,"19":166,"20":166,"21":166,"22":166,"23":37,"24":0,"25":0,"26":129,"27":6,"28":37,"29":37,"30":5,"31":5,"32":32,"33":32,"34":32,"35":32,"36":32,"37":0,"38":0,"39":0,"40":32,"41":0,"42":0,"43":24584,"44":24584,"45":5870,"46":18714,"47":24584,"48":24584,"49":3452,"50":3452,"51":13880,"52":13880,"53":1382,"54":1382,"55":0,"56":0,"57":0,"58":0,"59":18714,"60":0,"61":0,"62":0,"63":0,"64":18714,"65":16908,"66":18714,"67":18714,"68":16908,"69":18714,"70":0,"71":0,"72":4834,"73":4834,"74":0,"75":4834,"76":4834,"77":4142,"78":692,"79":692,"80":0,"81":0,"82":15199,"83":15199,"84":29919,"85":13114,"86":13114,"87":16805,"88":16805,"89":16805,"90":5978,"91":5978,"92":10827,"93":10827,"94":10827,"95":62,"96":39,"97":30,"98":30,"99":2,"100":10827,"101":62,"102":62,"103":0,"104":0,"105":62,"106":62,"107":43,"108":43,"109":39,"110":39,"111":13,"112":13,"113":2,"114":2,"115":2,"116":11,"117":11,"118":11,"119":11,"120":9,"121":9,"122":9,"123":2,"124":2,"125":11,"126":11,"127":11,"128":9,"129":16805,"130":11,"131":7,"132":7,"133":16798,"134":126045,"135":751840,"136":5971,"137":5971,"138":10827,"139":751856,"140":751856,"141":3793,"142":3793,"143":3793,"144":3793,"145":0,"146":0,"147":751856,"148":78,"149":4,"150":74,"151":32,"152":0,"153":32,"154":32,"155":32,"156":32,"157":32,"158":32,"159":353,"160":32,"161":0,"162":0,"163":0,"164":56,"165":56,"166":56,"167":56,"168":4,"169":0,"170":21,"171":5,"172":16,"173":16,"174":16,"175":16,"176":16,"177":16,"178":16,"179":16,"180":16,"181":16,"182":0,"183":0,"184":127,"185":11,"186":116,"187":0,"188":0,"189":116,"190":44,"191":72,"192":127,"193":63,"194":9,"195":9,"196":9,"197":9,"198":9,"199":9,"200":9,"201":9,"202":9,"203":119,"204":16,"205":16,"206":16,"207":35,"208":35,"209":0,"210":35,"211":0,"212":35,"213":35,"214":33,"215":31,"216":35,"217":35,"218":35,"219":35,"220":0,"221":0,"222":118,"223":15,"224":15,"225":118,"226":20},"f":{"0":166,"1":0,"2":6,"3":37,"4":0,"5":0,"6":24584,"7":4834,"8":15199,"9":29919,"10":39,"11":2,"12":62,"13":43,"14":13,"15":11,"16":11,"17":16805,"18":751856,"19":78,"20":32,"21":56,"22":0,"23":21,"24":127,"25":119,"26":16,"27":35,"28":118},"b":{"0":[166,33],"1":[166,153],"2":[37,129],"3":[5,32],"4":[0,0],"5":[24584],"6":[5870,18714],"7":[0,18714],"8":[3452,13880,1382,0,0],"9":[1382,1319],"10":[0,18714],"11":[0,0],"12":[16908,1806],"13":[16908,1806],"14":[0,4834],"15":[4834,4834],"16":[4142,692],"17":[692,0],"18":[15199,0],"19":[29919],"20":[13114,16805],"21":[5978,10827],"22":[62,10765],"23":[10827,62],"24":[30,9],"25":[0,62],"26":[2,11],"27":[7,4],"28":[5971,745869],"29":[3793,748063],"30":[4,74],"31":[0,32],"32":[0,0],"33":[4,52],"34":[5,16],"35":[21,20],"36":[11,116],"37":[0,116],"38":[44,72],"39":[72,62],"40":[63,64],"41":[13,3],"42":[13,3],"43":[0,16],"44":[16,12],"45":[16,5],"46":[0,35],"47":[0,35],"48":[33,2],"49":[35,33],"50":[31,2],"51":[35,29],"52":[15,103],"53":[20,98]},"meta":{"lastBranch":54,"lastFunction":29,"lastStatement":227,"seen":{"s:13:34:104:1":0,"f:124:2:124:13":0,"s:125:4:125:Infinity":1,"b:125:18:125:38:125:42:125:44":0,"s:126:4:126:Infinity":2,"s:129:4:129:35":3,"s:132:4:132:30":4,"s:133:4:133:Infinity":5,"s:134:4:134:Infinity":6,"s:137:4:137:Infinity":7,"s:140:4:140:Infinity":8,"s:141:4:141:Infinity":9,"b:141:26:141:68:141:72:141:74":1,"s:144:4:148:Infinity":10,"s:151:4:151:Infinity":11,"s:152:4:152:Infinity":12,"s:155:4:155:Infinity":13,"s:156:4:156:Infinity":14,"s:157:4:157:Infinity":15,"s:160:4:160:Infinity":16,"s:161:4:161:Infinity":17,"s:162:4:162:Infinity":18,"s:163:4:163:Infinity":19,"s:164:4:164:Infinity":20,"s:165:4:165:Infinity":21,"b:168:4:175:Infinity:173:11:175:Infinity":2,"s:168:4:175:Infinity":22,"s:169:6:172:Infinity":23,"f:169:64:169:67":1,"s:170:8:170:Infinity":24,"s:171:8:171:18":25,"s:174:6:174:Infinity":26,"f:183:8:183:29":2,"s:184:4:184:Infinity":27,"f:191:8:191:22":3,"s:192:4:225:Infinity":28,"b:194:6:197:Infinity:undefined:undefined:undefined:undefined":3,"s:194:6:197:Infinity":29,"s:195:8:195:Infinity":30,"s:196:8:196:Infinity":31,"s:200:6:200:Infinity":32,"s:203:22:203:42":33,"s:204:6:204:Infinity":34,"s:207:6:207:Infinity":35,"s:210:6:216:Infinity":36,"f:210:47:210:48":4,"b:211:8:215:Infinity:undefined:undefined:undefined:undefined":4,"s:211:8:215:Infinity":37,"s:212:10:214:Infinity":38,"f:212:35:212:38":5,"s:213:12:213:Infinity":39,"s:218:6:221:Infinity":40,"s:223:6:223:Infinity":41,"s:224:6:224:Infinity":42,"f:241:2:241:19":6,"b:241:59:241:61":5,"s:242:4:299:Infinity":43,"b:244:6:244:Infinity:undefined:undefined:undefined:undefined":6,"s:244:6:244:Infinity":44,"s:244:32:244:Infinity":45,"s:247:24:247:83":46,"b:247:59:247:76:247:79:247:83":7,"s:250:23:250:81":47,"b:255:8:257:Infinity:258:8:260:Infinity:261:8:264:Infinity:265:8:269:Infinity:270:8:272:Infinity":8,"s:254:6:273:Infinity":48,"s:256:10:256:Infinity":49,"s:257:10:257:Infinity":50,"s:259:10:259:Infinity":51,"s:260:10:260:Infinity":52,"s:262:10:263:Infinity":53,"b:262:19:262:51:263:19:263:51":9,"s:264:10:264:Infinity":54,"s:268:10:268:Infinity":55,"s:269:10:269:Infinity":56,"s:271:10:271:Infinity":57,"s:272:10:272:Infinity":58,"b:276:6:283:Infinity:undefined:undefined:undefined:undefined":10,"s:276:6:283:Infinity":59,"s:277:25:277:54":60,"b:278:8:282:Infinity:280:15:282:Infinity":11,"s:278:8:282:Infinity":61,"s:279:10:279:Infinity":62,"s:281:10:281:Infinity":63,"b:286:6:288:Infinity:undefined:undefined:undefined:undefined":12,"s:286:6:288:Infinity":64,"s:287:8:287:Infinity":65,"s:291:6:291:Infinity":66,"b:292:6:292:Infinity:undefined:undefined:undefined:undefined":13,"s:292:6:292:Infinity":67,"s:292:19:292:Infinity":68,"s:294:6:294:Infinity":69,"s:297:6:297:Infinity":70,"s:298:6:298:Infinity":71,"f:308:2:308:17":7,"s:309:19:309:43":72,"b:312:4:314:Infinity:undefined:undefined:undefined:undefined":14,"s:312:4:314:Infinity":73,"b:312:8:312:15:312:19:312:34":15,"s:313:6:313:Infinity":74,"s:316:21:316:56":75,"b:319:4:321:Infinity:undefined:undefined:undefined:undefined":16,"s:319:4:321:Infinity":76,"s:320:6:320:Infinity":77,"b:324:4:326:Infinity:undefined:undefined:undefined:undefined":17,"s:324:4:326:Infinity":78,"s:325:6:325:Infinity":79,"s:329:4:329:Infinity":80,"s:330:4:330:Infinity":81,"f:337:2:337:19":8,"s:338:30:338:74":82,"b:338:30:338:68:338:72:338:74":18,"s:339:4:339:Infinity":83,"f:353:2:353:17":9,"b:353:57:353:59":19,"b:355:4:358:Infinity:undefined:undefined:undefined:undefined":20,"s:355:4:358:Infinity":84,"s:356:6:356:Infinity":85,"s:357:6:357:Infinity":86,"s:360:4:360:Infinity":87,"s:363:21:363:67":88,"b:365:4:368:Infinity:undefined:undefined:undefined:undefined":21,"s:365:4:368:Infinity":89,"s:366:6:366:Infinity":90,"s:367:6:367:Infinity":91,"s:371:28:371:35":92,"s:372:4:372:Infinity":93,"b:375:4:386:Infinity:undefined:undefined:undefined:undefined":22,"s:375:4:386:Infinity":94,"b:375:8:375:46:375:50:375:64":23,"s:376:6:385:Infinity":95,"f:377:14:377:25":10,"b:378:10:381:Infinity:undefined:undefined:undefined:undefined":24,"s:378:10:381:Infinity":96,"s:379:12:379:Infinity":97,"s:380:12:380:Infinity":98,"f:383:15:383:18":11,"s:384:10:384:Infinity":99,"s:388:4:388:Infinity":100,"f:395:8:395:31":12,"s:397:19:397:59":101,"b:398:4:401:Infinity:undefined:undefined:undefined:undefined":25,"s:398:4:401:Infinity":102,"s:399:6:399:Infinity":103,"s:400:6:400:Infinity":104,"s:403:4:403:Infinity":105,"s:406:4:419:Infinity":106,"f:406:29:406:34":13,"s:407:30:407:79":107,"s:409:23:413:7":108,"s:416:6:416:Infinity":109,"s:418:6:418:Infinity":110,"f:431:8:431:24":14,"s:433:19:433:59":111,"b:434:4:438:Infinity:undefined:undefined:undefined:undefined":26,"s:434:4:438:Infinity":112,"s:435:6:435:Infinity":113,"s:436:6:436:Infinity":114,"s:437:6:437:Infinity":115,"s:440:4:440:Infinity":116,"s:442:4:459:Infinity":117,"s:443:6:443:Infinity":118,"s:446:23:446:81":119,"s:449:6:449:Infinity":120,"s:451:6:451:Infinity":121,"s:453:6:453:Infinity":122,"s:455:6:455:Infinity":123,"s:458:6:458:Infinity":124,"f:471:8:471:29":15,"s:472:4:482:Infinity":125,"f:472:29:472:34":16,"s:473:30:473:79":126,"s:475:23:479:7":127,"s:481:6:481:Infinity":128,"f:493:2:493:21":17,"s:495:4:500:Infinity":129,"b:496:6:499:Infinity:undefined:undefined:undefined:undefined":27,"s:496:6:499:Infinity":130,"s:497:8:497:Infinity":131,"s:498:8:498:Infinity":132,"s:503:4:510:Infinity":133,"s:504:6:509:Infinity":134,"b:505:8:508:Infinity:undefined:undefined:undefined:undefined":28,"s:505:8:508:Infinity":135,"s:506:10:506:Infinity":136,"s:507:10:507:Infinity":137,"s:513:4:513:Infinity":138,"f:520:2:520:17":18,"s:522:16:522:46":139,"b:524:4:538:Infinity:undefined:undefined:undefined:undefined":29,"s:524:4:538:Infinity":140,"s:525:6:537:Infinity":141,"s:527:29:530:30":142,"s:532:8:532:Infinity":143,"s:533:8:533:Infinity":144,"s:535:8:535:Infinity":145,"s:536:8:536:Infinity":146,"s:540:4:540:Infinity":147,"f:547:8:547:27":19,"b:548:4:550:Infinity:undefined:undefined:undefined:undefined":30,"s:548:4:550:Infinity":148,"s:549:6:549:Infinity":149,"s:551:4:551:Infinity":150,"f:558:8:558:21":20,"b:559:4:559:Infinity:undefined:undefined:undefined:undefined":31,"s:559:4:559:Infinity":151,"s:559:28:559:Infinity":152,"s:561:4:582:Infinity":153,"s:563:23:563:54":154,"s:564:6:564:Infinity":155,"s:567:19:567:64":156,"s:568:23:568:39":157,"s:571:6:573:Infinity":158,"s:572:8:572:Infinity":159,"s:575:6:575:Infinity":160,"b:577:6:581:Infinity:579:13:581:Infinity":32,"s:577:6:581:Infinity":161,"s:578:8:578:Infinity":162,"s:580:8:580:Infinity":163,"f:590:2:590:21":21,"s:591:4:591:Infinity":164,"s:592:4:592:Infinity":165,"s:593:4:593:Infinity":166,"b:596:4:600:Infinity:undefined:undefined:undefined:undefined":33,"s:596:4:600:Infinity":167,"s:597:6:599:Infinity":168,"f:597:31:597:34":22,"s:598:8:598:Infinity":169,"f:608:8:608:19":23,"b:609:4:609:Infinity:undefined:undefined:undefined:undefined":34,"s:609:4:609:Infinity":170,"b:609:8:609:27:609:31:609:49":35,"s:609:51:609:Infinity":171,"s:611:4:632:Infinity":172,"s:612:23:612:56":173,"s:613:23:613:49":174,"s:616:18:616:49":175,"s:617:6:617:Infinity":176,"s:620:6:620:Infinity":177,"s:623:6:623:Infinity":178,"s:625:6:625:Infinity":179,"s:626:6:626:Infinity":180,"s:628:6:628:Infinity":181,"s:630:6:630:Infinity":182,"s:631:6:631:Infinity":183,"f:642:2:642:20":24,"b:644:4:646:Infinity:undefined:undefined:undefined:undefined":36,"s:644:4:646:Infinity":184,"s:645:6:645:Infinity":185,"b:649:4:652:Infinity:undefined:undefined:undefined:undefined":37,"s:649:4:652:Infinity":186,"s:650:6:650:Infinity":187,"s:651:6:651:Infinity":188,"b:655:4:657:Infinity:undefined:undefined:undefined:undefined":38,"s:655:4:657:Infinity":189,"s:656:6:656:Infinity":190,"s:660:22:660:61":191,"b:660:22:660:53:660:57:660:61":39,"b:661:4:663:Infinity:undefined:undefined:undefined:undefined":40,"s:661:4:663:Infinity":192,"s:662:6:662:Infinity":193,"s:666:4:666:Infinity":194,"s:668:4:685:Infinity":195,"s:669:6:669:Infinity":196,"s:672:6:672:Infinity":197,"s:673:6:673:Infinity":198,"s:674:6:676:Infinity":199,"s:679:6:679:Infinity":200,"s:681:6:681:Infinity":201,"s:684:6:684:Infinity":202,"f:692:2:692:24":25,"s:693:4:693:Infinity":203,"f:713:2:713:10":26,"s:714:29:714:64":204,"s:715:32:715:73":205,"s:717:4:736:Infinity":206,"b:724:10:724:Infinity:725:10:725:11":41,"b:728:10:728:Infinity:729:10:729:11":42,"b:732:10:732:Infinity:733:10:733:11":43,"b:734:22:734:55:734:59:734:61":44,"b:735:25:735:63:735:67:735:Infinity":45,"f:745:8:745:24":27,"s:746:19:746:48":207,"b:749:4:751:Infinity:undefined:undefined:undefined:undefined":46,"s:749:4:751:Infinity":208,"s:750:6:750:Infinity":209,"b:753:4:755:Infinity:undefined:undefined:undefined:undefined":47,"s:753:4:755:Infinity":210,"s:754:6:754:Infinity":211,"s:758:27:758:98":212,"b:761:4:765:Infinity:undefined:undefined:undefined:undefined":48,"s:761:4:765:Infinity":213,"b:761:8:761:44:761:48:761:69":49,"b:762:6:764:Infinity:undefined:undefined:undefined:undefined":50,"s:762:6:764:Infinity":214,"s:763:8:763:Infinity":215,"s:768:4:782:Infinity":216,"s:769:22:774:8":217,"s:776:6:776:Infinity":218,"b:776:81:776:101:776:105:776:120":51,"s:778:6:778:Infinity":219,"s:780:6:780:Infinity":220,"s:781:6:781:Infinity":221,"f:793:8:793:16":28,"b:794:4:797:Infinity:undefined:undefined:undefined:undefined":52,"s:794:4:797:Infinity":222,"s:795:6:795:Infinity":223,"s:796:6:796:Infinity":224,"b:799:4:801:Infinity:undefined:undefined:undefined:undefined":53,"s:799:4:801:Infinity":225,"s:800:6:800:Infinity":226}}}
,"/home/ob/Development/Tools/mcp-hub/src/utils/xdg-paths.js": {"path":"/home/ob/Development/Tools/mcp-hub/src/utils/xdg-paths.js","statementMap":{"0":{"start":{"line":19,"column":18},"end":{"line":19,"column":30}},"1":{"start":{"line":20,"column":21},"end":{"line":20,"column":59}},"2":{"start":{"line":23,"column":2},"end":{"line":25,"column":null}},"3":{"start":{"line":24,"column":4},"end":{"line":24,"column":null}},"4":{"start":{"line":29,"column":2},"end":{"line":41,"column":null}},"5":{"start":{"line":31,"column":6},"end":{"line":31,"column":null}},"6":{"start":{"line":32,"column":6},"end":{"line":32,"column":null}},"7":{"start":{"line":34,"column":6},"end":{"line":34,"column":null}},"8":{"start":{"line":35,"column":6},"end":{"line":35,"column":null}},"9":{"start":{"line":37,"column":6},"end":{"line":37,"column":null}},"10":{"start":{"line":38,"column":6},"end":{"line":38,"column":null}},"11":{"start":{"line":40,"column":6},"end":{"line":40,"column":null}},"12":{"start":{"line":43,"column":2},"end":{"line":43,"column":null}},"13":{"start":{"line":51,"column":2},"end":{"line":51,"column":null}},"14":{"start":{"line":59,"column":2},"end":{"line":59,"column":null}},"15":{"start":{"line":67,"column":2},"end":{"line":67,"column":null}},"16":{"start":{"line":75,"column":2},"end":{"line":75,"column":null}}},"fnMap":{"0":{"name":"getXDGDirectory","decl":{"start":{"line":18,"column":16},"end":{"line":18,"column":31}},"loc":{"start":{"line":18,"column":51},"end":{"line":44,"column":null}},"line":18},"1":{"name":"getLogDirectory","decl":{"start":{"line":50,"column":16},"end":{"line":50,"column":31}},"loc":{"start":{"line":50,"column":34},"end":{"line":52,"column":null}},"line":50},"2":{"name":"getCacheDirectory","decl":{"start":{"line":58,"column":16},"end":{"line":58,"column":33}},"loc":{"start":{"line":58,"column":36},"end":{"line":60,"column":null}},"line":58},"3":{"name":"getDataDirectory","decl":{"start":{"line":66,"column":16},"end":{"line":66,"column":32}},"loc":{"start":{"line":66,"column":35},"end":{"line":68,"column":null}},"line":66},"4":{"name":"getStateDirectory","decl":{"start":{"line":74,"column":16},"end":{"line":74,"column":33}},"loc":{"start":{"line":74,"column":36},"end":{"line":76,"column":null}},"line":74}},"branchMap":{"0":{"loc":{"start":{"line":18,"column":38},"end":{"line":18,"column":49}},"type":"default-arg","locations":[{"start":{"line":18,"column":47},"end":{"line":18,"column":49}}],"line":18},"1":{"loc":{"start":{"line":23,"column":2},"end":{"line":25,"column":null}},"type":"if","locations":[{"start":{"line":23,"column":2},"end":{"line":25,"column":null}},{"start":{},"end":{}}],"line":23},"2":{"loc":{"start":{"line":29,"column":2},"end":{"line":41,"column":null}},"type":"switch","locations":[{"start":{"line":30,"column":4},"end":{"line":32,"column":null}},{"start":{"line":33,"column":4},"end":{"line":35,"column":null}},{"start":{"line":36,"column":4},"end":{"line":38,"column":null}},{"start":{"line":39,"column":4},"end":{"line":40,"column":null}}],"line":29},"3":{"loc":{"start":{"line":31,"column":17},"end":{"line":31,"column":83}},"type":"binary-expr","locations":[{"start":{"line":31,"column":17},"end":{"line":31,"column":42}},{"start":{"line":31,"column":46},"end":{"line":31,"column":83}}],"line":31},"4":{"loc":{"start":{"line":34,"column":17},"end":{"line":34,"column":84}},"type":"binary-expr","locations":[{"start":{"line":34,"column":17},"end":{"line":34,"column":43}},{"start":{"line":34,"column":47},"end":{"line":34,"column":84}}],"line":34},"5":{"loc":{"start":{"line":37,"column":17},"end":{"line":37,"column":77}},"type":"binary-expr","locations":[{"start":{"line":37,"column":17},"end":{"line":37,"column":44}},{"start":{"line":37,"column":48},"end":{"line":37,"column":77}}],"line":37}},"s":{"0":93,"1":93,"2":93,"3":0,"4":93,"5":24,"6":24,"7":69,"8":69,"9":0,"10":0,"11":0,"12":93,"13":37,"14":1,"15":23,"16":32},"f":{"0":93,"1":37,"2":1,"3":23,"4":32},"b":{"0":[93],"1":[0,93],"2":[24,69,0,0],"3":[24,24],"4":[69,69],"5":[0,0]},"meta":{"lastBranch":6,"lastFunction":5,"lastStatement":17,"seen":{"f:18:16:18:31":0,"b:18:47:18:49":0,"s:19:18:19:30":0,"s:20:21:20:59":1,"b:23:2:25:Infinity:undefined:undefined:undefined:undefined":1,"s:23:2:25:Infinity":2,"s:24:4:24:Infinity":3,"b:30:4:32:Infinity:33:4:35:Infinity:36:4:38:Infinity:39:4:40:Infinity":2,"s:29:2:41:Infinity":4,"s:31:6:31:Infinity":5,"b:31:17:31:42:31:46:31:83":3,"s:32:6:32:Infinity":6,"s:34:6:34:Infinity":7,"b:34:17:34:43:34:47:34:84":4,"s:35:6:35:Infinity":8,"s:37:6:37:Infinity":9,"b:37:17:37:44:37:48:37:77":5,"s:38:6:38:Infinity":10,"s:40:6:40:Infinity":11,"s:43:2:43:Infinity":12,"f:50:16:50:31":1,"s:51:2:51:Infinity":13,"f:58:16:58:33":2,"s:59:2:59:Infinity":14,"f:66:16:66:32":3,"s:67:2:67:Infinity":15,"f:74:16:74:33":4,"s:75:2:75:Infinity":16}}}
}
